Using pre-set license
Built from '2020.3/staging' branch; Version is '2020.3.18f1 (a7d1c678663c) revision 10998214'; Using compiler version '192528614'; Build Type 'Release'
OS: 'Windows 10 Pro; OS build 19042.1466; Version 2009; 64bit' Language: 'en' Physical Memory: 16217 MB
BatchMode: 1, IsHumanControllingUs: 0, StartBugReporterOnCrash: 0, Is64bit: 1, IsPro: 0

COMMAND LINE ARGUMENTS:
C:\Users\kyle-\Desktop\2020.3.18f1\Editor\Unity.exe
-adb2
-batchMode
-noUpm
-name
AssetImportWorker0
-projectPath
C:/Users/kyle-/Desktop/Projects/Game/Unity-DarkSouls
-logFile
Logs/AssetImportWorker0.log
-srvPort
62635
Successfully changed project path to: C:/Users/kyle-/Desktop/Projects/Game/Unity-DarkSouls
C:/Users/kyle-/Desktop/Projects/Game/Unity-DarkSouls
Using Asset Import Pipeline V2.
Refreshing native plugins compatible for Editor in 82.34 ms, found 2 plugins.
Preloading 0 native plugins for Editor in 0.00 ms.
Initialize engine version: 2020.3.18f1 (a7d1c678663c)
[Subsystems] Discovering subsystems at path C:/Users/kyle-/Desktop/2020.3.18f1/Editor/Data/Resources/UnitySubsystems
[Subsystems] Discovering subsystems at path C:/Users/kyle-/Desktop/Projects/Game/Unity-DarkSouls/Assets
GfxDevice: creating device client; threaded=0
Direct3D:
    Version:  Direct3D 11.0 [level 11.1]
    Renderer: Intel(R) UHD Graphics (ID=0x9b41)
    Vendor:   
    VRAM:     8108 MB
    Driver:   26.20.100.7926
Initialize mono
Mono path[0] = 'C:/Users/kyle-/Desktop/2020.3.18f1/Editor/Data/Managed'
Mono path[1] = 'C:/Users/kyle-/Desktop/2020.3.18f1/Editor/Data/MonoBleedingEdge/lib/mono/unityjit'
Mono config path = 'C:/Users/kyle-/Desktop/2020.3.18f1/Editor/Data/MonoBleedingEdge/etc'
Using monoOptions --debugger-agent=transport=dt_socket,embedding=1,server=y,suspend=n,address=127.0.0.1:56808
Begin MonoManager ReloadAssembly
Registering precompiled unity dll's ...
Register platform support module: C:/Users/kyle-/Desktop/2020.3.18f1/Editor/Data/PlaybackEngines/WindowsStandaloneSupport/UnityEditor.WindowsStandalone.Extensions.dll
Registered in 0.005574 seconds.
Native extension for WindowsStandalone target not found
Refreshing native plugins compatible for Editor in 83.51 ms, found 2 plugins.
Preloading 0 native plugins for Editor in 0.00 ms.
Mono: successfully reloaded assembly
- Completed reload, in  1.436 seconds
Domain Reload Profiling:
	ReloadAssembly (1436ms)
		BeginReloadAssembly (74ms)
			ExecutionOrderSort (0ms)
			DisableScriptedObjects (0ms)
			BackupInstance (0ms)
			ReleaseScriptingObjects (0ms)
			CreateAndSetChildDomain (1ms)
		EndReloadAssembly (491ms)
			LoadAssemblies (69ms)
			RebuildTransferFunctionScriptingTraits (0ms)
			SetupTypeCache (155ms)
			ReleaseScriptCaches (0ms)
			RebuildScriptCaches (35ms)
			SetupLoadedEditorAssemblies (218ms)
				LogAssemblyErrors (0ms)
				InitializePlatformSupportModulesInManaged (4ms)
				SetLoadedEditorAssemblies (0ms)
				RefreshPlugins (84ms)
				BeforeProcessingInitializeOnLoad (18ms)
				ProcessInitializeOnLoadAttributes (83ms)
				ProcessInitializeOnLoadMethodAttributes (29ms)
				AfterProcessingInitializeOnLoad (0ms)
				EditorAssembliesLoaded (0ms)
			ExecutionOrderSort2 (0ms)
			AwakeInstancesAfterBackupRestoration (0ms)
Platform modules already initialized, skipping
Registering precompiled user dll's ...
Registered in 0.005615 seconds.
Begin MonoManager ReloadAssembly
Native extension for WindowsStandalone target not found
Refreshing native plugins compatible for Editor in 124.07 ms, found 2 plugins.
Preloading 0 native plugins for Editor in 0.00 ms.
Mono: successfully reloaded assembly
- Completed reload, in  1.836 seconds
Domain Reload Profiling:
	ReloadAssembly (1838ms)
		BeginReloadAssembly (233ms)
			ExecutionOrderSort (0ms)
			DisableScriptedObjects (7ms)
			BackupInstance (0ms)
			ReleaseScriptingObjects (0ms)
			CreateAndSetChildDomain (23ms)
		EndReloadAssembly (1473ms)
			LoadAssemblies (159ms)
			RebuildTransferFunctionScriptingTraits (0ms)
			SetupTypeCache (372ms)
			ReleaseScriptCaches (1ms)
			RebuildScriptCaches (84ms)
			SetupLoadedEditorAssemblies (647ms)
				LogAssemblyErrors (0ms)
				InitializePlatformSupportModulesInManaged (5ms)
				SetLoadedEditorAssemblies (0ms)
				RefreshPlugins (124ms)
				BeforeProcessingInitializeOnLoad (144ms)
				ProcessInitializeOnLoadAttributes (351ms)
				ProcessInitializeOnLoadMethodAttributes (6ms)
				AfterProcessingInitializeOnLoad (16ms)
				EditorAssembliesLoaded (0ms)
			ExecutionOrderSort2 (0ms)
			AwakeInstancesAfterBackupRestoration (8ms)
Platform modules already initialized, skipping
========================================================================
Worker process is ready to serve import requests
Launched and connected shader compiler UnityShaderCompiler.exe after 0.07 seconds
Refreshing native plugins compatible for Editor in 1.03 ms, found 2 plugins.
Preloading 0 native plugins for Editor in 0.00 ms.
Unloading 2185 Unused Serialized files (Serialized files now loaded: 0)
System memory in use before: 102.9 MB.
System memory in use after: 102.9 MB.

Unloading 19 unused Assets to reduce memory usage. Loaded Objects now: 2625.
Total: 4.685700 ms (FindLiveObjects: 0.340500 ms CreateObjectMapping: 0.112200 ms MarkObjects: 4.091200 ms  DeleteObjects: 0.140300 ms)

AssetImportParameters requested are different than current active one (requested -> active):
  custom:framework-win-MediaFoundation: 216162199b28c13a410421893ffa2e32 -> 
  custom:video-decoder-ogg-theora: a1e56fd34408186e4bbccfd4996cb3dc -> 
  custom:container-muxer-webm: aa71ff27fc2769a1b78a27578f13a17b -> 
  custom:container-demuxer-webm: 4f35f7cbe854078d1ac9338744f61a02 -> 
  custom:container-demuxer-ogg: 62fdf1f143b41e24485cea50d1cbac27 -> 
  custom:video-encoder-webm-vp8: eb34c28f22e8b96e1ab97ce403110664 -> 
  custom:video-decoder-webm-vp8: 9c59270c3fd7afecdb556c50c9e8de78 -> 
  custom:audio-decoder-ogg-vorbis: bf7c407c2cedff20999df2af8eb42d56 -> 
  custom:audio-encoder-webm-vorbis: bf7c407c2cedff20999df2af8eb42d56 -> 
========================================================================
Received Import Request.
  path: Assets/Scripts/AI/Attack02.asset
  artifactKey: Guid(ae03b8e7faf6a564c80bef95f3f54004) Importer(815301076,1909f56bfc062723c751e8b465ee728b)
Start importing Assets/Scripts/AI/Attack02.asset using Guid(ae03b8e7faf6a564c80bef95f3f54004) Importer(815301076,1909f56bfc062723c751e8b465ee728b)  -> (artifact id: '4e3d4b77062d804c8d112ac730ee2844') in 0.043843 seconds 
  Import took 0.050000 seconds .

========================================================================
Received Import Request.
  Time since last request: 0.000279 seconds.
  path: Assets/Scripts/AI/Attack01.asset
  artifactKey: Guid(7393f97959a03174cac8188455739e44) Importer(815301076,1909f56bfc062723c751e8b465ee728b)
Start importing Assets/Scripts/AI/Attack01.asset using Guid(7393f97959a03174cac8188455739e44) Importer(815301076,1909f56bfc062723c751e8b465ee728b)  -> (artifact id: 'bf81ab4b9070d560d2bcd7cc29c94489') in 0.006670 seconds 
  Import took 0.013840 seconds .

========================================================================
Received Prepare
Registering precompiled user dll's ...
Registered in 0.004809 seconds.
Begin MonoManager ReloadAssembly
Native extension for WindowsStandalone target not found
Refreshing native plugins compatible for Editor in 0.86 ms, found 2 plugins.
Preloading 0 native plugins for Editor in 0.00 ms.
Mono: successfully reloaded assembly
- Completed reload, in  1.246 seconds
Domain Reload Profiling:
	ReloadAssembly (1246ms)
		BeginReloadAssembly (154ms)
			ExecutionOrderSort (0ms)
			DisableScriptedObjects (5ms)
			BackupInstance (0ms)
			ReleaseScriptingObjects (0ms)
			CreateAndSetChildDomain (41ms)
		EndReloadAssembly (1005ms)
			LoadAssemblies (144ms)
			RebuildTransferFunctionScriptingTraits (0ms)
			SetupTypeCache (337ms)
			ReleaseScriptCaches (1ms)
			RebuildScriptCaches (42ms)
			SetupLoadedEditorAssemblies (378ms)
				LogAssemblyErrors (0ms)
				InitializePlatformSupportModulesInManaged (5ms)
				SetLoadedEditorAssemblies (0ms)
				RefreshPlugins (1ms)
				BeforeProcessingInitializeOnLoad (97ms)
				ProcessInitializeOnLoadAttributes (257ms)
				ProcessInitializeOnLoadMethodAttributes (4ms)
				AfterProcessingInitializeOnLoad (14ms)
				EditorAssembliesLoaded (0ms)
			ExecutionOrderSort2 (0ms)
			AwakeInstancesAfterBackupRestoration (7ms)
Platform modules already initialized, skipping
Refreshing native plugins compatible for Editor in 0.98 ms, found 2 plugins.
Preloading 0 native plugins for Editor in 0.00 ms.
Unloading 2137 Unused Serialized files (Serialized files now loaded: 0)
System memory in use before: 98.8 MB.
System memory in use after: 98.9 MB.

Unloading 12 unused Assets to reduce memory usage. Loaded Objects now: 2627.
Total: 3.633300 ms (FindLiveObjects: 0.235000 ms CreateObjectMapping: 0.070500 ms MarkObjects: 3.200300 ms  DeleteObjects: 0.126300 ms)

AssetImportParameters requested are different than current active one (requested -> active):
  custom:framework-win-MediaFoundation: 216162199b28c13a410421893ffa2e32 -> 
  custom:video-decoder-ogg-theora: a1e56fd34408186e4bbccfd4996cb3dc -> 
  custom:container-muxer-webm: aa71ff27fc2769a1b78a27578f13a17b -> 
  custom:container-demuxer-webm: 4f35f7cbe854078d1ac9338744f61a02 -> 
  custom:container-demuxer-ogg: 62fdf1f143b41e24485cea50d1cbac27 -> 
  custom:video-encoder-webm-vp8: eb34c28f22e8b96e1ab97ce403110664 -> 
  custom:video-decoder-webm-vp8: 9c59270c3fd7afecdb556c50c9e8de78 -> 
  custom:audio-decoder-ogg-vorbis: bf7c407c2cedff20999df2af8eb42d56 -> 
  custom:audio-encoder-webm-vorbis: bf7c407c2cedff20999df2af8eb42d56 -> 
========================================================================
Received Prepare
Registering precompiled user dll's ...
Registered in 0.005580 seconds.
Begin MonoManager ReloadAssembly
Native extension for WindowsStandalone target not found
Refreshing native plugins compatible for Editor in 0.86 ms, found 2 plugins.
Preloading 0 native plugins for Editor in 0.00 ms.
Mono: successfully reloaded assembly
- Completed reload, in  1.199 seconds
Domain Reload Profiling:
	ReloadAssembly (1199ms)
		BeginReloadAssembly (176ms)
			ExecutionOrderSort (0ms)
			DisableScriptedObjects (5ms)
			BackupInstance (0ms)
			ReleaseScriptingObjects (0ms)
			CreateAndSetChildDomain (46ms)
		EndReloadAssembly (932ms)
			LoadAssemblies (159ms)
			RebuildTransferFunctionScriptingTraits (0ms)
			SetupTypeCache (320ms)
			ReleaseScriptCaches (1ms)
			RebuildScriptCaches (37ms)
			SetupLoadedEditorAssemblies (333ms)
				LogAssemblyErrors (0ms)
				InitializePlatformSupportModulesInManaged (4ms)
				SetLoadedEditorAssemblies (0ms)
				RefreshPlugins (1ms)
				BeforeProcessingInitializeOnLoad (86ms)
				ProcessInitializeOnLoadAttributes (223ms)
				ProcessInitializeOnLoadMethodAttributes (4ms)
				AfterProcessingInitializeOnLoad (14ms)
				EditorAssembliesLoaded (0ms)
			ExecutionOrderSort2 (0ms)
			AwakeInstancesAfterBackupRestoration (7ms)
Platform modules already initialized, skipping
Refreshing native plugins compatible for Editor in 0.94 ms, found 2 plugins.
Preloading 0 native plugins for Editor in 0.00 ms.
Unloading 2137 Unused Serialized files (Serialized files now loaded: 0)
System memory in use before: 98.8 MB.
System memory in use after: 98.9 MB.

Unloading 12 unused Assets to reduce memory usage. Loaded Objects now: 2629.
Total: 3.620900 ms (FindLiveObjects: 0.204200 ms CreateObjectMapping: 0.063200 ms MarkObjects: 3.242000 ms  DeleteObjects: 0.110600 ms)

AssetImportParameters requested are different than current active one (requested -> active):
  custom:framework-win-MediaFoundation: 216162199b28c13a410421893ffa2e32 -> 
  custom:video-decoder-ogg-theora: a1e56fd34408186e4bbccfd4996cb3dc -> 
  custom:container-muxer-webm: aa71ff27fc2769a1b78a27578f13a17b -> 
  custom:container-demuxer-webm: 4f35f7cbe854078d1ac9338744f61a02 -> 
  custom:container-demuxer-ogg: 62fdf1f143b41e24485cea50d1cbac27 -> 
  custom:video-encoder-webm-vp8: eb34c28f22e8b96e1ab97ce403110664 -> 
  custom:video-decoder-webm-vp8: 9c59270c3fd7afecdb556c50c9e8de78 -> 
  custom:audio-decoder-ogg-vorbis: bf7c407c2cedff20999df2af8eb42d56 -> 
  custom:audio-encoder-webm-vorbis: bf7c407c2cedff20999df2af8eb42d56 -> 
========================================================================
Received Prepare
Registering precompiled user dll's ...
Registered in 0.004961 seconds.
Begin MonoManager ReloadAssembly
Native extension for WindowsStandalone target not found
Refreshing native plugins compatible for Editor in 1.25 ms, found 2 plugins.
Preloading 0 native plugins for Editor in 0.00 ms.
Mono: successfully reloaded assembly
- Completed reload, in  1.217 seconds
Domain Reload Profiling:
	ReloadAssembly (1218ms)
		BeginReloadAssembly (146ms)
			ExecutionOrderSort (0ms)
			DisableScriptedObjects (4ms)
			BackupInstance (0ms)
			ReleaseScriptingObjects (0ms)
			CreateAndSetChildDomain (35ms)
		EndReloadAssembly (983ms)
			LoadAssemblies (126ms)
			RebuildTransferFunctionScriptingTraits (0ms)
			SetupTypeCache (313ms)
			ReleaseScriptCaches (1ms)
			RebuildScriptCaches (39ms)
			SetupLoadedEditorAssemblies (382ms)
				LogAssemblyErrors (0ms)
				InitializePlatformSupportModulesInManaged (4ms)
				SetLoadedEditorAssemblies (0ms)
				RefreshPlugins (1ms)
				BeforeProcessingInitializeOnLoad (103ms)
				ProcessInitializeOnLoadAttributes (252ms)
				ProcessInitializeOnLoadMethodAttributes (5ms)
				AfterProcessingInitializeOnLoad (16ms)
				EditorAssembliesLoaded (0ms)
			ExecutionOrderSort2 (0ms)
			AwakeInstancesAfterBackupRestoration (7ms)
Platform modules already initialized, skipping
Refreshing native plugins compatible for Editor in 0.82 ms, found 2 plugins.
Preloading 0 native plugins for Editor in 0.00 ms.
Unloading 2137 Unused Serialized files (Serialized files now loaded: 0)
System memory in use before: 98.9 MB.
System memory in use after: 98.9 MB.

Unloading 12 unused Assets to reduce memory usage. Loaded Objects now: 2631.
Total: 3.179800 ms (FindLiveObjects: 0.188100 ms CreateObjectMapping: 0.073700 ms MarkObjects: 2.819900 ms  DeleteObjects: 0.097000 ms)

AssetImportParameters requested are different than current active one (requested -> active):
  custom:framework-win-MediaFoundation: 216162199b28c13a410421893ffa2e32 -> 
  custom:video-decoder-ogg-theora: a1e56fd34408186e4bbccfd4996cb3dc -> 
  custom:container-muxer-webm: aa71ff27fc2769a1b78a27578f13a17b -> 
  custom:container-demuxer-webm: 4f35f7cbe854078d1ac9338744f61a02 -> 
  custom:container-demuxer-ogg: 62fdf1f143b41e24485cea50d1cbac27 -> 
  custom:video-encoder-webm-vp8: eb34c28f22e8b96e1ab97ce403110664 -> 
  custom:video-decoder-webm-vp8: 9c59270c3fd7afecdb556c50c9e8de78 -> 
  custom:audio-decoder-ogg-vorbis: bf7c407c2cedff20999df2af8eb42d56 -> 
  custom:audio-encoder-webm-vorbis: bf7c407c2cedff20999df2af8eb42d56 -> 
========================================================================
Received Import Request.
  Time since last request: 634.124993 seconds.
  path: Assets/Scripts/Player/PlayerAttacker.cs
  artifactKey: Guid(b523b757c1ce1874788577cf60149786) Importer(815301076,1909f56bfc062723c751e8b465ee728b)
Start importing Assets/Scripts/Player/PlayerAttacker.cs using Guid(b523b757c1ce1874788577cf60149786) Importer(815301076,1909f56bfc062723c751e8b465ee728b)  -> (artifact id: '56bed09a2f4ef05d1f394d17b7bf4368') in 0.009447 seconds 
  Import took 0.013453 seconds .

========================================================================
Received Import Request.
  Time since last request: 0.024693 seconds.
  path: Assets/Scripts/Player/PlayerAttacker.cs
  artifactKey: Guid(b523b757c1ce1874788577cf60149786) Importer(815301076,1909f56bfc062723c751e8b465ee728b)
Start importing Assets/Scripts/Player/PlayerAttacker.cs using Guid(b523b757c1ce1874788577cf60149786) Importer(815301076,1909f56bfc062723c751e8b465ee728b)  -> (artifact id: '56bed09a2f4ef05d1f394d17b7bf4368') in 0.004056 seconds 
  Import took 0.009024 seconds .

========================================================================
Received Import Request.
  Time since last request: 48.388823 seconds.
  path: Assets/Scripts/Player/PlayerAttacker.cs
  artifactKey: Guid(b523b757c1ce1874788577cf60149786) Importer(815301076,1909f56bfc062723c751e8b465ee728b)
Start importing Assets/Scripts/Player/PlayerAttacker.cs using Guid(b523b757c1ce1874788577cf60149786) Importer(815301076,1909f56bfc062723c751e8b465ee728b)  -> (artifact id: '000387d0c67eca04d3798dcf7e0e07f3') in 0.003555 seconds 
  Import took 0.008420 seconds .

========================================================================
Received Prepare
Registering precompiled user dll's ...
Registered in 0.007708 seconds.
Begin MonoManager ReloadAssembly
Native extension for WindowsStandalone target not found
Refreshing native plugins compatible for Editor in 1.97 ms, found 2 plugins.
Preloading 0 native plugins for Editor in 0.00 ms.
Mono: successfully reloaded assembly
- Completed reload, in  1.240 seconds
Domain Reload Profiling:
	ReloadAssembly (1241ms)
		BeginReloadAssembly (154ms)
			ExecutionOrderSort (0ms)
			DisableScriptedObjects (4ms)
			BackupInstance (0ms)
			ReleaseScriptingObjects (0ms)
			CreateAndSetChildDomain (38ms)
		EndReloadAssembly (987ms)
			LoadAssemblies (137ms)
			RebuildTransferFunctionScriptingTraits (0ms)
			SetupTypeCache (303ms)
			ReleaseScriptCaches (1ms)
			RebuildScriptCaches (54ms)
			SetupLoadedEditorAssemblies (379ms)
				LogAssemblyErrors (0ms)
				InitializePlatformSupportModulesInManaged (4ms)
				SetLoadedEditorAssemblies (0ms)
				RefreshPlugins (2ms)
				BeforeProcessingInitializeOnLoad (102ms)
				ProcessInitializeOnLoadAttributes (252ms)
				ProcessInitializeOnLoadMethodAttributes (4ms)
				AfterProcessingInitializeOnLoad (14ms)
				EditorAssembliesLoaded (0ms)
			ExecutionOrderSort2 (0ms)
			AwakeInstancesAfterBackupRestoration (7ms)
Platform modules already initialized, skipping
Refreshing native plugins compatible for Editor in 0.90 ms, found 2 plugins.
Preloading 0 native plugins for Editor in 0.00 ms.
Unloading 2137 Unused Serialized files (Serialized files now loaded: 0)
System memory in use before: 98.9 MB.
System memory in use after: 99.0 MB.

Unloading 12 unused Assets to reduce memory usage. Loaded Objects now: 2633.
Total: 3.791600 ms (FindLiveObjects: 0.210500 ms CreateObjectMapping: 0.067400 ms MarkObjects: 3.393500 ms  DeleteObjects: 0.119400 ms)

AssetImportParameters requested are different than current active one (requested -> active):
  custom:framework-win-MediaFoundation: 216162199b28c13a410421893ffa2e32 -> 
  custom:video-decoder-ogg-theora: a1e56fd34408186e4bbccfd4996cb3dc -> 
  custom:container-muxer-webm: aa71ff27fc2769a1b78a27578f13a17b -> 
  custom:container-demuxer-webm: 4f35f7cbe854078d1ac9338744f61a02 -> 
  custom:container-demuxer-ogg: 62fdf1f143b41e24485cea50d1cbac27 -> 
  custom:video-encoder-webm-vp8: eb34c28f22e8b96e1ab97ce403110664 -> 
  custom:video-decoder-webm-vp8: 9c59270c3fd7afecdb556c50c9e8de78 -> 
  custom:audio-decoder-ogg-vorbis: bf7c407c2cedff20999df2af8eb42d56 -> 
  custom:audio-encoder-webm-vorbis: bf7c407c2cedff20999df2af8eb42d56 -> 
========================================================================
Received Prepare
Registering precompiled user dll's ...
Registered in 0.005765 seconds.
Begin MonoManager ReloadAssembly
Native extension for WindowsStandalone target not found
Refreshing native plugins compatible for Editor in 0.90 ms, found 2 plugins.
Preloading 0 native plugins for Editor in 0.00 ms.
Mono: successfully reloaded assembly
- Completed reload, in  1.178 seconds
Domain Reload Profiling:
	ReloadAssembly (1179ms)
		BeginReloadAssembly (153ms)
			ExecutionOrderSort (0ms)
			DisableScriptedObjects (5ms)
			BackupInstance (0ms)
			ReleaseScriptingObjects (0ms)
			CreateAndSetChildDomain (34ms)
		EndReloadAssembly (935ms)
			LoadAssemblies (143ms)
			RebuildTransferFunctionScriptingTraits (0ms)
			SetupTypeCache (298ms)
			ReleaseScriptCaches (1ms)
			RebuildScriptCaches (39ms)
			SetupLoadedEditorAssemblies (362ms)
				LogAssemblyErrors (0ms)
				InitializePlatformSupportModulesInManaged (4ms)
				SetLoadedEditorAssemblies (1ms)
				RefreshPlugins (1ms)
				BeforeProcessingInitializeOnLoad (89ms)
				ProcessInitializeOnLoadAttributes (250ms)
				ProcessInitializeOnLoadMethodAttributes (4ms)
				AfterProcessingInitializeOnLoad (13ms)
				EditorAssembliesLoaded (0ms)
			ExecutionOrderSort2 (0ms)
			AwakeInstancesAfterBackupRestoration (6ms)
Platform modules already initialized, skipping
Refreshing native plugins compatible for Editor in 0.87 ms, found 2 plugins.
Preloading 0 native plugins for Editor in 0.00 ms.
Unloading 2137 Unused Serialized files (Serialized files now loaded: 0)
System memory in use before: 98.8 MB.
System memory in use after: 98.9 MB.

Unloading 12 unused Assets to reduce memory usage. Loaded Objects now: 2635.
Total: 3.927100 ms (FindLiveObjects: 0.217500 ms CreateObjectMapping: 0.062700 ms MarkObjects: 3.526200 ms  DeleteObjects: 0.119800 ms)

AssetImportParameters requested are different than current active one (requested -> active):
  custom:framework-win-MediaFoundation: 216162199b28c13a410421893ffa2e32 -> 
  custom:video-decoder-ogg-theora: a1e56fd34408186e4bbccfd4996cb3dc -> 
  custom:container-muxer-webm: aa71ff27fc2769a1b78a27578f13a17b -> 
  custom:container-demuxer-webm: 4f35f7cbe854078d1ac9338744f61a02 -> 
  custom:container-demuxer-ogg: 62fdf1f143b41e24485cea50d1cbac27 -> 
  custom:video-encoder-webm-vp8: eb34c28f22e8b96e1ab97ce403110664 -> 
  custom:video-decoder-webm-vp8: 9c59270c3fd7afecdb556c50c9e8de78 -> 
  custom:audio-decoder-ogg-vorbis: bf7c407c2cedff20999df2af8eb42d56 -> 
  custom:audio-encoder-webm-vorbis: bf7c407c2cedff20999df2af8eb42d56 -> 
========================================================================
Received Prepare
Registering precompiled user dll's ...
Registered in 0.004601 seconds.
Begin MonoManager ReloadAssembly
Native extension for WindowsStandalone target not found
Refreshing native plugins compatible for Editor in 0.85 ms, found 2 plugins.
Preloading 0 native plugins for Editor in 0.00 ms.
Mono: successfully reloaded assembly
- Completed reload, in  1.220 seconds
Domain Reload Profiling:
	ReloadAssembly (1220ms)
		BeginReloadAssembly (147ms)
			ExecutionOrderSort (0ms)
			DisableScriptedObjects (4ms)
			BackupInstance (0ms)
			ReleaseScriptingObjects (0ms)
			CreateAndSetChildDomain (38ms)
		EndReloadAssembly (990ms)
			LoadAssemblies (136ms)
			RebuildTransferFunctionScriptingTraits (0ms)
			SetupTypeCache (324ms)
			ReleaseScriptCaches (1ms)
			RebuildScriptCaches (41ms)
			SetupLoadedEditorAssemblies (389ms)
				LogAssemblyErrors (0ms)
				InitializePlatformSupportModulesInManaged (5ms)
				SetLoadedEditorAssemblies (0ms)
				RefreshPlugins (1ms)
				BeforeProcessingInitializeOnLoad (118ms)
				ProcessInitializeOnLoadAttributes (245ms)
				ProcessInitializeOnLoadMethodAttributes (4ms)
				AfterProcessingInitializeOnLoad (14ms)
				EditorAssembliesLoaded (0ms)
			ExecutionOrderSort2 (0ms)
			AwakeInstancesAfterBackupRestoration (6ms)
Platform modules already initialized, skipping
Refreshing native plugins compatible for Editor in 0.87 ms, found 2 plugins.
Preloading 0 native plugins for Editor in 0.00 ms.
Unloading 2137 Unused Serialized files (Serialized files now loaded: 0)
System memory in use before: 98.9 MB.
System memory in use after: 99.0 MB.

Unloading 12 unused Assets to reduce memory usage. Loaded Objects now: 2637.
Total: 4.013900 ms (FindLiveObjects: 0.218100 ms CreateObjectMapping: 0.087100 ms MarkObjects: 3.553600 ms  DeleteObjects: 0.154100 ms)

AssetImportParameters requested are different than current active one (requested -> active):
  custom:framework-win-MediaFoundation: 216162199b28c13a410421893ffa2e32 -> 
  custom:video-decoder-ogg-theora: a1e56fd34408186e4bbccfd4996cb3dc -> 
  custom:container-muxer-webm: aa71ff27fc2769a1b78a27578f13a17b -> 
  custom:container-demuxer-webm: 4f35f7cbe854078d1ac9338744f61a02 -> 
  custom:container-demuxer-ogg: 62fdf1f143b41e24485cea50d1cbac27 -> 
  custom:video-encoder-webm-vp8: eb34c28f22e8b96e1ab97ce403110664 -> 
  custom:video-decoder-webm-vp8: 9c59270c3fd7afecdb556c50c9e8de78 -> 
  custom:audio-decoder-ogg-vorbis: bf7c407c2cedff20999df2af8eb42d56 -> 
  custom:audio-encoder-webm-vorbis: bf7c407c2cedff20999df2af8eb42d56 -> 
========================================================================
Received Prepare
Registering precompiled user dll's ...
Registered in 0.006741 seconds.
Begin MonoManager ReloadAssembly
Native extension for WindowsStandalone target not found
Refreshing native plugins compatible for Editor in 0.91 ms, found 2 plugins.
Preloading 0 native plugins for Editor in 0.00 ms.
Mono: successfully reloaded assembly
- Completed reload, in  1.978 seconds
Domain Reload Profiling:
	ReloadAssembly (1979ms)
		BeginReloadAssembly (412ms)
			ExecutionOrderSort (0ms)
			DisableScriptedObjects (5ms)
			BackupInstance (0ms)
			ReleaseScriptingObjects (0ms)
			CreateAndSetChildDomain (49ms)
		EndReloadAssembly (1394ms)
			LoadAssemblies (371ms)
			RebuildTransferFunctionScriptingTraits (0ms)
			SetupTypeCache (362ms)
			ReleaseScriptCaches (1ms)
			RebuildScriptCaches (45ms)
			SetupLoadedEditorAssemblies (734ms)
				LogAssemblyErrors (0ms)
				InitializePlatformSupportModulesInManaged (5ms)
				SetLoadedEditorAssemblies (0ms)
				RefreshPlugins (1ms)
				BeforeProcessingInitializeOnLoad (217ms)
				ProcessInitializeOnLoadAttributes (491ms)
				ProcessInitializeOnLoadMethodAttributes (4ms)
				AfterProcessingInitializeOnLoad (16ms)
				EditorAssembliesLoaded (0ms)
			ExecutionOrderSort2 (0ms)
			AwakeInstancesAfterBackupRestoration (7ms)
Platform modules already initialized, skipping
Refreshing native plugins compatible for Editor in 1.05 ms, found 2 plugins.
Preloading 0 native plugins for Editor in 0.00 ms.
Unloading 2137 Unused Serialized files (Serialized files now loaded: 0)
System memory in use before: 98.9 MB.
System memory in use after: 99.0 MB.

Unloading 12 unused Assets to reduce memory usage. Loaded Objects now: 2639.
Total: 5.695100 ms (FindLiveObjects: 0.469800 ms CreateObjectMapping: 0.188400 ms MarkObjects: 4.888200 ms  DeleteObjects: 0.147100 ms)

AssetImportParameters requested are different than current active one (requested -> active):
  custom:framework-win-MediaFoundation: 216162199b28c13a410421893ffa2e32 -> 
  custom:video-decoder-ogg-theora: a1e56fd34408186e4bbccfd4996cb3dc -> 
  custom:container-muxer-webm: aa71ff27fc2769a1b78a27578f13a17b -> 
  custom:container-demuxer-webm: 4f35f7cbe854078d1ac9338744f61a02 -> 
  custom:container-demuxer-ogg: 62fdf1f143b41e24485cea50d1cbac27 -> 
  custom:video-encoder-webm-vp8: eb34c28f22e8b96e1ab97ce403110664 -> 
  custom:video-decoder-webm-vp8: 9c59270c3fd7afecdb556c50c9e8de78 -> 
  custom:audio-decoder-ogg-vorbis: bf7c407c2cedff20999df2af8eb42d56 -> 
  custom:audio-encoder-webm-vorbis: bf7c407c2cedff20999df2af8eb42d56 -> 
========================================================================
Received Prepare
Registering precompiled user dll's ...
Registered in 0.005405 seconds.
Begin MonoManager ReloadAssembly
Native extension for WindowsStandalone target not found
Refreshing native plugins compatible for Editor in 1.08 ms, found 2 plugins.
Preloading 0 native plugins for Editor in 0.00 ms.
Mono: successfully reloaded assembly
- Completed reload, in  1.080 seconds
Domain Reload Profiling:
	ReloadAssembly (1081ms)
		BeginReloadAssembly (129ms)
			ExecutionOrderSort (0ms)
			DisableScriptedObjects (4ms)
			BackupInstance (0ms)
			ReleaseScriptingObjects (0ms)
			CreateAndSetChildDomain (31ms)
		EndReloadAssembly (854ms)
			LoadAssemblies (108ms)
			RebuildTransferFunctionScriptingTraits (0ms)
			SetupTypeCache (272ms)
			ReleaseScriptCaches (1ms)
			RebuildScriptCaches (39ms)
			SetupLoadedEditorAssemblies (338ms)
				LogAssemblyErrors (0ms)
				InitializePlatformSupportModulesInManaged (4ms)
				SetLoadedEditorAssemblies (1ms)
				RefreshPlugins (1ms)
				BeforeProcessingInitializeOnLoad (90ms)
				ProcessInitializeOnLoadAttributes (224ms)
				ProcessInitializeOnLoadMethodAttributes (3ms)
				AfterProcessingInitializeOnLoad (14ms)
				EditorAssembliesLoaded (0ms)
			ExecutionOrderSort2 (0ms)
			AwakeInstancesAfterBackupRestoration (6ms)
Platform modules already initialized, skipping
Refreshing native plugins compatible for Editor in 0.81 ms, found 2 plugins.
Preloading 0 native plugins for Editor in 0.00 ms.
Unloading 2137 Unused Serialized files (Serialized files now loaded: 0)
System memory in use before: 98.9 MB.
System memory in use after: 99.0 MB.

Unloading 12 unused Assets to reduce memory usage. Loaded Objects now: 2641.
Total: 3.547700 ms (FindLiveObjects: 0.197300 ms CreateObjectMapping: 0.058600 ms MarkObjects: 3.178800 ms  DeleteObjects: 0.112200 ms)

AssetImportParameters requested are different than current active one (requested -> active):
  custom:framework-win-MediaFoundation: 216162199b28c13a410421893ffa2e32 -> 
  custom:video-decoder-ogg-theora: a1e56fd34408186e4bbccfd4996cb3dc -> 
  custom:container-muxer-webm: aa71ff27fc2769a1b78a27578f13a17b -> 
  custom:container-demuxer-webm: 4f35f7cbe854078d1ac9338744f61a02 -> 
  custom:container-demuxer-ogg: 62fdf1f143b41e24485cea50d1cbac27 -> 
  custom:video-encoder-webm-vp8: eb34c28f22e8b96e1ab97ce403110664 -> 
  custom:video-decoder-webm-vp8: 9c59270c3fd7afecdb556c50c9e8de78 -> 
  custom:audio-decoder-ogg-vorbis: bf7c407c2cedff20999df2af8eb42d56 -> 
  custom:audio-encoder-webm-vorbis: bf7c407c2cedff20999df2af8eb42d56 -> 
========================================================================
Received Import Request.
  Time since last request: 1648.118589 seconds.
  path: Assets/Models/PolygonFantasyHeroCharacters
  artifactKey: Guid(8f91ceeaf5b0adf45ad5d773ba1db6a6) Importer(815301076,1909f56bfc062723c751e8b465ee728b)
Start importing Assets/Models/PolygonFantasyHeroCharacters using Guid(8f91ceeaf5b0adf45ad5d773ba1db6a6) Importer(815301076,1909f56bfc062723c751e8b465ee728b)  -> (artifact id: 'ce2dcd604793b71a4bab3794ebbf2781') in 0.012693 seconds 
  Import took 0.017144 seconds .

========================================================================
Received Import Request.
  Time since last request: 1.473314 seconds.
  path: Assets/Models/PolygonFantasyHeroCharacters/Prefabs
  artifactKey: Guid(db89f39285e828541853a44ec1fe7996) Importer(815301076,1909f56bfc062723c751e8b465ee728b)
Start importing Assets/Models/PolygonFantasyHeroCharacters/Prefabs using Guid(db89f39285e828541853a44ec1fe7996) Importer(815301076,1909f56bfc062723c751e8b465ee728b)  -> (artifact id: '154c04bebace177ceebff58205f36322') in 0.005681 seconds 
  Import took 0.010958 seconds .

========================================================================
Received Import Request.
  Time since last request: 1.159350 seconds.
  path: Assets/Models/PolygonFantasyHeroCharacters/Prefabs/Weapons
  artifactKey: Guid(d4932e2634dffb440bee6730925ce194) Importer(815301076,1909f56bfc062723c751e8b465ee728b)
Start importing Assets/Models/PolygonFantasyHeroCharacters/Prefabs/Weapons using Guid(d4932e2634dffb440bee6730925ce194) Importer(815301076,1909f56bfc062723c751e8b465ee728b)  -> (artifact id: '1893870424a5117f2d2af811b0588168') in 0.005181 seconds 
  Import took 0.011862 seconds .

========================================================================
Received Import Request.
  Time since last request: 0.172696 seconds.
  path: Assets/Models/PolygonFantasyHeroCharacters/Prefabs/Weapons/SM_Wep_Shield_08.prefab
  artifactKey: Guid(93df57e5d723bb3409dda0840e002b8d) Importer(815301076,1909f56bfc062723c751e8b465ee728b)
Start importing Assets/Models/PolygonFantasyHeroCharacters/Prefabs/Weapons/SM_Wep_Shield_08.prefab using Guid(93df57e5d723bb3409dda0840e002b8d) Importer(815301076,1909f56bfc062723c751e8b465ee728b)  -> (artifact id: 'a6ce1df1bb913ef5ef1486b3dd1737bd') in 0.102984 seconds 
  Import took 0.106981 seconds .

========================================================================
Received Import Request.
  Time since last request: 7.725240 seconds.
  path: Assets/Models/PolygonFantasyHeroCharacters/Prefabs/Weapons/SM_Wep_Shield_Long_14.prefab
  artifactKey: Guid(69b6efaf003172244897531ea3ed74d2) Importer(815301076,1909f56bfc062723c751e8b465ee728b)
Start importing Assets/Models/PolygonFantasyHeroCharacters/Prefabs/Weapons/SM_Wep_Shield_Long_14.prefab using Guid(69b6efaf003172244897531ea3ed74d2) Importer(815301076,1909f56bfc062723c751e8b465ee728b)  -> (artifact id: 'e279797ec4a936af487f5c613e0617c6') in 0.030591 seconds 
  Import took 0.034257 seconds .

========================================================================
Received Import Request.
  Time since last request: 0.000342 seconds.
  path: Assets/Models/PolygonFantasyHeroCharacters/Prefabs/Weapons/SM_Wep_Staff_01.prefab
  artifactKey: Guid(7618bf1eceed7fd4786bae1d1976ef37) Importer(815301076,1909f56bfc062723c751e8b465ee728b)
Start importing Assets/Models/PolygonFantasyHeroCharacters/Prefabs/Weapons/SM_Wep_Staff_01.prefab using Guid(7618bf1eceed7fd4786bae1d1976ef37) Importer(815301076,1909f56bfc062723c751e8b465ee728b)  -> (artifact id: '7f1024a83fcf84b920a8e8c0cb3d1782') in 0.029676 seconds 
  Import took 0.036632 seconds .

========================================================================
Received Import Request.
  Time since last request: 0.000386 seconds.
  path: Assets/Models/PolygonFantasyHeroCharacters/Prefabs/Weapons/SM_Wep_Sword_Cover_01.prefab
  artifactKey: Guid(cdcd31ac69744ec4d928e5d032e933a4) Importer(815301076,1909f56bfc062723c751e8b465ee728b)
Start importing Assets/Models/PolygonFantasyHeroCharacters/Prefabs/Weapons/SM_Wep_Sword_Cover_01.prefab using Guid(cdcd31ac69744ec4d928e5d032e933a4) Importer(815301076,1909f56bfc062723c751e8b465ee728b)  -> (artifact id: 'cbaf01b124fc60ca396d7a59bf444815') in 0.032936 seconds 
  Import took 0.037571 seconds .

========================================================================
Received Import Request.
  Time since last request: 0.000495 seconds.
  path: Assets/Models/PolygonFantasyHeroCharacters/Prefabs/Weapons/SM_Wep_Sword_Large_01.prefab
  artifactKey: Guid(892122ee87fc15149bc82d7f9d2cdb9f) Importer(815301076,1909f56bfc062723c751e8b465ee728b)
Start importing Assets/Models/PolygonFantasyHeroCharacters/Prefabs/Weapons/SM_Wep_Sword_Large_01.prefab using Guid(892122ee87fc15149bc82d7f9d2cdb9f) Importer(815301076,1909f56bfc062723c751e8b465ee728b)  -> (artifact id: '84e4304d7e5b00309acb9e0002dc1396') in 0.025295 seconds 
  Import took 0.030382 seconds .

========================================================================
Received Import Request.
  Time since last request: 0.000486 seconds.
  path: Assets/Models/PolygonFantasyHeroCharacters/Prefabs/Weapons/SM_Wep_Shield_Long_16.prefab
  artifactKey: Guid(fd3dc9bb217448647b2117f11e73fc3f) Importer(815301076,1909f56bfc062723c751e8b465ee728b)
Start importing Assets/Models/PolygonFantasyHeroCharacters/Prefabs/Weapons/SM_Wep_Shield_Long_16.prefab using Guid(fd3dc9bb217448647b2117f11e73fc3f) Importer(815301076,1909f56bfc062723c751e8b465ee728b)  -> (artifact id: '7fed52e8672ef3f988f647977a1faf43') in 0.029263 seconds 
  Import took 0.034665 seconds .

========================================================================
Received Import Request.
  Time since last request: 0.000551 seconds.
  path: Assets/Models/PolygonFantasyHeroCharacters/Prefabs/Weapons/SM_Wep_Sword_01.prefab
  artifactKey: Guid(0c14f3ea30af4174ba288b3c2042f665) Importer(815301076,1909f56bfc062723c751e8b465ee728b)
Start importing Assets/Models/PolygonFantasyHeroCharacters/Prefabs/Weapons/SM_Wep_Sword_01.prefab using Guid(0c14f3ea30af4174ba288b3c2042f665) Importer(815301076,1909f56bfc062723c751e8b465ee728b)  -> (artifact id: '3c3d5511df4e531c6f6482e980b4fc36') in 0.028512 seconds 
  Import took 0.033345 seconds .

========================================================================
Received Import Request.
  Time since last request: 0.000432 seconds.
  path: Assets/Models/PolygonFantasyHeroCharacters/Prefabs/Weapons/SM_Wep_Shield_Long_15.prefab
  artifactKey: Guid(c84607d7a26eac84ab52511146858b73) Importer(815301076,1909f56bfc062723c751e8b465ee728b)
Start importing Assets/Models/PolygonFantasyHeroCharacters/Prefabs/Weapons/SM_Wep_Shield_Long_15.prefab using Guid(c84607d7a26eac84ab52511146858b73) Importer(815301076,1909f56bfc062723c751e8b465ee728b)  -> (artifact id: '652aca821aa152a575ebe0b053ca60b9') in 0.041356 seconds 
  Import took 0.047895 seconds .

========================================================================
Received Import Request.
  Time since last request: 0.000385 seconds.
  path: Assets/Models/PolygonFantasyHeroCharacters/Prefabs/Weapons/SM_Wep_Staff_02.prefab
  artifactKey: Guid(d9197eec8ecc7714cbb8825a1467ae11) Importer(815301076,1909f56bfc062723c751e8b465ee728b)
Start importing Assets/Models/PolygonFantasyHeroCharacters/Prefabs/Weapons/SM_Wep_Staff_02.prefab using Guid(d9197eec8ecc7714cbb8825a1467ae11) Importer(815301076,1909f56bfc062723c751e8b465ee728b)  -> (artifact id: 'bdb98130ee158bc85a247c3b76a99642') in 0.029481 seconds 
  Import took 0.034027 seconds .

========================================================================
Received Import Request.
  Time since last request: 0.000866 seconds.
  path: Assets/Models/PolygonFantasyHeroCharacters/Prefabs/Weapons/SM_Wep_Sword_Rapier_01.prefab
  artifactKey: Guid(1a66284f93ee5da4faa156902261b154) Importer(815301076,1909f56bfc062723c751e8b465ee728b)
Start importing Assets/Models/PolygonFantasyHeroCharacters/Prefabs/Weapons/SM_Wep_Sword_Rapier_01.prefab using Guid(1a66284f93ee5da4faa156902261b154) Importer(815301076,1909f56bfc062723c751e8b465ee728b)  -> (artifact id: '6fff34db9590716597adfcbad64aad9a') in 0.033949 seconds 
  Import took 0.040256 seconds .

========================================================================
Received Import Request.
  Time since last request: 0.000410 seconds.
  path: Assets/Models/PolygonFantasyHeroCharacters/Prefabs/Weapons/SM_Wep_Sword_Rapier_Cover_01.prefab
  artifactKey: Guid(dab4d3bfd0f0a6f4aa5249c2d0fce6e3) Importer(815301076,1909f56bfc062723c751e8b465ee728b)
Start importing Assets/Models/PolygonFantasyHeroCharacters/Prefabs/Weapons/SM_Wep_Sword_Rapier_Cover_01.prefab using Guid(dab4d3bfd0f0a6f4aa5249c2d0fce6e3) Importer(815301076,1909f56bfc062723c751e8b465ee728b)  -> (artifact id: '2f1ab8c752e12418954ebee40ea67ec5') in 0.028389 seconds 
  Import took 0.034491 seconds .

========================================================================
Received Import Request.
  Time since last request: 0.000376 seconds.
  path: Assets/Models/PolygonFantasyHeroCharacters/Prefabs/Weapons/SM_Wep_Shield_Long_14.prefab
  artifactKey: Guid(69b6efaf003172244897531ea3ed74d2) Importer(815301076,1909f56bfc062723c751e8b465ee728b)
Start importing Assets/Models/PolygonFantasyHeroCharacters/Prefabs/Weapons/SM_Wep_Shield_Long_14.prefab using Guid(69b6efaf003172244897531ea3ed74d2) Importer(815301076,1909f56bfc062723c751e8b465ee728b)  -> (artifact id: 'e279797ec4a936af487f5c613e0617c6') in 0.026352 seconds 
  Import took 0.031515 seconds .

========================================================================
Received Prepare
Registering precompiled user dll's ...
Registered in 0.006073 seconds.
Begin MonoManager ReloadAssembly
Native extension for WindowsStandalone target not found
Refreshing native plugins compatible for Editor in 0.86 ms, found 2 plugins.
Preloading 0 native plugins for Editor in 0.00 ms.
Mono: successfully reloaded assembly
- Completed reload, in  1.295 seconds
Domain Reload Profiling:
	ReloadAssembly (1295ms)
		BeginReloadAssembly (136ms)
			ExecutionOrderSort (0ms)
			DisableScriptedObjects (5ms)
			BackupInstance (0ms)
			ReleaseScriptingObjects (0ms)
			CreateAndSetChildDomain (34ms)
		EndReloadAssembly (1073ms)
			LoadAssemblies (127ms)
			RebuildTransferFunctionScriptingTraits (0ms)
			SetupTypeCache (339ms)
			ReleaseScriptCaches (1ms)
			RebuildScriptCaches (43ms)
			SetupLoadedEditorAssemblies (439ms)
				LogAssemblyErrors (0ms)
				InitializePlatformSupportModulesInManaged (4ms)
				SetLoadedEditorAssemblies (0ms)
				RefreshPlugins (1ms)
				BeforeProcessingInitializeOnLoad (99ms)
				ProcessInitializeOnLoadAttributes (305ms)
				ProcessInitializeOnLoadMethodAttributes (7ms)
				AfterProcessingInitializeOnLoad (21ms)
				EditorAssembliesLoaded (0ms)
			ExecutionOrderSort2 (0ms)
			AwakeInstancesAfterBackupRestoration (10ms)
Platform modules already initialized, skipping
Refreshing native plugins compatible for Editor in 0.93 ms, found 2 plugins.
Preloading 0 native plugins for Editor in 0.00 ms.
Unloading 2137 Unused Serialized files (Serialized files now loaded: 0)
System memory in use before: 101.9 MB.
System memory in use after: 102.0 MB.

Unloading 12 unused Assets to reduce memory usage. Loaded Objects now: 2650.
Total: 4.151200 ms (FindLiveObjects: 0.229000 ms CreateObjectMapping: 0.064200 ms MarkObjects: 3.730700 ms  DeleteObjects: 0.126100 ms)

AssetImportParameters requested are different than current active one (requested -> active):
  custom:framework-win-MediaFoundation: 216162199b28c13a410421893ffa2e32 -> 
  custom:video-decoder-ogg-theora: a1e56fd34408186e4bbccfd4996cb3dc -> 
  custom:container-muxer-webm: aa71ff27fc2769a1b78a27578f13a17b -> 
  custom:container-demuxer-webm: 4f35f7cbe854078d1ac9338744f61a02 -> 
  custom:container-demuxer-ogg: 62fdf1f143b41e24485cea50d1cbac27 -> 
  custom:video-encoder-webm-vp8: eb34c28f22e8b96e1ab97ce403110664 -> 
  custom:video-decoder-webm-vp8: 9c59270c3fd7afecdb556c50c9e8de78 -> 
  custom:audio-decoder-ogg-vorbis: bf7c407c2cedff20999df2af8eb42d56 -> 
  custom:audio-encoder-webm-vorbis: bf7c407c2cedff20999df2af8eb42d56 -> 
========================================================================
Received Import Request.
  Time since last request: 55.288298 seconds.
  path: Assets/Models/PolygonFantasyHeroCharacters/Prefabs/Weapons/SM_Wep_Sword_Small_01.prefab
  artifactKey: Guid(0a5d9b51542336948b7d2a699f71cd8c) Importer(815301076,1909f56bfc062723c751e8b465ee728b)
Start importing Assets/Models/PolygonFantasyHeroCharacters/Prefabs/Weapons/SM_Wep_Sword_Small_01.prefab using Guid(0a5d9b51542336948b7d2a699f71cd8c) Importer(815301076,1909f56bfc062723c751e8b465ee728b)  -> (artifact id: '627479f560280500ff028715bb304d2d') in 0.077452 seconds 
  Import took 0.082255 seconds .

========================================================================
Received Import Request.
  Time since last request: 0.000329 seconds.
  path: Assets/Models/PolygonFantasyHeroCharacters/Prefabs/Weapons/SM_Wep_ThowingKnife_01.prefab
  artifactKey: Guid(5d518eb9a65a45d4b846a7cf120d62c8) Importer(815301076,1909f56bfc062723c751e8b465ee728b)
Start importing Assets/Models/PolygonFantasyHeroCharacters/Prefabs/Weapons/SM_Wep_ThowingKnife_01.prefab using Guid(5d518eb9a65a45d4b846a7cf120d62c8) Importer(815301076,1909f56bfc062723c751e8b465ee728b)  -> (artifact id: 'f9b9d9b3a06fb92e34c75f38d24a44a2') in 0.025544 seconds 
  Import took 0.030228 seconds .

========================================================================
Received Import Request.
  Time since last request: 0.000504 seconds.
  path: Assets/Models/PolygonFantasyHeroCharacters/Prefabs/Weapons/SM_Wep_Sword_Small_01.prefab
  artifactKey: Guid(0a5d9b51542336948b7d2a699f71cd8c) Importer(815301076,1909f56bfc062723c751e8b465ee728b)
Start importing Assets/Models/PolygonFantasyHeroCharacters/Prefabs/Weapons/SM_Wep_Sword_Small_01.prefab using Guid(0a5d9b51542336948b7d2a699f71cd8c) Importer(815301076,1909f56bfc062723c751e8b465ee728b)  -> (artifact id: '627479f560280500ff028715bb304d2d') in 0.027779 seconds 
  Import took 0.035865 seconds .

========================================================================
Received Import Request.
  Time since last request: 0.000499 seconds.
  path: Assets/Models/PolygonFantasyHeroCharacters/Prefabs/Weapons/SM_Wep_Sword_Small_Cover_01.prefab
  artifactKey: Guid(640492bb106c8b9418a6b12840af2b22) Importer(815301076,1909f56bfc062723c751e8b465ee728b)
Start importing Assets/Models/PolygonFantasyHeroCharacters/Prefabs/Weapons/SM_Wep_Sword_Small_Cover_01.prefab using Guid(640492bb106c8b9418a6b12840af2b22) Importer(815301076,1909f56bfc062723c751e8b465ee728b)  -> (artifact id: 'ab8e11720fe4e678c4f9e668aed5a9e9') in 0.028160 seconds 
  Import took 0.033322 seconds .

========================================================================
Received Import Request.
  Time since last request: 73.821497 seconds.
  path: Assets/Prefabs/Enemy.prefab
  artifactKey: Guid(7bd831a1c9e2cf747af5ea9c896a2dff) Importer(815301076,1909f56bfc062723c751e8b465ee728b)
Start importing Assets/Prefabs/Enemy.prefab using Guid(7bd831a1c9e2cf747af5ea9c896a2dff) Importer(815301076,1909f56bfc062723c751e8b465ee728b)  -> (artifact id: '576cb2d35056e27d9b9e9fcec8efb305') in 0.764467 seconds 
  Import took 0.774892 seconds .

========================================================================
Received Import Request.
  Time since last request: 0.001054 seconds.
  path: Assets/Prefabs/Enemy.prefab
  artifactKey: Guid(7bd831a1c9e2cf747af5ea9c896a2dff) Importer(815301076,1909f56bfc062723c751e8b465ee728b)
Start importing Assets/Prefabs/Enemy.prefab using Guid(7bd831a1c9e2cf747af5ea9c896a2dff) Importer(815301076,1909f56bfc062723c751e8b465ee728b)  -> (artifact id: '576cb2d35056e27d9b9e9fcec8efb305') in 0.818904 seconds 
  Import took 0.832409 seconds .

========================================================================
Received Import Request.
  Time since last request: 5.604152 seconds.
  path: Assets/Models/PolygonFantasyHeroCharacters/Textures/Textures/PolygonFantasyHero_Texture_01_A.png
  artifactKey: Guid(7dd0476daa9e82447856b542d1d238eb) Importer(815301076,1909f56bfc062723c751e8b465ee728b)
Start importing Assets/Models/PolygonFantasyHeroCharacters/Textures/Textures/PolygonFantasyHero_Texture_01_A.png using Guid(7dd0476daa9e82447856b542d1d238eb) Importer(815301076,1909f56bfc062723c751e8b465ee728b)  -> (artifact id: 'ae9a85941636563f2840cab685dadb26') in 0.033658 seconds 
  Import took 0.038135 seconds .

========================================================================
Received Import Request.
  Time since last request: 0.000888 seconds.
  path: Assets/Models/PolygonFantasyHeroCharacters/Textures/Textures/PolygonFantasyHero_Texture_01_A.png
  artifactKey: Guid(7dd0476daa9e82447856b542d1d238eb) Importer(815301076,1909f56bfc062723c751e8b465ee728b)
Start importing Assets/Models/PolygonFantasyHeroCharacters/Textures/Textures/PolygonFantasyHero_Texture_01_A.png using Guid(7dd0476daa9e82447856b542d1d238eb) Importer(815301076,1909f56bfc062723c751e8b465ee728b)  -> (artifact id: 'ae9a85941636563f2840cab685dadb26') in 0.015856 seconds 
  Import took 0.022504 seconds .

========================================================================
Received Prepare
Registering precompiled user dll's ...
Registered in 0.005680 seconds.
Begin MonoManager ReloadAssembly
Native extension for WindowsStandalone target not found
Refreshing native plugins compatible for Editor in 1.31 ms, found 2 plugins.
Preloading 0 native plugins for Editor in 0.00 ms.
Mono: successfully reloaded assembly
- Completed reload, in  1.170 seconds
Domain Reload Profiling:
	ReloadAssembly (1170ms)
		BeginReloadAssembly (142ms)
			ExecutionOrderSort (0ms)
			DisableScriptedObjects (6ms)
			BackupInstance (0ms)
			ReleaseScriptingObjects (0ms)
			CreateAndSetChildDomain (32ms)
		EndReloadAssembly (947ms)
			LoadAssemblies (118ms)
			RebuildTransferFunctionScriptingTraits (0ms)
			SetupTypeCache (312ms)
			ReleaseScriptCaches (1ms)
			RebuildScriptCaches (40ms)
			SetupLoadedEditorAssemblies (365ms)
				LogAssemblyErrors (0ms)
				InitializePlatformSupportModulesInManaged (5ms)
				SetLoadedEditorAssemblies (1ms)
				RefreshPlugins (1ms)
				BeforeProcessingInitializeOnLoad (101ms)
				ProcessInitializeOnLoadAttributes (239ms)
				ProcessInitializeOnLoadMethodAttributes (4ms)
				AfterProcessingInitializeOnLoad (14ms)
				EditorAssembliesLoaded (0ms)
			ExecutionOrderSort2 (0ms)
			AwakeInstancesAfterBackupRestoration (7ms)
Platform modules already initialized, skipping
Refreshing native plugins compatible for Editor in 0.86 ms, found 2 plugins.
Preloading 0 native plugins for Editor in 0.00 ms.
Unloading 2137 Unused Serialized files (Serialized files now loaded: 0)
System memory in use before: 115.7 MB.
System memory in use after: 115.7 MB.

Unloading 12 unused Assets to reduce memory usage. Loaded Objects now: 2655.
Total: 3.878400 ms (FindLiveObjects: 0.284900 ms CreateObjectMapping: 0.066100 ms MarkObjects: 3.403600 ms  DeleteObjects: 0.122900 ms)

AssetImportParameters requested are different than current active one (requested -> active):
  custom:framework-win-MediaFoundation: 216162199b28c13a410421893ffa2e32 -> 
  custom:video-decoder-ogg-theora: a1e56fd34408186e4bbccfd4996cb3dc -> 
  custom:container-muxer-webm: aa71ff27fc2769a1b78a27578f13a17b -> 
  custom:container-demuxer-webm: 4f35f7cbe854078d1ac9338744f61a02 -> 
  custom:container-demuxer-ogg: 62fdf1f143b41e24485cea50d1cbac27 -> 
  custom:video-encoder-webm-vp8: eb34c28f22e8b96e1ab97ce403110664 -> 
  custom:video-decoder-webm-vp8: 9c59270c3fd7afecdb556c50c9e8de78 -> 
  custom:audio-decoder-ogg-vorbis: bf7c407c2cedff20999df2af8eb42d56 -> 
  custom:audio-encoder-webm-vorbis: bf7c407c2cedff20999df2af8eb42d56 -> 
========================================================================
Received Import Request.
  Time since last request: 203.943229 seconds.
  path: Assets/Models/PolygonFantasyHeroCharacters/Prefabs/Weapons/SM_Wep_Shield_12.prefab
  artifactKey: Guid(efc8189be0ff92644a084f84928d1cf9) Importer(815301076,1909f56bfc062723c751e8b465ee728b)
Start importing Assets/Models/PolygonFantasyHeroCharacters/Prefabs/Weapons/SM_Wep_Shield_12.prefab using Guid(efc8189be0ff92644a084f84928d1cf9) Importer(815301076,1909f56bfc062723c751e8b465ee728b)  -> (artifact id: '6971450605a2d53a4c4a7c25899dc9d2') in 0.095779 seconds 
  Import took 0.102305 seconds .

========================================================================
Received Prepare
Registering precompiled user dll's ...
Registered in 0.005438 seconds.
Begin MonoManager ReloadAssembly
Native extension for WindowsStandalone target not found
Refreshing native plugins compatible for Editor in 1.10 ms, found 2 plugins.
Preloading 0 native plugins for Editor in 0.00 ms.
Mono: successfully reloaded assembly
- Completed reload, in 509.163 seconds
Domain Reload Profiling:
	ReloadAssembly (509178ms)
		BeginReloadAssembly (712ms)
			ExecutionOrderSort (0ms)
			DisableScriptedObjects (101ms)
			BackupInstance (0ms)
			ReleaseScriptingObjects (0ms)
			CreateAndSetChildDomain (225ms)
		EndReloadAssembly (508328ms)
			LoadAssemblies (181ms)
			RebuildTransferFunctionScriptingTraits (0ms)
			SetupTypeCache (383ms)
			ReleaseScriptCaches (2ms)
			RebuildScriptCaches (73ms)
			SetupLoadedEditorAssemblies (506824ms)
				LogAssemblyErrors (0ms)
				InitializePlatformSupportModulesInManaged (5ms)
				SetLoadedEditorAssemblies (0ms)
				RefreshPlugins (1ms)
				BeforeProcessingInitializeOnLoad (105ms)
				ProcessInitializeOnLoadAttributes (506649ms)
				ProcessInitializeOnLoadMethodAttributes (26ms)
				AfterProcessingInitializeOnLoad (37ms)
				EditorAssembliesLoaded (0ms)
			ExecutionOrderSort2 (0ms)
			AwakeInstancesAfterBackupRestoration (11ms)
Platform modules already initialized, skipping
Refreshing native plugins compatible for Editor in 1.17 ms, found 2 plugins.
Preloading 0 native plugins for Editor in 0.00 ms.
Unloading 2137 Unused Serialized files (Serialized files now loaded: 0)
System memory in use before: 115.8 MB.
System memory in use after: 115.9 MB.

Unloading 12 unused Assets to reduce memory usage. Loaded Objects now: 2658.
Total: 5.381100 ms (FindLiveObjects: 0.303200 ms CreateObjectMapping: 0.117500 ms MarkObjects: 4.840800 ms  DeleteObjects: 0.117400 ms)

AssetImportParameters requested are different than current active one (requested -> active):
  custom:framework-win-MediaFoundation: 216162199b28c13a410421893ffa2e32 -> 
  custom:video-decoder-ogg-theora: a1e56fd34408186e4bbccfd4996cb3dc -> 
  custom:container-muxer-webm: aa71ff27fc2769a1b78a27578f13a17b -> 
  custom:container-demuxer-webm: 4f35f7cbe854078d1ac9338744f61a02 -> 
  custom:container-demuxer-ogg: 62fdf1f143b41e24485cea50d1cbac27 -> 
  custom:video-encoder-webm-vp8: eb34c28f22e8b96e1ab97ce403110664 -> 
  custom:video-decoder-webm-vp8: 9c59270c3fd7afecdb556c50c9e8de78 -> 
  custom:audio-decoder-ogg-vorbis: bf7c407c2cedff20999df2af8eb42d56 -> 
  custom:audio-encoder-webm-vorbis: bf7c407c2cedff20999df2af8eb42d56 -> 
========================================================================
Received Import Request.
  Time since last request: 15084.683374 seconds.
  path: Assets/Models
  artifactKey: Guid(f46b6630011d6ce49b64ccbe9065a7c7) Importer(815301076,1909f56bfc062723c751e8b465ee728b)
Start importing Assets/Models using Guid(f46b6630011d6ce49b64ccbe9065a7c7) Importer(815301076,1909f56bfc062723c751e8b465ee728b)  -> (artifact id: 'd6a7a7b9e74a44338442dca0bf047351') in 0.008355 seconds 
  Import took 0.017149 seconds .

========================================================================
Received Import Request.
  Time since last request: 0.004833 seconds.
  path: Assets/Models
  artifactKey: Guid(f46b6630011d6ce49b64ccbe9065a7c7) Importer(815301076,1909f56bfc062723c751e8b465ee728b)
Start importing Assets/Models using Guid(f46b6630011d6ce49b64ccbe9065a7c7) Importer(815301076,1909f56bfc062723c751e8b465ee728b)  -> (artifact id: 'd6a7a7b9e74a44338442dca0bf047351') in 0.004333 seconds 
  Import took 0.008902 seconds .

========================================================================
Received Prepare
Registering precompiled user dll's ...
Registered in 0.005311 seconds.
Begin MonoManager ReloadAssembly
Native extension for WindowsStandalone target not found
Refreshing native plugins compatible for Editor in 1.00 ms, found 2 plugins.
Preloading 0 native plugins for Editor in 0.00 ms.
Mono: successfully reloaded assembly
- Completed reload, in  1.270 seconds
Domain Reload Profiling:
	ReloadAssembly (1270ms)
		BeginReloadAssembly (153ms)
			ExecutionOrderSort (0ms)
			DisableScriptedObjects (4ms)
			BackupInstance (0ms)
			ReleaseScriptingObjects (0ms)
			CreateAndSetChildDomain (37ms)
		EndReloadAssembly (1046ms)
			LoadAssemblies (114ms)
			RebuildTransferFunctionScriptingTraits (0ms)
			SetupTypeCache (320ms)
			ReleaseScriptCaches (1ms)
			RebuildScriptCaches (47ms)
			SetupLoadedEditorAssemblies (446ms)
				LogAssemblyErrors (0ms)
				InitializePlatformSupportModulesInManaged (5ms)
				SetLoadedEditorAssemblies (1ms)
				RefreshPlugins (1ms)
				BeforeProcessingInitializeOnLoad (118ms)
				ProcessInitializeOnLoadAttributes (301ms)
				ProcessInitializeOnLoadMethodAttributes (5ms)
				AfterProcessingInitializeOnLoad (15ms)
				EditorAssembliesLoaded (0ms)
			ExecutionOrderSort2 (0ms)
			AwakeInstancesAfterBackupRestoration (8ms)
Platform modules already initialized, skipping
Refreshing native plugins compatible for Editor in 0.98 ms, found 2 plugins.
Preloading 0 native plugins for Editor in 0.00 ms.
Unloading 2137 Unused Serialized files (Serialized files now loaded: 0)
System memory in use before: 115.8 MB.
System memory in use after: 115.9 MB.

Unloading 12 unused Assets to reduce memory usage. Loaded Objects now: 2660.
Total: 4.002500 ms (FindLiveObjects: 0.208100 ms CreateObjectMapping: 0.065200 ms MarkObjects: 3.621500 ms  DeleteObjects: 0.106800 ms)

AssetImportParameters requested are different than current active one (requested -> active):
  custom:framework-win-MediaFoundation: 216162199b28c13a410421893ffa2e32 -> 
  custom:video-decoder-ogg-theora: a1e56fd34408186e4bbccfd4996cb3dc -> 
  custom:container-muxer-webm: aa71ff27fc2769a1b78a27578f13a17b -> 
  custom:container-demuxer-webm: 4f35f7cbe854078d1ac9338744f61a02 -> 
  custom:container-demuxer-ogg: 62fdf1f143b41e24485cea50d1cbac27 -> 
  custom:video-encoder-webm-vp8: eb34c28f22e8b96e1ab97ce403110664 -> 
  custom:video-decoder-webm-vp8: 9c59270c3fd7afecdb556c50c9e8de78 -> 
  custom:audio-decoder-ogg-vorbis: bf7c407c2cedff20999df2af8eb42d56 -> 
  custom:audio-encoder-webm-vorbis: bf7c407c2cedff20999df2af8eb42d56 -> 
========================================================================
Received Import Request.
  Time since last request: 16.959865 seconds.
  path: Assets/Models/Extra Models
  artifactKey: Guid(1de24c10b039553448a2af84946b5c07) Importer(815301076,1909f56bfc062723c751e8b465ee728b)
Start importing Assets/Models/Extra Models using Guid(1de24c10b039553448a2af84946b5c07) Importer(815301076,1909f56bfc062723c751e8b465ee728b)  -> (artifact id: 'd33da95d2a501b6134deba8b66abd8f6') in 0.008308 seconds 
  Import took 0.013812 seconds .

========================================================================
Received Import Request.
  Time since last request: 0.000338 seconds.
  path: Assets/Models/Debris
  artifactKey: Guid(8b397e647d3e168409e8714d54e30551) Importer(815301076,1909f56bfc062723c751e8b465ee728b)
Start importing Assets/Models/Debris using Guid(8b397e647d3e168409e8714d54e30551) Importer(815301076,1909f56bfc062723c751e8b465ee728b)  -> (artifact id: '067eb94eda2bdc4ddcb73f8a201711c3') in 0.005445 seconds 
  Import took 0.011755 seconds .

========================================================================
Received Import Request.
  Time since last request: 31.421710 seconds.
  path: Assets/Models/PolygonPrototype
  artifactKey: Guid(61d0fb794fbf21741bc8f7182f26a16e) Importer(815301076,1909f56bfc062723c751e8b465ee728b)
Start importing Assets/Models/PolygonPrototype using Guid(61d0fb794fbf21741bc8f7182f26a16e) Importer(815301076,1909f56bfc062723c751e8b465ee728b)  -> (artifact id: 'a1188df24ba60cf94fd9ca3a3e058cbe') in 0.007205 seconds 
  Import took 0.022284 seconds .

========================================================================
Received Import Request.
  Time since last request: 80.605556 seconds.
  path: Assets/Prefabs/Shield.prefab
  artifactKey: Guid(22e3392f13686b34b9a362d1751d6db1) Importer(815301076,1909f56bfc062723c751e8b465ee728b)
Start importing Assets/Prefabs/Shield.prefab using Guid(22e3392f13686b34b9a362d1751d6db1) Importer(815301076,1909f56bfc062723c751e8b465ee728b)  -> (artifact id: 'a62f566862cd3d73818125677154b455') in 0.085435 seconds 
  Import took 0.091046 seconds .

========================================================================
Received Import Request.
  Time since last request: 7.755612 seconds.
  path: Assets/Prefabs/Player.prefab
  artifactKey: Guid(6eebd2dd628a9ef45ae2b37240324a14) Importer(815301076,1909f56bfc062723c751e8b465ee728b)
Start importing Assets/Prefabs/Player.prefab using Guid(6eebd2dd628a9ef45ae2b37240324a14) Importer(815301076,1909f56bfc062723c751e8b465ee728b)  -> (artifact id: '2a0b2af8dbdba7b2b81623ee3ea27ca2') in 1.319667 seconds 
  Import took 1.353156 seconds .

========================================================================
Received Import Request.
  Time since last request: 18.477221 seconds.
  path: Assets/Prefabs/Player.prefab
  artifactKey: Guid(6eebd2dd628a9ef45ae2b37240324a14) Importer(815301076,1909f56bfc062723c751e8b465ee728b)
Start importing Assets/Prefabs/Player.prefab using Guid(6eebd2dd628a9ef45ae2b37240324a14) Importer(815301076,1909f56bfc062723c751e8b465ee728b)  -> (artifact id: '46b4c2268049ccd70377e28a99838d4e') in 0.795405 seconds 
  Import took 0.834882 seconds .

========================================================================
Received Import Request.
  Time since last request: 14.765091 seconds.
  path: Assets/Prefabs/Player.prefab
  artifactKey: Guid(6eebd2dd628a9ef45ae2b37240324a14) Importer(815301076,1909f56bfc062723c751e8b465ee728b)
Start importing Assets/Prefabs/Player.prefab using Guid(6eebd2dd628a9ef45ae2b37240324a14) Importer(815301076,1909f56bfc062723c751e8b465ee728b)  -> (artifact id: 'cb7ad1d85797382d0bd1fa17e5519ae7') in 0.922640 seconds 
  Import took 0.980830 seconds .

========================================================================
Received Import Request.
  Time since last request: 8.000490 seconds.
  path: Assets/Prefabs/Player.prefab
  artifactKey: Guid(6eebd2dd628a9ef45ae2b37240324a14) Importer(815301076,1909f56bfc062723c751e8b465ee728b)
Start importing Assets/Prefabs/Player.prefab using Guid(6eebd2dd628a9ef45ae2b37240324a14) Importer(815301076,1909f56bfc062723c751e8b465ee728b)  -> (artifact id: '6a3e7c531c714b0388a27df3b10ee145') in 0.834272 seconds 
  Import took 0.883382 seconds .

========================================================================
Received Import Request.
  Time since last request: 0.004704 seconds.
  path: Assets/Prefabs/Player.prefab
  artifactKey: Guid(6eebd2dd628a9ef45ae2b37240324a14) Importer(815301076,1909f56bfc062723c751e8b465ee728b)
Start importing Assets/Prefabs/Player.prefab using Guid(6eebd2dd628a9ef45ae2b37240324a14) Importer(815301076,1909f56bfc062723c751e8b465ee728b)  -> (artifact id: '6a3e7c531c714b0388a27df3b10ee145') in 0.887241 seconds 
  Import took 0.918392 seconds .

========================================================================
Received Import Request.
  Time since last request: 0.697392 seconds.
  path: Assets/Prefabs/Player.prefab
  artifactKey: Guid(6eebd2dd628a9ef45ae2b37240324a14) Importer(815301076,1909f56bfc062723c751e8b465ee728b)
Start importing Assets/Prefabs/Player.prefab using Guid(6eebd2dd628a9ef45ae2b37240324a14) Importer(815301076,1909f56bfc062723c751e8b465ee728b)  -> (artifact id: '080ac7a0a7b304a5b613444d303bf451') in 0.789839 seconds 
  Import took 0.830794 seconds .

========================================================================
Received Import Request.
  Time since last request: 3.664359 seconds.
  path: Assets/Prefabs/Player.prefab
  artifactKey: Guid(6eebd2dd628a9ef45ae2b37240324a14) Importer(815301076,1909f56bfc062723c751e8b465ee728b)
Start importing Assets/Prefabs/Player.prefab using Guid(6eebd2dd628a9ef45ae2b37240324a14) Importer(815301076,1909f56bfc062723c751e8b465ee728b)  -> (artifact id: '83e80f3f526a106da465362c8a7f3b42') in 0.755029 seconds 
  Import took 0.798123 seconds .

========================================================================
Received Prepare
Registering precompiled user dll's ...
Registered in 0.005622 seconds.
Begin MonoManager ReloadAssembly
Native extension for WindowsStandalone target not found
Refreshing native plugins compatible for Editor in 1.05 ms, found 2 plugins.
Preloading 0 native plugins for Editor in 0.00 ms.
Mono: successfully reloaded assembly
- Completed reload, in  1.218 seconds
Domain Reload Profiling:
	ReloadAssembly (1218ms)
		BeginReloadAssembly (162ms)
			ExecutionOrderSort (0ms)
			DisableScriptedObjects (4ms)
			BackupInstance (0ms)
			ReleaseScriptingObjects (0ms)
			CreateAndSetChildDomain (50ms)
		EndReloadAssembly (979ms)
			LoadAssemblies (119ms)
			RebuildTransferFunctionScriptingTraits (0ms)
			SetupTypeCache (338ms)
			ReleaseScriptCaches (1ms)
			RebuildScriptCaches (42ms)
			SetupLoadedEditorAssemblies (368ms)
				LogAssemblyErrors (0ms)
				InitializePlatformSupportModulesInManaged (6ms)
				SetLoadedEditorAssemblies (0ms)
				RefreshPlugins (1ms)
				BeforeProcessingInitializeOnLoad (96ms)
				ProcessInitializeOnLoadAttributes (240ms)
				ProcessInitializeOnLoadMethodAttributes (6ms)
				AfterProcessingInitializeOnLoad (18ms)
				EditorAssembliesLoaded (0ms)
			ExecutionOrderSort2 (0ms)
			AwakeInstancesAfterBackupRestoration (9ms)
Platform modules already initialized, skipping
Refreshing native plugins compatible for Editor in 0.79 ms, found 2 plugins.
Preloading 0 native plugins for Editor in 0.00 ms.
Unloading 2137 Unused Serialized files (Serialized files now loaded: 0)
System memory in use before: 117.8 MB.
System memory in use after: 117.8 MB.

Unloading 12 unused Assets to reduce memory usage. Loaded Objects now: 2663.
Total: 3.561900 ms (FindLiveObjects: 0.198700 ms CreateObjectMapping: 0.062700 ms MarkObjects: 3.194400 ms  DeleteObjects: 0.105400 ms)

AssetImportParameters requested are different than current active one (requested -> active):
  custom:framework-win-MediaFoundation: 216162199b28c13a410421893ffa2e32 -> 
  custom:video-decoder-ogg-theora: a1e56fd34408186e4bbccfd4996cb3dc -> 
  custom:container-muxer-webm: aa71ff27fc2769a1b78a27578f13a17b -> 
  custom:container-demuxer-webm: 4f35f7cbe854078d1ac9338744f61a02 -> 
  custom:container-demuxer-ogg: 62fdf1f143b41e24485cea50d1cbac27 -> 
  custom:video-encoder-webm-vp8: eb34c28f22e8b96e1ab97ce403110664 -> 
  custom:video-decoder-webm-vp8: 9c59270c3fd7afecdb556c50c9e8de78 -> 
  custom:audio-decoder-ogg-vorbis: bf7c407c2cedff20999df2af8eb42d56 -> 
  custom:audio-encoder-webm-vorbis: bf7c407c2cedff20999df2af8eb42d56 -> 
AssetImportWorkerClient::OnTransportError - code=2 error=End of file
