Using pre-set license
Built from '2020.3/staging' branch; Version is '2020.3.18f1 (a7d1c678663c) revision 10998214'; Using compiler version '192528614'; Build Type 'Release'
OS: 'Windows 10 Pro; OS build 19042.1466; Version 2009; 64bit' Language: 'en' Physical Memory: 16217 MB
BatchMode: 1, IsHumanControllingUs: 0, StartBugReporterOnCrash: 0, Is64bit: 1, IsPro: 0

COMMAND LINE ARGUMENTS:
C:\Users\kyle-\Desktop\2020.3.18f1\Editor\Unity.exe
-adb2
-batchMode
-noUpm
-name
AssetImportWorker42
-projectPath
C:/Users/kyle-/Desktop/Unity-DarkSouls
-logFile
Logs/AssetImportWorker42.log
-srvPort
54878
Successfully changed project path to: C:/Users/kyle-/Desktop/Unity-DarkSouls
C:/Users/kyle-/Desktop/Unity-DarkSouls
Using Asset Import Pipeline V2.
Refreshing native plugins compatible for Editor in 741.83 ms, found 2 plugins.
Preloading 0 native plugins for Editor in 0.00 ms.
Initialize engine version: 2020.3.18f1 (a7d1c678663c)
[Subsystems] Discovering subsystems at path C:/Users/kyle-/Desktop/2020.3.18f1/Editor/Data/Resources/UnitySubsystems
[Subsystems] Discovering subsystems at path C:/Users/kyle-/Desktop/Unity-DarkSouls/Assets
GfxDevice: creating device client; threaded=0
Direct3D:
    Version:  Direct3D 11.0 [level 11.1]
    Renderer: Intel(R) UHD Graphics (ID=0x9b41)
    Vendor:   
    VRAM:     8108 MB
    Driver:   26.20.100.7926
Initialize mono
Mono path[0] = 'C:/Users/kyle-/Desktop/2020.3.18f1/Editor/Data/Managed'
Mono path[1] = 'C:/Users/kyle-/Desktop/2020.3.18f1/Editor/Data/MonoBleedingEdge/lib/mono/unityjit'
Mono config path = 'C:/Users/kyle-/Desktop/2020.3.18f1/Editor/Data/MonoBleedingEdge/etc'
Using monoOptions --debugger-agent=transport=dt_socket,embedding=1,server=y,suspend=n,address=127.0.0.1:56572
Begin MonoManager ReloadAssembly
Registering precompiled unity dll's ...
Register platform support module: C:/Users/kyle-/Desktop/2020.3.18f1/Editor/Data/PlaybackEngines/WindowsStandaloneSupport/UnityEditor.WindowsStandalone.Extensions.dll
Registered in 0.007961 seconds.
Native extension for WindowsStandalone target not found
Refreshing native plugins compatible for Editor in 192.31 ms, found 2 plugins.
Preloading 0 native plugins for Editor in 0.00 ms.
Mono: successfully reloaded assembly
- Completed reload, in  5.794 seconds
Domain Reload Profiling:
	ReloadAssembly (5795ms)
		BeginReloadAssembly (747ms)
			ExecutionOrderSort (0ms)
			DisableScriptedObjects (0ms)
			BackupInstance (0ms)
			ReleaseScriptingObjects (0ms)
			CreateAndSetChildDomain (8ms)
		EndReloadAssembly (1229ms)
			LoadAssemblies (670ms)
			RebuildTransferFunctionScriptingTraits (0ms)
			SetupTypeCache (344ms)
			ReleaseScriptCaches (0ms)
			RebuildScriptCaches (88ms)
			SetupLoadedEditorAssemblies (596ms)
				LogAssemblyErrors (0ms)
				InitializePlatformSupportModulesInManaged (11ms)
				SetLoadedEditorAssemblies (0ms)
				RefreshPlugins (193ms)
				BeforeProcessingInitializeOnLoad (43ms)
				ProcessInitializeOnLoadAttributes (216ms)
				ProcessInitializeOnLoadMethodAttributes (133ms)
				AfterProcessingInitializeOnLoad (0ms)
				EditorAssembliesLoaded (0ms)
			ExecutionOrderSort2 (0ms)
			AwakeInstancesAfterBackupRestoration (0ms)
Platform modules already initialized, skipping
Registering precompiled user dll's ...
Registered in 0.019231 seconds.
Begin MonoManager ReloadAssembly
Native extension for WindowsStandalone target not found
Refreshing native plugins compatible for Editor in 235.50 ms, found 2 plugins.
Preloading 0 native plugins for Editor in 0.00 ms.
Mono: successfully reloaded assembly
- Completed reload, in  3.830 seconds
Domain Reload Profiling:
	ReloadAssembly (3832ms)
		BeginReloadAssembly (467ms)
			ExecutionOrderSort (0ms)
			DisableScriptedObjects (17ms)
			BackupInstance (0ms)
			ReleaseScriptingObjects (0ms)
			CreateAndSetChildDomain (45ms)
		EndReloadAssembly (3138ms)
			LoadAssemblies (382ms)
			RebuildTransferFunctionScriptingTraits (0ms)
			SetupTypeCache (907ms)
			ReleaseScriptCaches (1ms)
			RebuildScriptCaches (141ms)
			SetupLoadedEditorAssemblies (1390ms)
				LogAssemblyErrors (0ms)
				InitializePlatformSupportModulesInManaged (13ms)
				SetLoadedEditorAssemblies (1ms)
				RefreshPlugins (236ms)
				BeforeProcessingInitializeOnLoad (288ms)
				ProcessInitializeOnLoadAttributes (798ms)
				ProcessInitializeOnLoadMethodAttributes (10ms)
				AfterProcessingInitializeOnLoad (44ms)
				EditorAssembliesLoaded (0ms)
			ExecutionOrderSort2 (0ms)
			AwakeInstancesAfterBackupRestoration (22ms)
Platform modules already initialized, skipping
========================================================================
Worker process is ready to serve import requests
Launched and connected shader compiler UnityShaderCompiler.exe after 0.14 seconds
Refreshing native plugins compatible for Editor in 1.78 ms, found 2 plugins.
Preloading 0 native plugins for Editor in 0.00 ms.
Unloading 2183 Unused Serialized files (Serialized files now loaded: 0)
System memory in use before: 175.2 MB.
System memory in use after: 175.2 MB.

Unloading 19 unused Assets to reduce memory usage. Loaded Objects now: 2631.
Total: 9.872800 ms (FindLiveObjects: 0.548700 ms CreateObjectMapping: 0.325400 ms MarkObjects: 8.829400 ms  DeleteObjects: 0.167600 ms)

AssetImportParameters requested are different than current active one (requested -> active):
  custom:framework-win-MediaFoundation: 216162199b28c13a410421893ffa2e32 -> 
  custom:video-decoder-ogg-theora: a1e56fd34408186e4bbccfd4996cb3dc -> 
  custom:container-muxer-webm: aa71ff27fc2769a1b78a27578f13a17b -> 
  custom:container-demuxer-webm: 4f35f7cbe854078d1ac9338744f61a02 -> 
  custom:container-demuxer-ogg: 62fdf1f143b41e24485cea50d1cbac27 -> 
  custom:video-encoder-webm-vp8: eb34c28f22e8b96e1ab97ce403110664 -> 
  custom:video-decoder-webm-vp8: 9c59270c3fd7afecdb556c50c9e8de78 -> 
  custom:audio-decoder-ogg-vorbis: bf7c407c2cedff20999df2af8eb42d56 -> 
  custom:audio-encoder-webm-vorbis: bf7c407c2cedff20999df2af8eb42d56 -> 
========================================================================
Received Import Request.
  path: Assets/Input/Player Controls.inputactions
  artifactKey: Guid(d1b383d2b5f386c4c8994a56718228ca) Importer(815301076,1909f56bfc062723c751e8b465ee728b)
Start importing Assets/Input/Player Controls.inputactions using Guid(d1b383d2b5f386c4c8994a56718228ca) Importer(815301076,1909f56bfc062723c751e8b465ee728b)  -> (artifact id: '27db83b45d5dae7a76091f843983f3ee') in 0.082280 seconds 
  Import took 0.087800 seconds .

========================================================================
Received Prepare
Refreshing native plugins compatible for Editor in 4.37 ms, found 2 plugins.
Preloading 0 native plugins for Editor in 0.00 ms.
Unloading 10 Unused Serialized files (Serialized files now loaded: 0)
System memory in use before: 128.9 MB.
System memory in use after: 129.0 MB.

Unloading 10 unused Assets to reduce memory usage. Loaded Objects now: 2631.
Total: 3.712800 ms (FindLiveObjects: 0.210500 ms CreateObjectMapping: 0.079900 ms MarkObjects: 3.326500 ms  DeleteObjects: 0.095100 ms)

AssetImportParameters requested are different than current active one (requested -> active):
  custom:framework-win-MediaFoundation: 216162199b28c13a410421893ffa2e32 -> 
  custom:video-decoder-ogg-theora: a1e56fd34408186e4bbccfd4996cb3dc -> 
  custom:container-muxer-webm: aa71ff27fc2769a1b78a27578f13a17b -> 
  custom:container-demuxer-webm: 4f35f7cbe854078d1ac9338744f61a02 -> 
  custom:container-demuxer-ogg: 62fdf1f143b41e24485cea50d1cbac27 -> 
  custom:video-encoder-webm-vp8: eb34c28f22e8b96e1ab97ce403110664 -> 
  custom:video-decoder-webm-vp8: 9c59270c3fd7afecdb556c50c9e8de78 -> 
  custom:audio-decoder-ogg-vorbis: bf7c407c2cedff20999df2af8eb42d56 -> 
  custom:audio-encoder-webm-vorbis: bf7c407c2cedff20999df2af8eb42d56 -> 
========================================================================
Received Prepare
Registering precompiled user dll's ...
Registered in 0.004725 seconds.
Begin MonoManager ReloadAssembly
Native extension for WindowsStandalone target not found
Refreshing native plugins compatible for Editor in 0.73 ms, found 2 plugins.
Preloading 0 native plugins for Editor in 0.00 ms.
Mono: successfully reloaded assembly
- Completed reload, in  1.180 seconds
Domain Reload Profiling:
	ReloadAssembly (1180ms)
		BeginReloadAssembly (149ms)
			ExecutionOrderSort (0ms)
			DisableScriptedObjects (4ms)
			BackupInstance (0ms)
			ReleaseScriptingObjects (0ms)
			CreateAndSetChildDomain (35ms)
		EndReloadAssembly (960ms)
			LoadAssemblies (108ms)
			RebuildTransferFunctionScriptingTraits (0ms)
			SetupTypeCache (346ms)
			ReleaseScriptCaches (1ms)
			RebuildScriptCaches (38ms)
			SetupLoadedEditorAssemblies (357ms)
				LogAssemblyErrors (0ms)
				InitializePlatformSupportModulesInManaged (4ms)
				SetLoadedEditorAssemblies (0ms)
				RefreshPlugins (1ms)
				BeforeProcessingInitializeOnLoad (97ms)
				ProcessInitializeOnLoadAttributes (237ms)
				ProcessInitializeOnLoadMethodAttributes (4ms)
				AfterProcessingInitializeOnLoad (13ms)
				EditorAssembliesLoaded (0ms)
			ExecutionOrderSort2 (0ms)
			AwakeInstancesAfterBackupRestoration (7ms)
Platform modules already initialized, skipping
Refreshing native plugins compatible for Editor in 0.96 ms, found 2 plugins.
Preloading 0 native plugins for Editor in 0.00 ms.
Unloading 2135 Unused Serialized files (Serialized files now loaded: 0)
System memory in use before: 171.1 MB.
System memory in use after: 171.2 MB.

Unloading 12 unused Assets to reduce memory usage. Loaded Objects now: 2633.
Total: 4.031700 ms (FindLiveObjects: 0.222800 ms CreateObjectMapping: 0.067100 ms MarkObjects: 3.594300 ms  DeleteObjects: 0.146200 ms)

AssetImportParameters requested are different than current active one (requested -> active):
  custom:framework-win-MediaFoundation: 216162199b28c13a410421893ffa2e32 -> 
  custom:video-decoder-ogg-theora: a1e56fd34408186e4bbccfd4996cb3dc -> 
  custom:container-muxer-webm: aa71ff27fc2769a1b78a27578f13a17b -> 
  custom:container-demuxer-webm: 4f35f7cbe854078d1ac9338744f61a02 -> 
  custom:container-demuxer-ogg: 62fdf1f143b41e24485cea50d1cbac27 -> 
  custom:video-encoder-webm-vp8: eb34c28f22e8b96e1ab97ce403110664 -> 
  custom:video-decoder-webm-vp8: 9c59270c3fd7afecdb556c50c9e8de78 -> 
  custom:audio-decoder-ogg-vorbis: bf7c407c2cedff20999df2af8eb42d56 -> 
  custom:audio-encoder-webm-vorbis: bf7c407c2cedff20999df2af8eb42d56 -> 
========================================================================
Received Import Request.
  Time since last request: 242.397520 seconds.
  path: Assets/Animations/Souls-like Essentials/Backstab_Death.anim
  artifactKey: Guid(ecddc372cdff6cb42bfbc67b5b685f6e) Importer(815301076,1909f56bfc062723c751e8b465ee728b)
Start importing Assets/Animations/Souls-like Essentials/Backstab_Death.anim using Guid(ecddc372cdff6cb42bfbc67b5b685f6e) Importer(815301076,1909f56bfc062723c751e8b465ee728b)  -> (artifact id: '7040a2651ffb1e54242b096b3af1ab8c') in 0.042964 seconds 
  Import took 0.047763 seconds .

========================================================================
Received Import Request.
  Time since last request: 3.199434 seconds.
  path: Assets/Animations/Souls-like Essentials/Backstab_Stabbed.anim
  artifactKey: Guid(1941336c4decf1e488299eae00bb0769) Importer(815301076,1909f56bfc062723c751e8b465ee728b)
Start importing Assets/Animations/Souls-like Essentials/Backstab_Stabbed.anim using Guid(1941336c4decf1e488299eae00bb0769) Importer(815301076,1909f56bfc062723c751e8b465ee728b)  -> (artifact id: 'b2da7d132ee25e9ef9c40a6e8228d237') in 0.060394 seconds 
  Import took 0.064263 seconds .

========================================================================
Received Import Request.
  Time since last request: 66.139232 seconds.
  path: Assets/Animations/Souls-like Essentials/Backstab_Stabbed.FBX
  artifactKey: Guid(2c1d31e5e19a0054c8978fd19c137b6b) Importer(815301076,1909f56bfc062723c751e8b465ee728b)
Start importing Assets/Animations/Souls-like Essentials/Backstab_Stabbed.FBX using Guid(2c1d31e5e19a0054c8978fd19c137b6b) Importer(815301076,1909f56bfc062723c751e8b465ee728b)  -> (artifact id: 'e852ac3de225f0f6f34e9db4c0378f92') in 0.047925 seconds 
  Import took 0.055491 seconds .

========================================================================
Received Import Request.
  Time since last request: 104.985831 seconds.
  path: Assets/Animations/Souls-like Essentials/Backstab_Stabbed.FBX
  artifactKey: Guid(2c1d31e5e19a0054c8978fd19c137b6b) Importer(815301076,1909f56bfc062723c751e8b465ee728b)
Start importing Assets/Animations/Souls-like Essentials/Backstab_Stabbed.FBX using Guid(2c1d31e5e19a0054c8978fd19c137b6b) Importer(815301076,1909f56bfc062723c751e8b465ee728b)  -> (artifact id: 'bc69deb87fec3e25336de30353a1c713') in 0.010841 seconds 
  Import took 0.019710 seconds .

========================================================================
Received Import Request.
  Time since last request: 3.969936 seconds.
  path: Assets/Animations/Souls-like Essentials/Backstab_Stabbed 2.anim
  artifactKey: Guid(4a4bdd2ecbb9b6148b02c49e484756f2) Importer(815301076,1909f56bfc062723c751e8b465ee728b)
Start importing Assets/Animations/Souls-like Essentials/Backstab_Stabbed 2.anim using Guid(4a4bdd2ecbb9b6148b02c49e484756f2) Importer(815301076,1909f56bfc062723c751e8b465ee728b)  -> (artifact id: '52d02c1447778baf7f41ebbc5ab27d94') in 0.023380 seconds 
  Import took 0.028015 seconds .

========================================================================
Received Import Request.
  Time since last request: 0.005594 seconds.
  path: Assets/Animations/Souls-like Essentials/Backstab_Stabbed 2.anim
  artifactKey: Guid(4a4bdd2ecbb9b6148b02c49e484756f2) Importer(815301076,1909f56bfc062723c751e8b465ee728b)
Start importing Assets/Animations/Souls-like Essentials/Backstab_Stabbed 2.anim using Guid(4a4bdd2ecbb9b6148b02c49e484756f2) Importer(815301076,1909f56bfc062723c751e8b465ee728b)  -> (artifact id: '52d02c1447778baf7f41ebbc5ab27d94') in 0.020352 seconds 
  Import took 0.029604 seconds .

========================================================================
Received Import Request.
  Time since last request: 7.288530 seconds.
  path: Assets/Animations/Souls-like Essentials/Backstab_Stabbed 3.anim
  artifactKey: Guid(f7bd6bf89ccd8ea439d91e05eaa1fa07) Importer(815301076,1909f56bfc062723c751e8b465ee728b)
Start importing Assets/Animations/Souls-like Essentials/Backstab_Stabbed 3.anim using Guid(f7bd6bf89ccd8ea439d91e05eaa1fa07) Importer(815301076,1909f56bfc062723c751e8b465ee728b)  -> (artifact id: '9b6cd19851cbb0481cb9e95792396b14') in 0.021724 seconds 
  Import took 0.027387 seconds .

========================================================================
Received Import Request.
  Time since last request: 18.516945 seconds.
  path: Assets/Animations/Souls-like Essentials/Backstab_Stabbed 1.anim
  artifactKey: Guid(b603271c58d62e14a929e47a33f95a51) Importer(815301076,1909f56bfc062723c751e8b465ee728b)
Start importing Assets/Animations/Souls-like Essentials/Backstab_Stabbed 1.anim using Guid(b603271c58d62e14a929e47a33f95a51) Importer(815301076,1909f56bfc062723c751e8b465ee728b)  -> (artifact id: 'fbe12cc6c8f00ee0ac5ed586b9498782') in 0.059782 seconds 
  Import took 0.063963 seconds .

========================================================================
Received Import Request.
  Time since last request: 33.210933 seconds.
  path: Assets/Animations/Souls-like Essentials/Backstab_GetUp.anim
  artifactKey: Guid(9095c7c374af4174d9b35ba4aac423b8) Importer(815301076,1909f56bfc062723c751e8b465ee728b)
Start importing Assets/Animations/Souls-like Essentials/Backstab_GetUp.anim using Guid(9095c7c374af4174d9b35ba4aac423b8) Importer(815301076,1909f56bfc062723c751e8b465ee728b)  -> (artifact id: '8ce49f3d27da767294ad5c42b5d8161c') in 0.021061 seconds 
  Import took 0.026225 seconds .

========================================================================
Received Import Request.
  Time since last request: 0.009486 seconds.
  path: Assets/Animations/Souls-like Essentials/Backstab_GetUp.anim
  artifactKey: Guid(9095c7c374af4174d9b35ba4aac423b8) Importer(815301076,1909f56bfc062723c751e8b465ee728b)
Start importing Assets/Animations/Souls-like Essentials/Backstab_GetUp.anim using Guid(9095c7c374af4174d9b35ba4aac423b8) Importer(815301076,1909f56bfc062723c751e8b465ee728b)  -> (artifact id: '8ce49f3d27da767294ad5c42b5d8161c') in 0.019249 seconds 
  Import took 0.030335 seconds .

========================================================================
Received Import Request.
  Time since last request: 35.216338 seconds.
  path: Assets/Animations/AC Controller/Humanoid.controller
  artifactKey: Guid(860184cd1c0625444aca658e25a50485) Importer(815301076,1909f56bfc062723c751e8b465ee728b)
Start importing Assets/Animations/AC Controller/Humanoid.controller using Guid(860184cd1c0625444aca658e25a50485) Importer(815301076,1909f56bfc062723c751e8b465ee728b)  -> (artifact id: 'fc82c462e488807279b9852217bd0d9e') in 0.425585 seconds 
  Import took 0.431485 seconds .

========================================================================
Received Prepare
Registering precompiled user dll's ...
Registered in 0.005445 seconds.
Begin MonoManager ReloadAssembly
Native extension for WindowsStandalone target not found
Refreshing native plugins compatible for Editor in 0.83 ms, found 2 plugins.
Preloading 0 native plugins for Editor in 0.00 ms.
Mono: successfully reloaded assembly
- Completed reload, in  1.128 seconds
Domain Reload Profiling:
	ReloadAssembly (1129ms)
		BeginReloadAssembly (157ms)
			ExecutionOrderSort (0ms)
			DisableScriptedObjects (5ms)
			BackupInstance (0ms)
			ReleaseScriptingObjects (0ms)
			CreateAndSetChildDomain (39ms)
		EndReloadAssembly (893ms)
			LoadAssemblies (111ms)
			RebuildTransferFunctionScriptingTraits (0ms)
			SetupTypeCache (284ms)
			ReleaseScriptCaches (1ms)
			RebuildScriptCaches (38ms)
			SetupLoadedEditorAssemblies (362ms)
				LogAssemblyErrors (0ms)
				InitializePlatformSupportModulesInManaged (5ms)
				SetLoadedEditorAssemblies (0ms)
				RefreshPlugins (1ms)
				BeforeProcessingInitializeOnLoad (91ms)
				ProcessInitializeOnLoadAttributes (245ms)
				ProcessInitializeOnLoadMethodAttributes (4ms)
				AfterProcessingInitializeOnLoad (15ms)
				EditorAssembliesLoaded (0ms)
			ExecutionOrderSort2 (0ms)
			AwakeInstancesAfterBackupRestoration (7ms)
Platform modules already initialized, skipping
Refreshing native plugins compatible for Editor in 0.84 ms, found 2 plugins.
Preloading 0 native plugins for Editor in 0.00 ms.
Unloading 2135 Unused Serialized files (Serialized files now loaded: 0)
System memory in use before: 171.1 MB.
System memory in use after: 171.2 MB.

Unloading 12 unused Assets to reduce memory usage. Loaded Objects now: 2635.
Total: 3.639400 ms (FindLiveObjects: 0.226200 ms CreateObjectMapping: 0.062100 ms MarkObjects: 3.238000 ms  DeleteObjects: 0.112000 ms)

AssetImportParameters requested are different than current active one (requested -> active):
  custom:framework-win-MediaFoundation: 216162199b28c13a410421893ffa2e32 -> 
  custom:video-decoder-ogg-theora: a1e56fd34408186e4bbccfd4996cb3dc -> 
  custom:container-muxer-webm: aa71ff27fc2769a1b78a27578f13a17b -> 
  custom:container-demuxer-webm: 4f35f7cbe854078d1ac9338744f61a02 -> 
  custom:container-demuxer-ogg: 62fdf1f143b41e24485cea50d1cbac27 -> 
  custom:video-encoder-webm-vp8: eb34c28f22e8b96e1ab97ce403110664 -> 
  custom:video-decoder-webm-vp8: 9c59270c3fd7afecdb556c50c9e8de78 -> 
  custom:audio-decoder-ogg-vorbis: bf7c407c2cedff20999df2af8eb42d56 -> 
  custom:audio-encoder-webm-vorbis: bf7c407c2cedff20999df2af8eb42d56 -> 
========================================================================
Received Prepare
Registering precompiled user dll's ...
Registered in 0.004841 seconds.
Begin MonoManager ReloadAssembly
Native extension for WindowsStandalone target not found
Refreshing native plugins compatible for Editor in 1.02 ms, found 2 plugins.
Preloading 0 native plugins for Editor in 0.00 ms.
Mono: successfully reloaded assembly
- Completed reload, in  1.190 seconds
Domain Reload Profiling:
	ReloadAssembly (1191ms)
		BeginReloadAssembly (150ms)
			ExecutionOrderSort (0ms)
			DisableScriptedObjects (6ms)
			BackupInstance (0ms)
			ReleaseScriptingObjects (0ms)
			CreateAndSetChildDomain (36ms)
		EndReloadAssembly (966ms)
			LoadAssemblies (114ms)
			RebuildTransferFunctionScriptingTraits (0ms)
			SetupTypeCache (351ms)
			ReleaseScriptCaches (1ms)
			RebuildScriptCaches (42ms)
			SetupLoadedEditorAssemblies (349ms)
				LogAssemblyErrors (0ms)
				InitializePlatformSupportModulesInManaged (5ms)
				SetLoadedEditorAssemblies (0ms)
				RefreshPlugins (1ms)
				BeforeProcessingInitializeOnLoad (90ms)
				ProcessInitializeOnLoadAttributes (234ms)
				ProcessInitializeOnLoadMethodAttributes (4ms)
				AfterProcessingInitializeOnLoad (14ms)
				EditorAssembliesLoaded (0ms)
			ExecutionOrderSort2 (0ms)
			AwakeInstancesAfterBackupRestoration (6ms)
Platform modules already initialized, skipping
Refreshing native plugins compatible for Editor in 0.98 ms, found 2 plugins.
Preloading 0 native plugins for Editor in 0.00 ms.
Unloading 2135 Unused Serialized files (Serialized files now loaded: 0)
System memory in use before: 171.2 MB.
System memory in use after: 171.3 MB.

Unloading 12 unused Assets to reduce memory usage. Loaded Objects now: 2637.
Total: 3.691300 ms (FindLiveObjects: 0.246200 ms CreateObjectMapping: 0.070500 ms MarkObjects: 3.260500 ms  DeleteObjects: 0.113300 ms)

AssetImportParameters requested are different than current active one (requested -> active):
  custom:framework-win-MediaFoundation: 216162199b28c13a410421893ffa2e32 -> 
  custom:video-decoder-ogg-theora: a1e56fd34408186e4bbccfd4996cb3dc -> 
  custom:container-muxer-webm: aa71ff27fc2769a1b78a27578f13a17b -> 
  custom:container-demuxer-webm: 4f35f7cbe854078d1ac9338744f61a02 -> 
  custom:container-demuxer-ogg: 62fdf1f143b41e24485cea50d1cbac27 -> 
  custom:video-encoder-webm-vp8: eb34c28f22e8b96e1ab97ce403110664 -> 
  custom:video-decoder-webm-vp8: 9c59270c3fd7afecdb556c50c9e8de78 -> 
  custom:audio-decoder-ogg-vorbis: bf7c407c2cedff20999df2af8eb42d56 -> 
  custom:audio-encoder-webm-vorbis: bf7c407c2cedff20999df2af8eb42d56 -> 
========================================================================
Received Import Request.
  Time since last request: 661.181608 seconds.
  path: Assets/Models/PolygonFantasyHeroCharacters/FixedScale/Prefabs
  artifactKey: Guid(921035ae93b6c444ba9bb6175bc3bf1c) Importer(815301076,1909f56bfc062723c751e8b465ee728b)
Start importing Assets/Models/PolygonFantasyHeroCharacters/FixedScale/Prefabs using Guid(921035ae93b6c444ba9bb6175bc3bf1c) Importer(815301076,1909f56bfc062723c751e8b465ee728b)  -> (artifact id: '1f77f155d281d0f513576dac6f893b56') in 0.017057 seconds 
  Import took 0.021414 seconds .

========================================================================
Received Import Request.
  Time since last request: 0.077637 seconds.
  path: Assets/Models/PolygonFantasyHeroCharacters/FixedScale/Prefabs/ModularCharacter_02.prefab
  artifactKey: Guid(c2e12a23c03102543ab990b5a676fb53) Importer(815301076,1909f56bfc062723c751e8b465ee728b)
Start importing Assets/Models/PolygonFantasyHeroCharacters/FixedScale/Prefabs/ModularCharacter_02.prefab using Guid(c2e12a23c03102543ab990b5a676fb53) Importer(815301076,1909f56bfc062723c751e8b465ee728b)  -> (artifact id: '19a4a9c64ed9d71213047c3e918069fb') in 0.781504 seconds 
  Import took 0.809878 seconds .

========================================================================
Received Import Request.
  Time since last request: 0.000454 seconds.
  path: Assets/Models/PolygonFantasyHeroCharacters/FixedScale/Prefabs/ModularCharacter_03.prefab
  artifactKey: Guid(ac09bdb29f3e8ac46a86a5feb97984b5) Importer(815301076,1909f56bfc062723c751e8b465ee728b)
Start importing Assets/Models/PolygonFantasyHeroCharacters/FixedScale/Prefabs/ModularCharacter_03.prefab using Guid(ac09bdb29f3e8ac46a86a5feb97984b5) Importer(815301076,1909f56bfc062723c751e8b465ee728b)  -> (artifact id: 'd627fa59671ace55bec03787ecd022df') in 0.318373 seconds 
  Import took 0.353875 seconds .

========================================================================
Received Import Request.
  Time since last request: 0.000379 seconds.
  path: Assets/Models/PolygonFantasyHeroCharacters/FixedScale/Prefabs/ModularCharacter_04.prefab
  artifactKey: Guid(295cee98f1512d4479627d50b8e4522d) Importer(815301076,1909f56bfc062723c751e8b465ee728b)
Start importing Assets/Models/PolygonFantasyHeroCharacters/FixedScale/Prefabs/ModularCharacter_04.prefab using Guid(295cee98f1512d4479627d50b8e4522d) Importer(815301076,1909f56bfc062723c751e8b465ee728b)  -> (artifact id: '95c61c9fff5a93d902626163927eace9') in 0.263445 seconds 
  Import took 0.293875 seconds .

========================================================================
Received Import Request.
  Time since last request: 0.000358 seconds.
  path: Assets/Models/PolygonFantasyHeroCharacters/FixedScale/Prefabs/ModularCharacter_05.prefab
  artifactKey: Guid(ff493cd6baa032349a466b935b6af92f) Importer(815301076,1909f56bfc062723c751e8b465ee728b)
Start importing Assets/Models/PolygonFantasyHeroCharacters/FixedScale/Prefabs/ModularCharacter_05.prefab using Guid(ff493cd6baa032349a466b935b6af92f) Importer(815301076,1909f56bfc062723c751e8b465ee728b)  -> (artifact id: 'dddcf189752fcd69ba979d6f6eb0dcec') in 0.256708 seconds 
  Import took 0.287122 seconds .

========================================================================
Received Import Request.
  Time since last request: 98.146492 seconds.
  path: Assets/Prefabs/Enemy.prefab
  artifactKey: Guid(7bd831a1c9e2cf747af5ea9c896a2dff) Importer(815301076,1909f56bfc062723c751e8b465ee728b)
Start importing Assets/Prefabs/Enemy.prefab using Guid(7bd831a1c9e2cf747af5ea9c896a2dff) Importer(815301076,1909f56bfc062723c751e8b465ee728b)  -> (artifact id: '44b6bb464c8837a6f4d156560b3e77c4') in 0.476533 seconds 
  Import took 0.483731 seconds .

========================================================================
Received Import Request.
  Time since last request: 0.000287 seconds.
  path: Assets/Prefabs/Object.prefab
  artifactKey: Guid(fc98804a880cba240ad70f8dfe6d522e) Importer(815301076,1909f56bfc062723c751e8b465ee728b)
Start importing Assets/Prefabs/Object.prefab using Guid(fc98804a880cba240ad70f8dfe6d522e) Importer(815301076,1909f56bfc062723c751e8b465ee728b)  -> (artifact id: 'befcd5c2ac36fa4c1d92496a0f40751a') in 0.010457 seconds 
  Import took 0.016142 seconds .

========================================================================
Received Import Request.
  Time since last request: 0.000258 seconds.
  path: Assets/Prefabs/Player.prefab
  artifactKey: Guid(6eebd2dd628a9ef45ae2b37240324a14) Importer(815301076,1909f56bfc062723c751e8b465ee728b)
Start importing Assets/Prefabs/Player.prefab using Guid(6eebd2dd628a9ef45ae2b37240324a14) Importer(815301076,1909f56bfc062723c751e8b465ee728b)  -> (artifact id: 'b9ade9ab3f7869a79bb87cbd40d07b6d') in 0.671741 seconds 
  Import took 0.699248 seconds .

========================================================================
Received Prepare
Registering precompiled user dll's ...
Registered in 0.008168 seconds.
Begin MonoManager ReloadAssembly
Native extension for WindowsStandalone target not found
Refreshing native plugins compatible for Editor in 1.01 ms, found 2 plugins.
Preloading 0 native plugins for Editor in 0.00 ms.
Mono: successfully reloaded assembly
- Completed reload, in  1.117 seconds
Domain Reload Profiling:
	ReloadAssembly (1117ms)
		BeginReloadAssembly (144ms)
			ExecutionOrderSort (0ms)
			DisableScriptedObjects (4ms)
			BackupInstance (0ms)
			ReleaseScriptingObjects (0ms)
			CreateAndSetChildDomain (37ms)
		EndReloadAssembly (902ms)
			LoadAssemblies (106ms)
			RebuildTransferFunctionScriptingTraits (0ms)
			SetupTypeCache (291ms)
			ReleaseScriptCaches (1ms)
			RebuildScriptCaches (41ms)
			SetupLoadedEditorAssemblies (354ms)
				LogAssemblyErrors (0ms)
				InitializePlatformSupportModulesInManaged (5ms)
				SetLoadedEditorAssemblies (0ms)
				RefreshPlugins (1ms)
				BeforeProcessingInitializeOnLoad (95ms)
				ProcessInitializeOnLoadAttributes (234ms)
				ProcessInitializeOnLoadMethodAttributes (4ms)
				AfterProcessingInitializeOnLoad (14ms)
				EditorAssembliesLoaded (0ms)
			ExecutionOrderSort2 (0ms)
			AwakeInstancesAfterBackupRestoration (8ms)
Platform modules already initialized, skipping
Refreshing native plugins compatible for Editor in 1.10 ms, found 2 plugins.
Preloading 0 native plugins for Editor in 0.00 ms.
Unloading 2135 Unused Serialized files (Serialized files now loaded: 0)
System memory in use before: 191.4 MB.
System memory in use after: 191.5 MB.

Unloading 12 unused Assets to reduce memory usage. Loaded Objects now: 2647.
Total: 3.828200 ms (FindLiveObjects: 0.235100 ms CreateObjectMapping: 0.078200 ms MarkObjects: 3.400200 ms  DeleteObjects: 0.113500 ms)

AssetImportParameters requested are different than current active one (requested -> active):
  custom:framework-win-MediaFoundation: 216162199b28c13a410421893ffa2e32 -> 
  custom:video-decoder-ogg-theora: a1e56fd34408186e4bbccfd4996cb3dc -> 
  custom:container-muxer-webm: aa71ff27fc2769a1b78a27578f13a17b -> 
  custom:container-demuxer-webm: 4f35f7cbe854078d1ac9338744f61a02 -> 
  custom:container-demuxer-ogg: 62fdf1f143b41e24485cea50d1cbac27 -> 
  custom:video-encoder-webm-vp8: eb34c28f22e8b96e1ab97ce403110664 -> 
  custom:video-decoder-webm-vp8: 9c59270c3fd7afecdb556c50c9e8de78 -> 
  custom:audio-decoder-ogg-vorbis: bf7c407c2cedff20999df2af8eb42d56 -> 
  custom:audio-encoder-webm-vorbis: bf7c407c2cedff20999df2af8eb42d56 -> 
========================================================================
Received Import Request.
  Time since last request: 3.326328 seconds.
  path: Assets/Prefabs/Dagger.prefab
  artifactKey: Guid(21293717d262156438b22d722fc89d58) Importer(815301076,1909f56bfc062723c751e8b465ee728b)
Start importing Assets/Prefabs/Dagger.prefab using Guid(21293717d262156438b22d722fc89d58) Importer(815301076,1909f56bfc062723c751e8b465ee728b)  -> (artifact id: 'fef31291963c1e9d17ba11f1bcb7d883') in 0.096428 seconds 
  Import took 0.102599 seconds .

========================================================================
Received Import Request.
  Time since last request: 29.560519 seconds.
  path: Assets/Prefabs/Dagger.prefab
  artifactKey: Guid(21293717d262156438b22d722fc89d58) Importer(815301076,1909f56bfc062723c751e8b465ee728b)
Start importing Assets/Prefabs/Dagger.prefab using Guid(21293717d262156438b22d722fc89d58) Importer(815301076,1909f56bfc062723c751e8b465ee728b)  -> (artifact id: 'a1cf5efa22ab917fd6ed0c94640050db') in 0.030280 seconds 
  Import took 0.035798 seconds .

========================================================================
Received Import Request.
  Time since last request: 5.806840 seconds.
  path: Assets/Prefabs/Dagger.prefab
  artifactKey: Guid(21293717d262156438b22d722fc89d58) Importer(815301076,1909f56bfc062723c751e8b465ee728b)
Start importing Assets/Prefabs/Dagger.prefab using Guid(21293717d262156438b22d722fc89d58) Importer(815301076,1909f56bfc062723c751e8b465ee728b)  -> (artifact id: '61c2e84aca7f6f938d60809c77a12f0d') in 0.023953 seconds 
  Import took 0.029719 seconds .

========================================================================
Received Import Request.
  Time since last request: 7.279306 seconds.
  path: Assets/Prefabs/Dagger.prefab
  artifactKey: Guid(21293717d262156438b22d722fc89d58) Importer(815301076,1909f56bfc062723c751e8b465ee728b)
Start importing Assets/Prefabs/Dagger.prefab using Guid(21293717d262156438b22d722fc89d58) Importer(815301076,1909f56bfc062723c751e8b465ee728b)  -> (artifact id: '3b6a49a3eaf85681f1b14bc3bd5dae4d') in 0.023865 seconds 
  Import took 0.029311 seconds .

========================================================================
Received Import Request.
  Time since last request: 17.628168 seconds.
  path: Assets/Prefabs/Dagger.prefab
  artifactKey: Guid(21293717d262156438b22d722fc89d58) Importer(815301076,1909f56bfc062723c751e8b465ee728b)
Start importing Assets/Prefabs/Dagger.prefab using Guid(21293717d262156438b22d722fc89d58) Importer(815301076,1909f56bfc062723c751e8b465ee728b)  -> (artifact id: 'ddfee9e95b95ceaa08e779ec79d0eca5') in 0.025183 seconds 
  Import took 0.030895 seconds .

========================================================================
Received Import Request.
  Time since last request: 3.996224 seconds.
  path: Assets/Prefabs/Dagger.prefab
  artifactKey: Guid(21293717d262156438b22d722fc89d58) Importer(815301076,1909f56bfc062723c751e8b465ee728b)
Start importing Assets/Prefabs/Dagger.prefab using Guid(21293717d262156438b22d722fc89d58) Importer(815301076,1909f56bfc062723c751e8b465ee728b)  -> (artifact id: 'db6bed9c0d18cdab5948b7738cbbe7bc') in 0.024597 seconds 
  Import took 0.030227 seconds .

========================================================================
Received Import Request.
  Time since last request: 0.900478 seconds.
  path: Assets/Prefabs/Dagger.prefab
  artifactKey: Guid(21293717d262156438b22d722fc89d58) Importer(815301076,1909f56bfc062723c751e8b465ee728b)
Start importing Assets/Prefabs/Dagger.prefab using Guid(21293717d262156438b22d722fc89d58) Importer(815301076,1909f56bfc062723c751e8b465ee728b)  -> (artifact id: '3ebca650e191522adc7921948c39bc19') in 0.026102 seconds 
  Import took 0.032105 seconds .

========================================================================
Received Import Request.
  Time since last request: 0.072358 seconds.
  path: Assets/Prefabs/Dagger.prefab
  artifactKey: Guid(21293717d262156438b22d722fc89d58) Importer(815301076,1909f56bfc062723c751e8b465ee728b)
Start importing Assets/Prefabs/Dagger.prefab using Guid(21293717d262156438b22d722fc89d58) Importer(815301076,1909f56bfc062723c751e8b465ee728b)  -> (artifact id: 'b65cee98ce6da31d74cce7332b66a05c') in 0.023584 seconds 
  Import took 0.029270 seconds .

========================================================================
Received Import Request.
  Time since last request: 0.003643 seconds.
  path: Assets/Prefabs/Dagger.prefab
  artifactKey: Guid(21293717d262156438b22d722fc89d58) Importer(815301076,1909f56bfc062723c751e8b465ee728b)
Start importing Assets/Prefabs/Dagger.prefab using Guid(21293717d262156438b22d722fc89d58) Importer(815301076,1909f56bfc062723c751e8b465ee728b)  -> (artifact id: 'b65cee98ce6da31d74cce7332b66a05c') in 0.024578 seconds 
  Import took 0.030535 seconds .

========================================================================
Received Import Request.
  Time since last request: 4.765332 seconds.
  path: Assets/Prefabs/Dagger.prefab
  artifactKey: Guid(21293717d262156438b22d722fc89d58) Importer(815301076,1909f56bfc062723c751e8b465ee728b)
Start importing Assets/Prefabs/Dagger.prefab using Guid(21293717d262156438b22d722fc89d58) Importer(815301076,1909f56bfc062723c751e8b465ee728b)  -> (artifact id: '08af2dfc1348886e9eb31fe80c2529a4') in 0.024166 seconds 
  Import took 0.030893 seconds .

========================================================================
Received Import Request.
  Time since last request: 3.711185 seconds.
  path: Assets/SO/Heal Player.asset
  artifactKey: Guid(9eedd7ae57d29d34e96e2ac47ec6b00d) Importer(815301076,1909f56bfc062723c751e8b465ee728b)
Start importing Assets/SO/Heal Player.asset using Guid(9eedd7ae57d29d34e96e2ac47ec6b00d) Importer(815301076,1909f56bfc062723c751e8b465ee728b)  -> (artifact id: '8c6294febe1f17f8c95e08255a56fb40') in 0.007077 seconds 
  Import took 0.011674 seconds .

========================================================================
Received Import Request.
  Time since last request: 5.585400 seconds.
  path: Assets/SO/Dagger.asset
  artifactKey: Guid(614f2d70166561c439a7bd3f732a4b37) Importer(815301076,1909f56bfc062723c751e8b465ee728b)
Start importing Assets/SO/Dagger.asset using Guid(614f2d70166561c439a7bd3f732a4b37) Importer(815301076,1909f56bfc062723c751e8b465ee728b)  -> (artifact id: '36bd91fd531d052baa911d526148fd9c') in 0.004521 seconds 
  Import took 0.009054 seconds .

========================================================================
Received Import Request.
  Time since last request: 0.000832 seconds.
  path: Assets/SO/Dagger.asset
  artifactKey: Guid(614f2d70166561c439a7bd3f732a4b37) Importer(815301076,1909f56bfc062723c751e8b465ee728b)
Start importing Assets/SO/Dagger.asset using Guid(614f2d70166561c439a7bd3f732a4b37) Importer(815301076,1909f56bfc062723c751e8b465ee728b)  -> (artifact id: '36bd91fd531d052baa911d526148fd9c') in 0.004548 seconds 
  Import took 0.008780 seconds .

AssetImportWorkerClient::OnTransportError - code=2 error=End of file
