Using pre-set license
Built from '2020.3/staging' branch; Version is '2020.3.14f1 (d0d1bb862f9d) revision 13685179'; Using compiler version '192528614'; Build Type 'Release'
OS: 'Windows 10 Pro; OS build 19043.1466; Version 2009; 64bit' Language: 'en' Physical Memory: 16312 MB
BatchMode: 1, IsHumanControllingUs: 0, StartBugReporterOnCrash: 0, Is64bit: 1, IsPro: 0

 COMMAND LINE ARGUMENTS:
C:\Users\kyle-\Downloads\2020.3.14f1\Editor\Unity.exe
-adb2
-batchMode
-noUpm
-name
AssetImportWorker0
-projectPath
C:/Users/kyle-/Desktop/Project/Unity-DarkSouls
-logFile
Logs/AssetImportWorker0.log
-srvPort
60872
Successfully changed project path to: C:/Users/kyle-/Desktop/Project/Unity-DarkSouls
C:/Users/kyle-/Desktop/Project/Unity-DarkSouls
Using Asset Import Pipeline V2.
Refreshing native plugins compatible for Editor in 83.58 ms, found 2 plugins.
Preloading 0 native plugins for Editor in 0.00 ms.
Initialize engine version: 2020.3.14f1 (d0d1bb862f9d)
[Subsystems] Discovering subsystems at path C:/Users/kyle-/Downloads/2020.3.14f1/Editor/Data/Resources/UnitySubsystems
[Subsystems] Discovering subsystems at path C:/Users/kyle-/Desktop/Project/Unity-DarkSouls/Assets
GfxDevice: creating device client; threaded=0
Direct3D:
    Version:  Direct3D 11.0 [level 11.1]
    Renderer: NVIDIA GeForce GTX 1660 Ti (ID=0x2182)
    Vendor:   
    VRAM:     5991 MB
    Driver:   27.21.14.5751
Initialize mono
Mono path[0] = 'C:/Users/kyle-/Downloads/2020.3.14f1/Editor/Data/Managed'
Mono path[1] = 'C:/Users/kyle-/Downloads/2020.3.14f1/Editor/Data/MonoBleedingEdge/lib/mono/unityjit'
Mono config path = 'C:/Users/kyle-/Downloads/2020.3.14f1/Editor/Data/MonoBleedingEdge/etc'
Using monoOptions --debugger-agent=transport=dt_socket,embedding=1,server=y,suspend=n,address=127.0.0.1:56868
Begin MonoManager ReloadAssembly
Registering precompiled unity dll's ...
Register platform support module: C:/Users/kyle-/Downloads/2020.3.14f1/Editor/Data/PlaybackEngines/WebGLSupport/UnityEditor.WebGL.Extensions.dll
Register platform support module: C:/Users/kyle-/Downloads/2020.3.14f1/Editor/Data/PlaybackEngines/WindowsStandaloneSupport/UnityEditor.WindowsStandalone.Extensions.dll
Registered in 0.008075 seconds.
Native extension for WindowsStandalone target not found
Native extension for WebGL target not found
Refreshing native plugins compatible for Editor in 87.20 ms, found 2 plugins.
Preloading 0 native plugins for Editor in 0.00 ms.
Mono: successfully reloaded assembly
- Completed reload, in  2.074 seconds
Domain Reload Profiling:
	ReloadAssembly (2074ms)
		BeginReloadAssembly (96ms)
			ExecutionOrderSort (0ms)
			DisableScriptedObjects (0ms)
			BackupInstance (0ms)
			ReleaseScriptingObjects (0ms)
			CreateAndSetChildDomain (1ms)
		EndReloadAssembly (524ms)
			LoadAssemblies (89ms)
			RebuildTransferFunctionScriptingTraits (0ms)
			SetupTypeCache (161ms)
			ReleaseScriptCaches (0ms)
			RebuildScriptCaches (35ms)
			SetupLoadedEditorAssemblies (232ms)
				LogAssemblyErrors (0ms)
				InitializePlatformSupportModulesInManaged (6ms)
				SetLoadedEditorAssemblies (0ms)
				RefreshPlugins (87ms)
				BeforeProcessingInitializeOnLoad (16ms)
				ProcessInitializeOnLoadAttributes (90ms)
				ProcessInitializeOnLoadMethodAttributes (32ms)
				AfterProcessingInitializeOnLoad (0ms)
				EditorAssembliesLoaded (0ms)
			ExecutionOrderSort2 (0ms)
			AwakeInstancesAfterBackupRestoration (0ms)
Platform modules already initialized, skipping
Registering precompiled user dll's ...
Registered in 0.008617 seconds.
Begin MonoManager ReloadAssembly
Native extension for WindowsStandalone target not found
Native extension for WebGL target not found
Refreshing native plugins compatible for Editor in 89.45 ms, found 2 plugins.
Preloading 0 native plugins for Editor in 0.00 ms.
Mono: successfully reloaded assembly
- Completed reload, in  1.505 seconds
Domain Reload Profiling:
	ReloadAssembly (1507ms)
		BeginReloadAssembly (189ms)
			ExecutionOrderSort (0ms)
			DisableScriptedObjects (5ms)
			BackupInstance (0ms)
			ReleaseScriptingObjects (0ms)
			CreateAndSetChildDomain (19ms)
		EndReloadAssembly (1223ms)
			LoadAssemblies (159ms)
			RebuildTransferFunctionScriptingTraits (0ms)
			SetupTypeCache (313ms)
			ReleaseScriptCaches (1ms)
			RebuildScriptCaches (49ms)
			SetupLoadedEditorAssemblies (577ms)
				LogAssemblyErrors (0ms)
				InitializePlatformSupportModulesInManaged (6ms)
				SetLoadedEditorAssemblies (0ms)
				RefreshPlugins (90ms)
				BeforeProcessingInitializeOnLoad (142ms)
				ProcessInitializeOnLoadAttributes (310ms)
				ProcessInitializeOnLoadMethodAttributes (4ms)
				AfterProcessingInitializeOnLoad (24ms)
				EditorAssembliesLoaded (0ms)
			ExecutionOrderSort2 (0ms)
			AwakeInstancesAfterBackupRestoration (7ms)
Platform modules already initialized, skipping
========================================================================
Worker process is ready to serve import requests
Launched and connected shader compiler UnityShaderCompiler.exe after 0.07 seconds
Refreshing native plugins compatible for Editor in 0.83 ms, found 2 plugins.
Preloading 0 native plugins for Editor in 0.00 ms.
Unloading 2180 Unused Serialized files (Serialized files now loaded: 0)
System memory in use before: 102.4 MB.
System memory in use after: 102.4 MB.

Unloading 19 unused Assets to reduce memory usage. Loaded Objects now: 2619.
Total: 2.618200 ms (FindLiveObjects: 0.224600 ms CreateObjectMapping: 0.051700 ms MarkObjects: 2.225700 ms  DeleteObjects: 0.115000 ms)

AssetImportParameters requested are different than current active one (requested -> active):
  custom:framework-win-MediaFoundation: 216162199b28c13a410421893ffa2e32 -> 
  custom:video-decoder-ogg-theora: a1e56fd34408186e4bbccfd4996cb3dc -> 
  custom:container-muxer-webm: aa71ff27fc2769a1b78a27578f13a17b -> 
  custom:container-demuxer-webm: 4f35f7cbe854078d1ac9338744f61a02 -> 
  custom:container-demuxer-ogg: 62fdf1f143b41e24485cea50d1cbac27 -> 
  custom:video-encoder-webm-vp8: eb34c28f22e8b96e1ab97ce403110664 -> 
  custom:video-decoder-webm-vp8: 9c59270c3fd7afecdb556c50c9e8de78 -> 
  custom:audio-decoder-ogg-vorbis: bf7c407c2cedff20999df2af8eb42d56 -> 
  custom:audio-encoder-webm-vorbis: bf7c407c2cedff20999df2af8eb42d56 -> 
========================================================================
Received Import Request.
  path: Assets/Scenes
  artifactKey: Guid(2dfc1db85b26bea45a384b20c9403918) Importer(815301076,1909f56bfc062723c751e8b465ee728b)
Start importing Assets/Scenes using Guid(2dfc1db85b26bea45a384b20c9403918) Importer(815301076,1909f56bfc062723c751e8b465ee728b)  -> (artifact id: 'd329143c9aaed2cc021cb29b4a08e929') in 0.008726 seconds 
  Import took 0.012315 seconds .

========================================================================
Received Import Request.
  Time since last request: 0.000272 seconds.
  path: Assets/Scenes/Main.unity
  artifactKey: Guid(9758df0c12796494bbe43b5c9b4ea9b4) Importer(815301076,1909f56bfc062723c751e8b465ee728b)
Start importing Assets/Scenes/Main.unity using Guid(9758df0c12796494bbe43b5c9b4ea9b4) Importer(815301076,1909f56bfc062723c751e8b465ee728b)  -> (artifact id: '9c8c227454588a0a200f9cbbfa8620d3') in 0.014523 seconds 
  Import took 0.017696 seconds .

========================================================================
Received Prepare
Registering precompiled user dll's ...
Registered in 0.007428 seconds.
Begin MonoManager ReloadAssembly
Native extension for WindowsStandalone target not found
Native extension for WebGL target not found
Refreshing native plugins compatible for Editor in 0.87 ms, found 2 plugins.
Preloading 0 native plugins for Editor in 0.00 ms.
Mono: successfully reloaded assembly
- Completed reload, in  1.344 seconds
Domain Reload Profiling:
	ReloadAssembly (1345ms)
		BeginReloadAssembly (167ms)
			ExecutionOrderSort (0ms)
			DisableScriptedObjects (4ms)
			BackupInstance (0ms)
			ReleaseScriptingObjects (0ms)
			CreateAndSetChildDomain (36ms)
		EndReloadAssembly (1050ms)
			LoadAssemblies (165ms)
			RebuildTransferFunctionScriptingTraits (0ms)
			SetupTypeCache (320ms)
			ReleaseScriptCaches (1ms)
			RebuildScriptCaches (41ms)
			SetupLoadedEditorAssemblies (408ms)
				LogAssemblyErrors (0ms)
				InitializePlatformSupportModulesInManaged (7ms)
				SetLoadedEditorAssemblies (0ms)
				RefreshPlugins (1ms)
				BeforeProcessingInitializeOnLoad (109ms)
				ProcessInitializeOnLoadAttributes (261ms)
				ProcessInitializeOnLoadMethodAttributes (4ms)
				AfterProcessingInitializeOnLoad (26ms)
				EditorAssembliesLoaded (0ms)
			ExecutionOrderSort2 (0ms)
			AwakeInstancesAfterBackupRestoration (8ms)
Platform modules already initialized, skipping
Refreshing native plugins compatible for Editor in 0.85 ms, found 2 plugins.
Preloading 0 native plugins for Editor in 0.00 ms.
Unloading 2132 Unused Serialized files (Serialized files now loaded: 0)
System memory in use before: 98.4 MB.
System memory in use after: 98.4 MB.

Unloading 12 unused Assets to reduce memory usage. Loaded Objects now: 2621.
Total: 2.588500 ms (FindLiveObjects: 0.222100 ms CreateObjectMapping: 0.051500 ms MarkObjects: 2.233300 ms  DeleteObjects: 0.080200 ms)

AssetImportParameters requested are different than current active one (requested -> active):
  custom:framework-win-MediaFoundation: 216162199b28c13a410421893ffa2e32 -> 
  custom:video-decoder-ogg-theora: a1e56fd34408186e4bbccfd4996cb3dc -> 
  custom:container-muxer-webm: aa71ff27fc2769a1b78a27578f13a17b -> 
  custom:container-demuxer-webm: 4f35f7cbe854078d1ac9338744f61a02 -> 
  custom:container-demuxer-ogg: 62fdf1f143b41e24485cea50d1cbac27 -> 
  custom:video-encoder-webm-vp8: eb34c28f22e8b96e1ab97ce403110664 -> 
  custom:video-decoder-webm-vp8: 9c59270c3fd7afecdb556c50c9e8de78 -> 
  custom:audio-decoder-ogg-vorbis: bf7c407c2cedff20999df2af8eb42d56 -> 
  custom:audio-encoder-webm-vorbis: bf7c407c2cedff20999df2af8eb42d56 -> 
========================================================================
Received Import Request.
  Time since last request: 144.409009 seconds.
  path: Assets/Prefabs/Butcher Sword.prefab
  artifactKey: Guid(10327d8fe9496754ea771cba855f35c0) Importer(815301076,1909f56bfc062723c751e8b465ee728b)
Start importing Assets/Prefabs/Butcher Sword.prefab using Guid(10327d8fe9496754ea771cba855f35c0) Importer(815301076,1909f56bfc062723c751e8b465ee728b)  -> (artifact id: '16b2a7b4a3fedbd575059ea90b6aa4e9') in 0.366844 seconds 
  Import took 0.370709 seconds .

========================================================================
Received Import Request.
  Time since last request: 0.000299 seconds.
  path: Assets/Prefabs/Sword.prefab
  artifactKey: Guid(4cbd2f2b1ecb12b46987017514d9966a) Importer(815301076,1909f56bfc062723c751e8b465ee728b)
Start importing Assets/Prefabs/Sword.prefab using Guid(4cbd2f2b1ecb12b46987017514d9966a) Importer(815301076,1909f56bfc062723c751e8b465ee728b)  -> (artifact id: 'ad175f2d77bdf1939fafbc5f82894164') in 0.021366 seconds 
  Import took 0.025304 seconds .

========================================================================
Received Import Request.
  Time since last request: 0.000273 seconds.
  path: Assets/Prefabs/Camera Holder.prefab
  artifactKey: Guid(01cfb0ef84cebea4f8b8354eab5d7b0b) Importer(815301076,1909f56bfc062723c751e8b465ee728b)
Start importing Assets/Prefabs/Camera Holder.prefab using Guid(01cfb0ef84cebea4f8b8354eab5d7b0b) Importer(815301076,1909f56bfc062723c751e8b465ee728b)  -> (artifact id: '5feab3336a4725f6d13f569c8e43899a') in 0.008465 seconds 
  Import took 0.012130 seconds .

========================================================================
Received Import Request.
  Time since last request: 0.000291 seconds.
  path: Assets/Prefabs/Unarmed.prefab
  artifactKey: Guid(f5cad449961912548bccaa17d5b50fa0) Importer(815301076,1909f56bfc062723c751e8b465ee728b)
Start importing Assets/Prefabs/Unarmed.prefab using Guid(f5cad449961912548bccaa17d5b50fa0) Importer(815301076,1909f56bfc062723c751e8b465ee728b)  -> (artifact id: '67c52f6249ee4ed59df932bf63425767') in 0.007349 seconds 
  Import took 0.010539 seconds .

========================================================================
Received Import Request.
  Time since last request: 0.000286 seconds.
  path: Assets/Prefabs/PlayerModel.prefab
  artifactKey: Guid(3f581b8f5dacdc54b8e405d2157e1d8b) Importer(815301076,1909f56bfc062723c751e8b465ee728b)
Start importing Assets/Prefabs/PlayerModel.prefab using Guid(3f581b8f5dacdc54b8e405d2157e1d8b) Importer(815301076,1909f56bfc062723c751e8b465ee728b)  -> (artifact id: '390da361a450e0caba7afea5c03ad813') in 0.889808 seconds 
  Import took 0.910968 seconds .

========================================================================
Received Import Request.
  Time since last request: 0.000309 seconds.
  path: Assets/Prefabs/Enemy.prefab
  artifactKey: Guid(7bd831a1c9e2cf747af5ea9c896a2dff) Importer(815301076,1909f56bfc062723c751e8b465ee728b)
Start importing Assets/Prefabs/Enemy.prefab using Guid(7bd831a1c9e2cf747af5ea9c896a2dff) Importer(815301076,1909f56bfc062723c751e8b465ee728b)  -> (artifact id: 'aeb3beb5182286e137cc711671c5d2fc') in 0.501941 seconds 
  Import took 0.508125 seconds .

========================================================================
Received Import Request.
  Time since last request: 0.000264 seconds.
  path: Assets/Prefabs/Sword_2.prefab
  artifactKey: Guid(1f9412d7d2e381c42b32dba0d2073dde) Importer(815301076,1909f56bfc062723c751e8b465ee728b)
Start importing Assets/Prefabs/Sword_2.prefab using Guid(1f9412d7d2e381c42b32dba0d2073dde) Importer(815301076,1909f56bfc062723c751e8b465ee728b)  -> (artifact id: '9258319113fd1c0e22b05187205ac3ef') in 0.017121 seconds 
  Import took 0.021220 seconds .

========================================================================
Received Import Request.
  Time since last request: 0.000264 seconds.
  path: Assets/Prefabs/Object.prefab
  artifactKey: Guid(fc98804a880cba240ad70f8dfe6d522e) Importer(815301076,1909f56bfc062723c751e8b465ee728b)
Start importing Assets/Prefabs/Object.prefab using Guid(fc98804a880cba240ad70f8dfe6d522e) Importer(815301076,1909f56bfc062723c751e8b465ee728b)  -> (artifact id: 'd183b456057459f8809c3ca962e9f6dc') in 0.047381 seconds 
  Import took 0.050687 seconds .

========================================================================
Received Import Request.
  Time since last request: 0.000284 seconds.
  path: Assets/Prefabs/Player UI.prefab
  artifactKey: Guid(1047ec69c8681af418490b6f169dbfb3) Importer(815301076,1909f56bfc062723c751e8b465ee728b)
Start importing Assets/Prefabs/Player UI.prefab using Guid(1047ec69c8681af418490b6f169dbfb3) Importer(815301076,1909f56bfc062723c751e8b465ee728b)  -> (artifact id: '59855011bd392f4559c04a4f0bc3b957') in 0.084365 seconds 
  Import took 0.087935 seconds .

========================================================================
Received Import Request.
  Time since last request: 0.000282 seconds.
  path: Assets/Prefabs/Small Sword.prefab
  artifactKey: Guid(1e72eb908120b1f47ab06ed2c71d2d82) Importer(815301076,1909f56bfc062723c751e8b465ee728b)
Start importing Assets/Prefabs/Small Sword.prefab using Guid(1e72eb908120b1f47ab06ed2c71d2d82) Importer(815301076,1909f56bfc062723c751e8b465ee728b)  -> (artifact id: 'eab0d81b57fda77434aa5e7458ef5524') in 0.018670 seconds 
  Import took 0.022060 seconds .

========================================================================
Received Import Request.
  Time since last request: 0.000249 seconds.
  path: Assets/Prefabs/Player.prefab
  artifactKey: Guid(6eebd2dd628a9ef45ae2b37240324a14) Importer(815301076,1909f56bfc062723c751e8b465ee728b)
Start importing Assets/Prefabs/Player.prefab using Guid(6eebd2dd628a9ef45ae2b37240324a14) Importer(815301076,1909f56bfc062723c751e8b465ee728b)  -> (artifact id: '26d62e0f20dda480eb9f4a77267a1ba1') in 0.615587 seconds 
  Import took 0.637760 seconds .

========================================================================
Received Import Request.
  Time since last request: 3.955216 seconds.
  path: Assets/Scripts/Player
  artifactKey: Guid(0c1aded33aee3a04eb7753785ff3fa19) Importer(815301076,1909f56bfc062723c751e8b465ee728b)
Start importing Assets/Scripts/Player using Guid(0c1aded33aee3a04eb7753785ff3fa19) Importer(815301076,1909f56bfc062723c751e8b465ee728b)  -> (artifact id: 'e21f8258e496b2ddd7df16184f2ae1bd') in 0.005002 seconds 
  Import took 0.009595 seconds .

========================================================================
Received Import Request.
  Time since last request: 0.000419 seconds.
  path: Assets/Scripts/Player
  artifactKey: Guid(0c1aded33aee3a04eb7753785ff3fa19) Importer(815301076,1909f56bfc062723c751e8b465ee728b)
Start importing Assets/Scripts/Player using Guid(0c1aded33aee3a04eb7753785ff3fa19) Importer(815301076,1909f56bfc062723c751e8b465ee728b)  -> (artifact id: 'e21f8258e496b2ddd7df16184f2ae1bd') in 0.004426 seconds 
  Import took 0.008157 seconds .

========================================================================
Received Import Request.
  Time since last request: 3.521832 seconds.
  path: Assets/Scripts/Player/PlayerAttacker.cs
  artifactKey: Guid(b523b757c1ce1874788577cf60149786) Importer(815301076,1909f56bfc062723c751e8b465ee728b)
Start importing Assets/Scripts/Player/PlayerAttacker.cs using Guid(b523b757c1ce1874788577cf60149786) Importer(815301076,1909f56bfc062723c751e8b465ee728b)  -> (artifact id: '6d6fc3711ca2de78623e52b9f30c927e') in 0.013343 seconds 
  Import took 0.017117 seconds .

========================================================================
Received Import Request.
  Time since last request: 0.016719 seconds.
  path: Assets/Scripts/Player/PlayerAttacker.cs
  artifactKey: Guid(b523b757c1ce1874788577cf60149786) Importer(815301076,1909f56bfc062723c751e8b465ee728b)
Start importing Assets/Scripts/Player/PlayerAttacker.cs using Guid(b523b757c1ce1874788577cf60149786) Importer(815301076,1909f56bfc062723c751e8b465ee728b)  -> (artifact id: '6d6fc3711ca2de78623e52b9f30c927e') in 0.003954 seconds 
  Import took 0.007391 seconds .

========================================================================
Received Import Request.
  Time since last request: 31.860959 seconds.
  path: Assets/Scripts/Player/InputHandler.cs
  artifactKey: Guid(ec9bcd11b3963c740b655cc98d964f4b) Importer(815301076,1909f56bfc062723c751e8b465ee728b)
Start importing Assets/Scripts/Player/InputHandler.cs using Guid(ec9bcd11b3963c740b655cc98d964f4b) Importer(815301076,1909f56bfc062723c751e8b465ee728b)  -> (artifact id: 'fcf2cd0c5c0357e037311c8d1202ff5c') in 0.004864 seconds 
  Import took 0.008874 seconds .

========================================================================
Received Prepare
Registering precompiled user dll's ...
Registered in 0.007633 seconds.
Begin MonoManager ReloadAssembly
Native extension for WindowsStandalone target not found
Native extension for WebGL target not found
Refreshing native plugins compatible for Editor in 0.81 ms, found 2 plugins.
Preloading 0 native plugins for Editor in 0.00 ms.
Mono: successfully reloaded assembly
- Completed reload, in  1.198 seconds
Domain Reload Profiling:
	ReloadAssembly (1199ms)
		BeginReloadAssembly (157ms)
			ExecutionOrderSort (0ms)
			DisableScriptedObjects (5ms)
			BackupInstance (0ms)
			ReleaseScriptingObjects (0ms)
			CreateAndSetChildDomain (36ms)
		EndReloadAssembly (949ms)
			LoadAssemblies (133ms)
			RebuildTransferFunctionScriptingTraits (0ms)
			SetupTypeCache (288ms)
			ReleaseScriptCaches (1ms)
			RebuildScriptCaches (37ms)
			SetupLoadedEditorAssemblies (389ms)
				LogAssemblyErrors (0ms)
				InitializePlatformSupportModulesInManaged (6ms)
				SetLoadedEditorAssemblies (0ms)
				RefreshPlugins (1ms)
				BeforeProcessingInitializeOnLoad (110ms)
				ProcessInitializeOnLoadAttributes (244ms)
				ProcessInitializeOnLoadMethodAttributes (3ms)
				AfterProcessingInitializeOnLoad (24ms)
				EditorAssembliesLoaded (0ms)
			ExecutionOrderSort2 (0ms)
			AwakeInstancesAfterBackupRestoration (7ms)
Platform modules already initialized, skipping
Refreshing native plugins compatible for Editor in 0.83 ms, found 2 plugins.
Preloading 0 native plugins for Editor in 0.00 ms.
Unloading 2132 Unused Serialized files (Serialized files now loaded: 0)
System memory in use before: 116.9 MB.
System memory in use after: 117.0 MB.

Unloading 13 unused Assets to reduce memory usage. Loaded Objects now: 2632.
Total: 2.692600 ms (FindLiveObjects: 0.268500 ms CreateObjectMapping: 0.050800 ms MarkObjects: 2.281800 ms  DeleteObjects: 0.089300 ms)

AssetImportParameters requested are different than current active one (requested -> active):
  custom:framework-win-MediaFoundation: 216162199b28c13a410421893ffa2e32 -> 
  custom:video-decoder-ogg-theora: a1e56fd34408186e4bbccfd4996cb3dc -> 
  custom:container-muxer-webm: aa71ff27fc2769a1b78a27578f13a17b -> 
  custom:container-demuxer-webm: 4f35f7cbe854078d1ac9338744f61a02 -> 
  custom:container-demuxer-ogg: 62fdf1f143b41e24485cea50d1cbac27 -> 
  custom:video-encoder-webm-vp8: eb34c28f22e8b96e1ab97ce403110664 -> 
  custom:video-decoder-webm-vp8: 9c59270c3fd7afecdb556c50c9e8de78 -> 
  custom:audio-decoder-ogg-vorbis: bf7c407c2cedff20999df2af8eb42d56 -> 
  custom:audio-encoder-webm-vorbis: bf7c407c2cedff20999df2af8eb42d56 -> 
========================================================================
Received Import Request.
  Time since last request: 524.701807 seconds.
  path: Assets/SO/Butcher Sword.asset
  artifactKey: Guid(d7276fba30da54d47bdfd5215ba79eb1) Importer(815301076,1909f56bfc062723c751e8b465ee728b)
Start importing Assets/SO/Butcher Sword.asset using Guid(d7276fba30da54d47bdfd5215ba79eb1) Importer(815301076,1909f56bfc062723c751e8b465ee728b)  -> (artifact id: '4d015dd65f0478385736311cb5c49e79') in 0.029290 seconds 
  Import took 0.033618 seconds .

========================================================================
Received Import Request.
  Time since last request: 0.000268 seconds.
  path: Assets/SO/Small Sword.asset
  artifactKey: Guid(aa3487f1ebab080499bca459219a7448) Importer(815301076,1909f56bfc062723c751e8b465ee728b)
Start importing Assets/SO/Small Sword.asset using Guid(aa3487f1ebab080499bca459219a7448) Importer(815301076,1909f56bfc062723c751e8b465ee728b)  -> (artifact id: '34c110ac5517c8f7ac382696bad35f7e') in 0.007679 seconds 
  Import took 0.011007 seconds .

========================================================================
Received Import Request.
  Time since last request: 0.000259 seconds.
  path: Assets/SO/Sword 2.asset
  artifactKey: Guid(be6cbd099b734e94b9ae1203b0d95de4) Importer(815301076,1909f56bfc062723c751e8b465ee728b)
Start importing Assets/SO/Sword 2.asset using Guid(be6cbd099b734e94b9ae1203b0d95de4) Importer(815301076,1909f56bfc062723c751e8b465ee728b)  -> (artifact id: 'cb6fdfa8eaf0348b5178b73aeefb8bbc') in 0.007314 seconds 
  Import took 0.010676 seconds .

========================================================================
Received Import Request.
  Time since last request: 0.000264 seconds.
  path: Assets/SO/Sword.asset
  artifactKey: Guid(b75190eea5210fd43abd1358b40461ce) Importer(815301076,1909f56bfc062723c751e8b465ee728b)
Start importing Assets/SO/Sword.asset using Guid(b75190eea5210fd43abd1358b40461ce) Importer(815301076,1909f56bfc062723c751e8b465ee728b)  -> (artifact id: '00e694414ff9811e511e8d8de235d80b') in 0.007043 seconds 
  Import took 0.010281 seconds .

========================================================================
Received Import Request.
  Time since last request: 0.000234 seconds.
  path: Assets/SO/Butcher Sword.asset
  artifactKey: Guid(d7276fba30da54d47bdfd5215ba79eb1) Importer(815301076,1909f56bfc062723c751e8b465ee728b)
Start importing Assets/SO/Butcher Sword.asset using Guid(d7276fba30da54d47bdfd5215ba79eb1) Importer(815301076,1909f56bfc062723c751e8b465ee728b)  -> (artifact id: '4d015dd65f0478385736311cb5c49e79') in 0.007568 seconds 
  Import took 0.011092 seconds .

========================================================================
Received Import Request.
  Time since last request: 0.000256 seconds.
  path: Assets/SO/Small Sword.asset
  artifactKey: Guid(aa3487f1ebab080499bca459219a7448) Importer(815301076,1909f56bfc062723c751e8b465ee728b)
Start importing Assets/SO/Small Sword.asset using Guid(aa3487f1ebab080499bca459219a7448) Importer(815301076,1909f56bfc062723c751e8b465ee728b)  -> (artifact id: '34c110ac5517c8f7ac382696bad35f7e') in 0.007351 seconds 
  Import took 0.010819 seconds .

========================================================================
Received Import Request.
  Time since last request: 0.000300 seconds.
  path: Assets/SO/Unarmed.asset
  artifactKey: Guid(628519d461bbab646be6d08e565baa4a) Importer(815301076,1909f56bfc062723c751e8b465ee728b)
Start importing Assets/SO/Unarmed.asset using Guid(628519d461bbab646be6d08e565baa4a) Importer(815301076,1909f56bfc062723c751e8b465ee728b)  -> (artifact id: '306c8fce2efb89576e773f5bed69dee8') in 0.006048 seconds 
  Import took 0.009272 seconds .

========================================================================
Received Import Request.
  Time since last request: 0.009800 seconds.
  path: Assets/SO/Unarmed.asset
  artifactKey: Guid(628519d461bbab646be6d08e565baa4a) Importer(815301076,1909f56bfc062723c751e8b465ee728b)
Start importing Assets/SO/Unarmed.asset using Guid(628519d461bbab646be6d08e565baa4a) Importer(815301076,1909f56bfc062723c751e8b465ee728b)  -> (artifact id: '306c8fce2efb89576e773f5bed69dee8') in 0.005961 seconds 
  Import took 0.009559 seconds .

========================================================================
Received Prepare
Registering precompiled user dll's ...
Registered in 0.008209 seconds.
Begin MonoManager ReloadAssembly
Native extension for WindowsStandalone target not found
Native extension for WebGL target not found
Refreshing native plugins compatible for Editor in 0.95 ms, found 2 plugins.
Preloading 0 native plugins for Editor in 0.00 ms.
Mono: successfully reloaded assembly
- Completed reload, in  1.319 seconds
Domain Reload Profiling:
	ReloadAssembly (1319ms)
		BeginReloadAssembly (157ms)
			ExecutionOrderSort (0ms)
			DisableScriptedObjects (5ms)
			BackupInstance (0ms)
			ReleaseScriptingObjects (0ms)
			CreateAndSetChildDomain (34ms)
		EndReloadAssembly (1067ms)
			LoadAssemblies (138ms)
			RebuildTransferFunctionScriptingTraits (0ms)
			SetupTypeCache (388ms)
			ReleaseScriptCaches (1ms)
			RebuildScriptCaches (40ms)
			SetupLoadedEditorAssemblies (394ms)
				LogAssemblyErrors (0ms)
				InitializePlatformSupportModulesInManaged (7ms)
				SetLoadedEditorAssemblies (0ms)
				RefreshPlugins (1ms)
				BeforeProcessingInitializeOnLoad (118ms)
				ProcessInitializeOnLoadAttributes (241ms)
				ProcessInitializeOnLoadMethodAttributes (3ms)
				AfterProcessingInitializeOnLoad (24ms)
				EditorAssembliesLoaded (0ms)
			ExecutionOrderSort2 (0ms)
			AwakeInstancesAfterBackupRestoration (7ms)
Platform modules already initialized, skipping
Refreshing native plugins compatible for Editor in 0.84 ms, found 2 plugins.
Preloading 0 native plugins for Editor in 0.00 ms.
Unloading 2132 Unused Serialized files (Serialized files now loaded: 0)
System memory in use before: 117.0 MB.
System memory in use after: 117.0 MB.

Unloading 12 unused Assets to reduce memory usage. Loaded Objects now: 2634.
Total: 2.445000 ms (FindLiveObjects: 0.214900 ms CreateObjectMapping: 0.049400 ms MarkObjects: 2.100500 ms  DeleteObjects: 0.079200 ms)

AssetImportParameters requested are different than current active one (requested -> active):
  custom:framework-win-MediaFoundation: 216162199b28c13a410421893ffa2e32 -> 
  custom:video-decoder-ogg-theora: a1e56fd34408186e4bbccfd4996cb3dc -> 
  custom:container-muxer-webm: aa71ff27fc2769a1b78a27578f13a17b -> 
  custom:container-demuxer-webm: 4f35f7cbe854078d1ac9338744f61a02 -> 
  custom:container-demuxer-ogg: 62fdf1f143b41e24485cea50d1cbac27 -> 
  custom:video-encoder-webm-vp8: eb34c28f22e8b96e1ab97ce403110664 -> 
  custom:video-decoder-webm-vp8: 9c59270c3fd7afecdb556c50c9e8de78 -> 
  custom:audio-decoder-ogg-vorbis: bf7c407c2cedff20999df2af8eb42d56 -> 
  custom:audio-encoder-webm-vorbis: bf7c407c2cedff20999df2af8eb42d56 -> 
========================================================================
Received Prepare
Registering precompiled user dll's ...
Registered in 0.007704 seconds.
Begin MonoManager ReloadAssembly
Native extension for WindowsStandalone target not found
Native extension for WebGL target not found
Refreshing native plugins compatible for Editor in 0.88 ms, found 2 plugins.
Preloading 0 native plugins for Editor in 0.00 ms.
Mono: successfully reloaded assembly
- Completed reload, in  1.235 seconds
Domain Reload Profiling:
	ReloadAssembly (1235ms)
		BeginReloadAssembly (169ms)
			ExecutionOrderSort (0ms)
			DisableScriptedObjects (5ms)
			BackupInstance (0ms)
			ReleaseScriptingObjects (0ms)
			CreateAndSetChildDomain (34ms)
		EndReloadAssembly (971ms)
			LoadAssemblies (140ms)
			RebuildTransferFunctionScriptingTraits (0ms)
			SetupTypeCache (290ms)
			ReleaseScriptCaches (1ms)
			RebuildScriptCaches (37ms)
			SetupLoadedEditorAssemblies (391ms)
				LogAssemblyErrors (0ms)
				InitializePlatformSupportModulesInManaged (7ms)
				SetLoadedEditorAssemblies (0ms)
				RefreshPlugins (1ms)
				BeforeProcessingInitializeOnLoad (115ms)
				ProcessInitializeOnLoadAttributes (241ms)
				ProcessInitializeOnLoadMethodAttributes (3ms)
				AfterProcessingInitializeOnLoad (24ms)
				EditorAssembliesLoaded (0ms)
			ExecutionOrderSort2 (0ms)
			AwakeInstancesAfterBackupRestoration (7ms)
Platform modules already initialized, skipping
Refreshing native plugins compatible for Editor in 0.83 ms, found 2 plugins.
Preloading 0 native plugins for Editor in 0.00 ms.
Unloading 2132 Unused Serialized files (Serialized files now loaded: 0)
System memory in use before: 117.0 MB.
System memory in use after: 117.0 MB.

Unloading 12 unused Assets to reduce memory usage. Loaded Objects now: 2636.
Total: 2.962100 ms (FindLiveObjects: 0.220600 ms CreateObjectMapping: 0.050800 ms MarkObjects: 2.596400 ms  DeleteObjects: 0.092500 ms)

AssetImportParameters requested are different than current active one (requested -> active):
  custom:framework-win-MediaFoundation: 216162199b28c13a410421893ffa2e32 -> 
  custom:video-decoder-ogg-theora: a1e56fd34408186e4bbccfd4996cb3dc -> 
  custom:container-muxer-webm: aa71ff27fc2769a1b78a27578f13a17b -> 
  custom:container-demuxer-webm: 4f35f7cbe854078d1ac9338744f61a02 -> 
  custom:container-demuxer-ogg: 62fdf1f143b41e24485cea50d1cbac27 -> 
  custom:video-encoder-webm-vp8: eb34c28f22e8b96e1ab97ce403110664 -> 
  custom:video-decoder-webm-vp8: 9c59270c3fd7afecdb556c50c9e8de78 -> 
  custom:audio-decoder-ogg-vorbis: bf7c407c2cedff20999df2af8eb42d56 -> 
  custom:audio-encoder-webm-vorbis: bf7c407c2cedff20999df2af8eb42d56 -> 
========================================================================
Received Import Request.
  Time since last request: 374.689557 seconds.
  path: Assets/Scripts/Item.cs
  artifactKey: Guid(e3dcb27e5c7c837468ee441fd7e4f957) Importer(815301076,1909f56bfc062723c751e8b465ee728b)
Start importing Assets/Scripts/Item.cs using Guid(e3dcb27e5c7c837468ee441fd7e4f957) Importer(815301076,1909f56bfc062723c751e8b465ee728b)  -> (artifact id: '97fd8d520c158d15e863ff893c087f92') in 0.007845 seconds 
  Import took 0.012207 seconds .

========================================================================
Received Import Request.
  Time since last request: 0.002694 seconds.
  path: Assets/Scripts/Item.cs
  artifactKey: Guid(e3dcb27e5c7c837468ee441fd7e4f957) Importer(815301076,1909f56bfc062723c751e8b465ee728b)
Start importing Assets/Scripts/Item.cs using Guid(e3dcb27e5c7c837468ee441fd7e4f957) Importer(815301076,1909f56bfc062723c751e8b465ee728b)  -> (artifact id: '97fd8d520c158d15e863ff893c087f92') in 0.005162 seconds 
  Import took 0.009535 seconds .

========================================================================
Received Import Request.
  Time since last request: 4.293509 seconds.
  path: Assets/Scripts/Player/WeaponItem.cs
  artifactKey: Guid(432725bbdd8b16a458951dc289138876) Importer(815301076,1909f56bfc062723c751e8b465ee728b)
Start importing Assets/Scripts/Player/WeaponItem.cs using Guid(432725bbdd8b16a458951dc289138876) Importer(815301076,1909f56bfc062723c751e8b465ee728b)  -> (artifact id: 'd8540153a4b79d49687550254ebfef3a') in 0.004532 seconds 
  Import took 0.008175 seconds .

========================================================================
Received Import Request.
  Time since last request: 78.762923 seconds.
  path: Assets/Scripts/Player/WeaponItem.cs
  artifactKey: Guid(432725bbdd8b16a458951dc289138876) Importer(815301076,1909f56bfc062723c751e8b465ee728b)
Start importing Assets/Scripts/Player/WeaponItem.cs using Guid(432725bbdd8b16a458951dc289138876) Importer(815301076,1909f56bfc062723c751e8b465ee728b)  -> (artifact id: 'b8223970bb8a1cc48f1d2cf942e0e893') in 0.004444 seconds 
  Import took 0.008388 seconds .

========================================================================
Received Prepare
Registering precompiled user dll's ...
Registered in 0.008274 seconds.
Begin MonoManager ReloadAssembly
Native extension for WindowsStandalone target not found
Native extension for WebGL target not found
Refreshing native plugins compatible for Editor in 0.83 ms, found 2 plugins.
Preloading 0 native plugins for Editor in 0.00 ms.
Mono: successfully reloaded assembly
- Completed reload, in  1.215 seconds
Domain Reload Profiling:
	ReloadAssembly (1215ms)
		BeginReloadAssembly (179ms)
			ExecutionOrderSort (0ms)
			DisableScriptedObjects (4ms)
			BackupInstance (0ms)
			ReleaseScriptingObjects (0ms)
			CreateAndSetChildDomain (42ms)
		EndReloadAssembly (942ms)
			LoadAssemblies (138ms)
			RebuildTransferFunctionScriptingTraits (0ms)
			SetupTypeCache (287ms)
			ReleaseScriptCaches (1ms)
			RebuildScriptCaches (37ms)
			SetupLoadedEditorAssemblies (384ms)
				LogAssemblyErrors (0ms)
				InitializePlatformSupportModulesInManaged (6ms)
				SetLoadedEditorAssemblies (0ms)
				RefreshPlugins (1ms)
				BeforeProcessingInitializeOnLoad (108ms)
				ProcessInitializeOnLoadAttributes (241ms)
				ProcessInitializeOnLoadMethodAttributes (3ms)
				AfterProcessingInitializeOnLoad (24ms)
				EditorAssembliesLoaded (0ms)
			ExecutionOrderSort2 (0ms)
			AwakeInstancesAfterBackupRestoration (7ms)
Platform modules already initialized, skipping
Refreshing native plugins compatible for Editor in 0.84 ms, found 2 plugins.
Preloading 0 native plugins for Editor in 0.00 ms.
Unloading 2132 Unused Serialized files (Serialized files now loaded: 0)
System memory in use before: 116.9 MB.
System memory in use after: 117.0 MB.

Unloading 12 unused Assets to reduce memory usage. Loaded Objects now: 2638.
Total: 2.703900 ms (FindLiveObjects: 0.241700 ms CreateObjectMapping: 0.051100 ms MarkObjects: 2.323600 ms  DeleteObjects: 0.086200 ms)

AssetImportParameters requested are different than current active one (requested -> active):
  custom:framework-win-MediaFoundation: 216162199b28c13a410421893ffa2e32 -> 
  custom:video-decoder-ogg-theora: a1e56fd34408186e4bbccfd4996cb3dc -> 
  custom:container-muxer-webm: aa71ff27fc2769a1b78a27578f13a17b -> 
  custom:container-demuxer-webm: 4f35f7cbe854078d1ac9338744f61a02 -> 
  custom:container-demuxer-ogg: 62fdf1f143b41e24485cea50d1cbac27 -> 
  custom:video-encoder-webm-vp8: eb34c28f22e8b96e1ab97ce403110664 -> 
  custom:video-decoder-webm-vp8: 9c59270c3fd7afecdb556c50c9e8de78 -> 
  custom:audio-decoder-ogg-vorbis: bf7c407c2cedff20999df2af8eb42d56 -> 
  custom:audio-encoder-webm-vorbis: bf7c407c2cedff20999df2af8eb42d56 -> 
========================================================================
Received Import Request.
  Time since last request: 316.918688 seconds.
  path: Assets/Scripts/Player/PlayerInventory.cs
  artifactKey: Guid(9d26eafcb4f2dee4aaa221a579c62ed8) Importer(815301076,1909f56bfc062723c751e8b465ee728b)
Start importing Assets/Scripts/Player/PlayerInventory.cs using Guid(9d26eafcb4f2dee4aaa221a579c62ed8) Importer(815301076,1909f56bfc062723c751e8b465ee728b)  -> (artifact id: '6eeec3d57fff17df6aa511add9b302f8') in 0.008401 seconds 
  Import took 0.012566 seconds .

========================================================================
Received Import Request.
  Time since last request: 0.030253 seconds.
  path: Assets/Scripts/Player/PlayerInventory.cs
  artifactKey: Guid(9d26eafcb4f2dee4aaa221a579c62ed8) Importer(815301076,1909f56bfc062723c751e8b465ee728b)
Start importing Assets/Scripts/Player/PlayerInventory.cs using Guid(9d26eafcb4f2dee4aaa221a579c62ed8) Importer(815301076,1909f56bfc062723c751e8b465ee728b)  -> (artifact id: '6eeec3d57fff17df6aa511add9b302f8') in 0.005266 seconds 
  Import took 0.009216 seconds .

========================================================================
Received Import Request.
  Time since last request: 29.433993 seconds.
  path: Assets/Scripts/Player/PlayerInventory.cs
  artifactKey: Guid(9d26eafcb4f2dee4aaa221a579c62ed8) Importer(815301076,1909f56bfc062723c751e8b465ee728b)
Start importing Assets/Scripts/Player/PlayerInventory.cs using Guid(9d26eafcb4f2dee4aaa221a579c62ed8) Importer(815301076,1909f56bfc062723c751e8b465ee728b)  -> (artifact id: '57aa61d31ee4a99c6976eb65fdbc9b98') in 0.004325 seconds 
  Import took 0.007836 seconds .

========================================================================
Received Prepare
Registering precompiled user dll's ...
Registered in 0.007785 seconds.
Begin MonoManager ReloadAssembly
Native extension for WindowsStandalone target not found
Native extension for WebGL target not found
Refreshing native plugins compatible for Editor in 0.81 ms, found 2 plugins.
Preloading 0 native plugins for Editor in 0.00 ms.
Mono: successfully reloaded assembly
- Completed reload, in  1.222 seconds
Domain Reload Profiling:
	ReloadAssembly (1222ms)
		BeginReloadAssembly (167ms)
			ExecutionOrderSort (0ms)
			DisableScriptedObjects (5ms)
			BackupInstance (0ms)
			ReleaseScriptingObjects (0ms)
			CreateAndSetChildDomain (33ms)
		EndReloadAssembly (955ms)
			LoadAssemblies (137ms)
			RebuildTransferFunctionScriptingTraits (0ms)
			SetupTypeCache (293ms)
			ReleaseScriptCaches (1ms)
			RebuildScriptCaches (37ms)
			SetupLoadedEditorAssemblies (386ms)
				LogAssemblyErrors (0ms)
				InitializePlatformSupportModulesInManaged (6ms)
				SetLoadedEditorAssemblies (0ms)
				RefreshPlugins (1ms)
				BeforeProcessingInitializeOnLoad (109ms)
				ProcessInitializeOnLoadAttributes (242ms)
				ProcessInitializeOnLoadMethodAttributes (3ms)
				AfterProcessingInitializeOnLoad (24ms)
				EditorAssembliesLoaded (0ms)
			ExecutionOrderSort2 (0ms)
			AwakeInstancesAfterBackupRestoration (7ms)
Platform modules already initialized, skipping
Refreshing native plugins compatible for Editor in 0.84 ms, found 2 plugins.
Preloading 0 native plugins for Editor in 0.00 ms.
Unloading 2132 Unused Serialized files (Serialized files now loaded: 0)
System memory in use before: 117.0 MB.
System memory in use after: 117.1 MB.

Unloading 12 unused Assets to reduce memory usage. Loaded Objects now: 2640.
Total: 2.789100 ms (FindLiveObjects: 0.281100 ms CreateObjectMapping: 0.061200 ms MarkObjects: 2.363900 ms  DeleteObjects: 0.081600 ms)

AssetImportParameters requested are different than current active one (requested -> active):
  custom:framework-win-MediaFoundation: 216162199b28c13a410421893ffa2e32 -> 
  custom:video-decoder-ogg-theora: a1e56fd34408186e4bbccfd4996cb3dc -> 
  custom:container-muxer-webm: aa71ff27fc2769a1b78a27578f13a17b -> 
  custom:container-demuxer-webm: 4f35f7cbe854078d1ac9338744f61a02 -> 
  custom:container-demuxer-ogg: 62fdf1f143b41e24485cea50d1cbac27 -> 
  custom:video-encoder-webm-vp8: eb34c28f22e8b96e1ab97ce403110664 -> 
  custom:video-decoder-webm-vp8: 9c59270c3fd7afecdb556c50c9e8de78 -> 
  custom:audio-decoder-ogg-vorbis: bf7c407c2cedff20999df2af8eb42d56 -> 
  custom:audio-encoder-webm-vorbis: bf7c407c2cedff20999df2af8eb42d56 -> 
========================================================================
Received Prepare
Registering precompiled user dll's ...
Registered in 0.007459 seconds.
Begin MonoManager ReloadAssembly
Native extension for WindowsStandalone target not found
Native extension for WebGL target not found
Refreshing native plugins compatible for Editor in 0.80 ms, found 2 plugins.
Preloading 0 native plugins for Editor in 0.00 ms.
Mono: successfully reloaded assembly
- Completed reload, in  1.270 seconds
Domain Reload Profiling:
	ReloadAssembly (1270ms)
		BeginReloadAssembly (182ms)
			ExecutionOrderSort (0ms)
			DisableScriptedObjects (5ms)
			BackupInstance (0ms)
			ReleaseScriptingObjects (0ms)
			CreateAndSetChildDomain (35ms)
		EndReloadAssembly (970ms)
			LoadAssemblies (154ms)
			RebuildTransferFunctionScriptingTraits (0ms)
			SetupTypeCache (294ms)
			ReleaseScriptCaches (1ms)
			RebuildScriptCaches (39ms)
			SetupLoadedEditorAssemblies (389ms)
				LogAssemblyErrors (0ms)
				InitializePlatformSupportModulesInManaged (7ms)
				SetLoadedEditorAssemblies (1ms)
				RefreshPlugins (1ms)
				BeforeProcessingInitializeOnLoad (108ms)
				ProcessInitializeOnLoadAttributes (246ms)
				ProcessInitializeOnLoadMethodAttributes (3ms)
				AfterProcessingInitializeOnLoad (24ms)
				EditorAssembliesLoaded (0ms)
			ExecutionOrderSort2 (0ms)
			AwakeInstancesAfterBackupRestoration (7ms)
Platform modules already initialized, skipping
Refreshing native plugins compatible for Editor in 1.23 ms, found 2 plugins.
Preloading 0 native plugins for Editor in 0.00 ms.
Unloading 2132 Unused Serialized files (Serialized files now loaded: 0)
System memory in use before: 117.0 MB.
System memory in use after: 117.1 MB.

Unloading 12 unused Assets to reduce memory usage. Loaded Objects now: 2642.
Total: 2.967400 ms (FindLiveObjects: 0.294500 ms CreateObjectMapping: 0.062800 ms MarkObjects: 2.520400 ms  DeleteObjects: 0.088300 ms)

AssetImportParameters requested are different than current active one (requested -> active):
  custom:framework-win-MediaFoundation: 216162199b28c13a410421893ffa2e32 -> 
  custom:video-decoder-ogg-theora: a1e56fd34408186e4bbccfd4996cb3dc -> 
  custom:container-muxer-webm: aa71ff27fc2769a1b78a27578f13a17b -> 
  custom:container-demuxer-webm: 4f35f7cbe854078d1ac9338744f61a02 -> 
  custom:container-demuxer-ogg: 62fdf1f143b41e24485cea50d1cbac27 -> 
  custom:video-encoder-webm-vp8: eb34c28f22e8b96e1ab97ce403110664 -> 
  custom:video-decoder-webm-vp8: 9c59270c3fd7afecdb556c50c9e8de78 -> 
  custom:audio-decoder-ogg-vorbis: bf7c407c2cedff20999df2af8eb42d56 -> 
  custom:audio-encoder-webm-vorbis: bf7c407c2cedff20999df2af8eb42d56 -> 
========================================================================
Received Import Request.
  Time since last request: 353.603085 seconds.
  path: Assets/Scripts/Items
  artifactKey: Guid(068029cfc700cc047b398d08a0a85e1e) Importer(815301076,1909f56bfc062723c751e8b465ee728b)
Start importing Assets/Scripts/Items using Guid(068029cfc700cc047b398d08a0a85e1e) Importer(815301076,1909f56bfc062723c751e8b465ee728b)  -> (artifact id: '597ccb517c6a42498e08f22bfabb7550') in 0.010036 seconds 
  Import took 0.015648 seconds .

========================================================================
Received Import Request.
  Time since last request: 11.826199 seconds.
  path: Assets/Scripts/Items/HealingSpell.cs
  artifactKey: Guid(fe1e61aac1fc19c498b30bc4322f5837) Importer(815301076,1909f56bfc062723c751e8b465ee728b)
Start importing Assets/Scripts/Items/HealingSpell.cs using Guid(fe1e61aac1fc19c498b30bc4322f5837) Importer(815301076,1909f56bfc062723c751e8b465ee728b)  -> (artifact id: '7326d732c71cc36dc865c1e3443ebb39') in 0.005691 seconds 
  Import took 0.009429 seconds .

========================================================================
Received Prepare
Registering precompiled user dll's ...
Registered in 0.008458 seconds.
Begin MonoManager ReloadAssembly
Native extension for WindowsStandalone target not found
Native extension for WebGL target not found
Refreshing native plugins compatible for Editor in 0.83 ms, found 2 plugins.
Preloading 0 native plugins for Editor in 0.00 ms.
Mono: successfully reloaded assembly
- Completed reload, in  1.310 seconds
Domain Reload Profiling:
	ReloadAssembly (1311ms)
		BeginReloadAssembly (195ms)
			ExecutionOrderSort (0ms)
			DisableScriptedObjects (7ms)
			BackupInstance (0ms)
			ReleaseScriptingObjects (0ms)
			CreateAndSetChildDomain (42ms)
		EndReloadAssembly (1006ms)
			LoadAssemblies (165ms)
			RebuildTransferFunctionScriptingTraits (0ms)
			SetupTypeCache (307ms)
			ReleaseScriptCaches (1ms)
			RebuildScriptCaches (39ms)
			SetupLoadedEditorAssemblies (410ms)
				LogAssemblyErrors (0ms)
				InitializePlatformSupportModulesInManaged (7ms)
				SetLoadedEditorAssemblies (0ms)
				RefreshPlugins (1ms)
				BeforeProcessingInitializeOnLoad (116ms)
				ProcessInitializeOnLoadAttributes (255ms)
				ProcessInitializeOnLoadMethodAttributes (3ms)
				AfterProcessingInitializeOnLoad (26ms)
				EditorAssembliesLoaded (0ms)
			ExecutionOrderSort2 (0ms)
			AwakeInstancesAfterBackupRestoration (7ms)
Platform modules already initialized, skipping
Refreshing native plugins compatible for Editor in 0.84 ms, found 2 plugins.
Preloading 0 native plugins for Editor in 0.00 ms.
Unloading 2133 Unused Serialized files (Serialized files now loaded: 0)
System memory in use before: 117.0 MB.
System memory in use after: 117.1 MB.

Unloading 12 unused Assets to reduce memory usage. Loaded Objects now: 2645.
Total: 2.737200 ms (FindLiveObjects: 0.259400 ms CreateObjectMapping: 0.053500 ms MarkObjects: 2.337100 ms  DeleteObjects: 0.085400 ms)

AssetImportParameters requested are different than current active one (requested -> active):
  custom:framework-win-MediaFoundation: 216162199b28c13a410421893ffa2e32 -> 
  custom:video-decoder-ogg-theora: a1e56fd34408186e4bbccfd4996cb3dc -> 
  custom:container-muxer-webm: aa71ff27fc2769a1b78a27578f13a17b -> 
  custom:container-demuxer-webm: 4f35f7cbe854078d1ac9338744f61a02 -> 
  custom:container-demuxer-ogg: 62fdf1f143b41e24485cea50d1cbac27 -> 
  custom:video-encoder-webm-vp8: eb34c28f22e8b96e1ab97ce403110664 -> 
  custom:video-decoder-webm-vp8: 9c59270c3fd7afecdb556c50c9e8de78 -> 
  custom:audio-decoder-ogg-vorbis: bf7c407c2cedff20999df2af8eb42d56 -> 
  custom:audio-encoder-webm-vorbis: bf7c407c2cedff20999df2af8eb42d56 -> 
========================================================================
Received Import Request.
  Time since last request: 21.711541 seconds.
  path: Assets/Scripts/Items/SpellItem.cs
  artifactKey: Guid(f89a2b4ac81c9f847b7c2854ad7c2c4f) Importer(815301076,1909f56bfc062723c751e8b465ee728b)
Start importing Assets/Scripts/Items/SpellItem.cs using Guid(f89a2b4ac81c9f847b7c2854ad7c2c4f) Importer(815301076,1909f56bfc062723c751e8b465ee728b)  -> (artifact id: '46eed6692c24523f80bcc8392a7f6312') in 0.012626 seconds 
  Import took 0.017789 seconds .

========================================================================
Received Import Request.
  Time since last request: 15.375382 seconds.
  path: Assets/Scripts/Items/SpellItem.cs
  artifactKey: Guid(f89a2b4ac81c9f847b7c2854ad7c2c4f) Importer(815301076,1909f56bfc062723c751e8b465ee728b)
Start importing Assets/Scripts/Items/SpellItem.cs using Guid(f89a2b4ac81c9f847b7c2854ad7c2c4f) Importer(815301076,1909f56bfc062723c751e8b465ee728b)  -> (artifact id: '5bf354daae9d5dba71a08638017f148a') in 0.004944 seconds 
  Import took 0.008885 seconds .

========================================================================
Received Import Request.
  Time since last request: 154.539062 seconds.
  path: Assets/Scripts/Items/SpellItem.cs
  artifactKey: Guid(f89a2b4ac81c9f847b7c2854ad7c2c4f) Importer(815301076,1909f56bfc062723c751e8b465ee728b)
Start importing Assets/Scripts/Items/SpellItem.cs using Guid(f89a2b4ac81c9f847b7c2854ad7c2c4f) Importer(815301076,1909f56bfc062723c751e8b465ee728b)  -> (artifact id: '2e6a286fc8ee3353f065865c3d5b2ded') in 0.005866 seconds 
  Import took 0.010821 seconds .

========================================================================
Received Import Request.
  Time since last request: 252.444143 seconds.
  path: Assets/Scripts/Items/SpellItem.cs
  artifactKey: Guid(f89a2b4ac81c9f847b7c2854ad7c2c4f) Importer(815301076,1909f56bfc062723c751e8b465ee728b)
Start importing Assets/Scripts/Items/SpellItem.cs using Guid(f89a2b4ac81c9f847b7c2854ad7c2c4f) Importer(815301076,1909f56bfc062723c751e8b465ee728b)  -> (artifact id: 'fa7dddd68eb28c2d6f89d912e409482e') in 0.008592 seconds 
  Import took 0.014595 seconds .

========================================================================
Received Import Request.
  Time since last request: 0.002666 seconds.
  path: Assets/Scripts/Items/SpellItem.cs
  artifactKey: Guid(f89a2b4ac81c9f847b7c2854ad7c2c4f) Importer(815301076,1909f56bfc062723c751e8b465ee728b)
Start importing Assets/Scripts/Items/SpellItem.cs using Guid(f89a2b4ac81c9f847b7c2854ad7c2c4f) Importer(815301076,1909f56bfc062723c751e8b465ee728b)  -> (artifact id: 'fa7dddd68eb28c2d6f89d912e409482e') in 0.008740 seconds 
  Import took 0.015488 seconds .

========================================================================
Received Prepare
Registering precompiled user dll's ...
Registered in 0.008052 seconds.
Begin MonoManager ReloadAssembly
Native extension for WindowsStandalone target not found
Native extension for WebGL target not found
Refreshing native plugins compatible for Editor in 1.37 ms, found 2 plugins.
Preloading 0 native plugins for Editor in 0.00 ms.
Mono: successfully reloaded assembly
- Completed reload, in  1.279 seconds
Domain Reload Profiling:
	ReloadAssembly (1280ms)
		BeginReloadAssembly (158ms)
			ExecutionOrderSort (0ms)
			DisableScriptedObjects (5ms)
			BackupInstance (0ms)
			ReleaseScriptingObjects (0ms)
			CreateAndSetChildDomain (32ms)
		EndReloadAssembly (1025ms)
			LoadAssemblies (139ms)
			RebuildTransferFunctionScriptingTraits (0ms)
			SetupTypeCache (306ms)
			ReleaseScriptCaches (1ms)
			RebuildScriptCaches (45ms)
			SetupLoadedEditorAssemblies (423ms)
				LogAssemblyErrors (0ms)
				InitializePlatformSupportModulesInManaged (7ms)
				SetLoadedEditorAssemblies (1ms)
				RefreshPlugins (2ms)
				BeforeProcessingInitializeOnLoad (118ms)
				ProcessInitializeOnLoadAttributes (267ms)
				ProcessInitializeOnLoadMethodAttributes (4ms)
				AfterProcessingInitializeOnLoad (25ms)
				EditorAssembliesLoaded (0ms)
			ExecutionOrderSort2 (0ms)
			AwakeInstancesAfterBackupRestoration (8ms)
Platform modules already initialized, skipping
Refreshing native plugins compatible for Editor in 0.90 ms, found 2 plugins.
Preloading 0 native plugins for Editor in 0.00 ms.
Unloading 2133 Unused Serialized files (Serialized files now loaded: 0)
System memory in use before: 117.1 MB.
System memory in use after: 117.1 MB.

Unloading 12 unused Assets to reduce memory usage. Loaded Objects now: 2647.
Total: 2.597500 ms (FindLiveObjects: 0.232000 ms CreateObjectMapping: 0.051400 ms MarkObjects: 2.227600 ms  DeleteObjects: 0.085300 ms)

AssetImportParameters requested are different than current active one (requested -> active):
  custom:framework-win-MediaFoundation: 216162199b28c13a410421893ffa2e32 -> 
  custom:video-decoder-ogg-theora: a1e56fd34408186e4bbccfd4996cb3dc -> 
  custom:container-muxer-webm: aa71ff27fc2769a1b78a27578f13a17b -> 
  custom:container-demuxer-webm: 4f35f7cbe854078d1ac9338744f61a02 -> 
  custom:container-demuxer-ogg: 62fdf1f143b41e24485cea50d1cbac27 -> 
  custom:video-encoder-webm-vp8: eb34c28f22e8b96e1ab97ce403110664 -> 
  custom:video-decoder-webm-vp8: 9c59270c3fd7afecdb556c50c9e8de78 -> 
  custom:audio-decoder-ogg-vorbis: bf7c407c2cedff20999df2af8eb42d56 -> 
  custom:audio-encoder-webm-vorbis: bf7c407c2cedff20999df2af8eb42d56 -> 
========================================================================
Received Import Request.
  Time since last request: 300.166943 seconds.
  path: Assets/SO
  artifactKey: Guid(385096ae68355f341a6209bec95110dc) Importer(815301076,1909f56bfc062723c751e8b465ee728b)
Start importing Assets/SO using Guid(385096ae68355f341a6209bec95110dc) Importer(815301076,1909f56bfc062723c751e8b465ee728b)  -> (artifact id: 'f182d46a40254aa3b14d74527aee4535') in 0.009691 seconds 
  Import took 0.014020 seconds .

========================================================================
Received Import Request.
  Time since last request: 9.396659 seconds.
  path: Assets/SO/Heal Player.asset
  artifactKey: Guid(9eedd7ae57d29d34e96e2ac47ec6b00d) Importer(815301076,1909f56bfc062723c751e8b465ee728b)
Start importing Assets/SO/Heal Player.asset using Guid(9eedd7ae57d29d34e96e2ac47ec6b00d) Importer(815301076,1909f56bfc062723c751e8b465ee728b)  -> (artifact id: '784dd87e15bb9fa373f2495a7ebb2bd4') in 0.045672 seconds 
  Import took 0.051289 seconds .

========================================================================
Received Prepare
Registering precompiled user dll's ...
Registered in 0.007970 seconds.
Begin MonoManager ReloadAssembly
Native extension for WindowsStandalone target not found
Native extension for WebGL target not found
Refreshing native plugins compatible for Editor in 0.93 ms, found 2 plugins.
Preloading 0 native plugins for Editor in 0.00 ms.
Mono: successfully reloaded assembly
- Completed reload, in  1.273 seconds
Domain Reload Profiling:
	ReloadAssembly (1274ms)
		BeginReloadAssembly (179ms)
			ExecutionOrderSort (0ms)
			DisableScriptedObjects (5ms)
			BackupInstance (0ms)
			ReleaseScriptingObjects (0ms)
			CreateAndSetChildDomain (36ms)
		EndReloadAssembly (981ms)
			LoadAssemblies (149ms)
			RebuildTransferFunctionScriptingTraits (0ms)
			SetupTypeCache (299ms)
			ReleaseScriptCaches (1ms)
			RebuildScriptCaches (39ms)
			SetupLoadedEditorAssemblies (396ms)
				LogAssemblyErrors (0ms)
				InitializePlatformSupportModulesInManaged (6ms)
				SetLoadedEditorAssemblies (0ms)
				RefreshPlugins (1ms)
				BeforeProcessingInitializeOnLoad (112ms)
				ProcessInitializeOnLoadAttributes (247ms)
				ProcessInitializeOnLoadMethodAttributes (4ms)
				AfterProcessingInitializeOnLoad (24ms)
				EditorAssembliesLoaded (0ms)
			ExecutionOrderSort2 (0ms)
			AwakeInstancesAfterBackupRestoration (7ms)
Platform modules already initialized, skipping
Refreshing native plugins compatible for Editor in 0.86 ms, found 2 plugins.
Preloading 0 native plugins for Editor in 0.00 ms.
Unloading 2133 Unused Serialized files (Serialized files now loaded: 0)
System memory in use before: 117.0 MB.
System memory in use after: 117.0 MB.

Unloading 12 unused Assets to reduce memory usage. Loaded Objects now: 2649.
Total: 2.843600 ms (FindLiveObjects: 0.265500 ms CreateObjectMapping: 0.053700 ms MarkObjects: 2.432000 ms  DeleteObjects: 0.090800 ms)

AssetImportParameters requested are different than current active one (requested -> active):
  custom:framework-win-MediaFoundation: 216162199b28c13a410421893ffa2e32 -> 
  custom:video-decoder-ogg-theora: a1e56fd34408186e4bbccfd4996cb3dc -> 
  custom:container-muxer-webm: aa71ff27fc2769a1b78a27578f13a17b -> 
  custom:container-demuxer-webm: 4f35f7cbe854078d1ac9338744f61a02 -> 
  custom:container-demuxer-ogg: 62fdf1f143b41e24485cea50d1cbac27 -> 
  custom:video-encoder-webm-vp8: eb34c28f22e8b96e1ab97ce403110664 -> 
  custom:video-decoder-webm-vp8: 9c59270c3fd7afecdb556c50c9e8de78 -> 
  custom:audio-decoder-ogg-vorbis: bf7c407c2cedff20999df2af8eb42d56 -> 
  custom:audio-encoder-webm-vorbis: bf7c407c2cedff20999df2af8eb42d56 -> 
========================================================================
Received Prepare
Registering precompiled user dll's ...
Registered in 0.007738 seconds.
Begin MonoManager ReloadAssembly
Native extension for WindowsStandalone target not found
Native extension for WebGL target not found
Refreshing native plugins compatible for Editor in 0.82 ms, found 2 plugins.
Preloading 0 native plugins for Editor in 0.00 ms.
Mono: successfully reloaded assembly
- Completed reload, in  1.252 seconds
Domain Reload Profiling:
	ReloadAssembly (1252ms)
		BeginReloadAssembly (187ms)
			ExecutionOrderSort (0ms)
			DisableScriptedObjects (4ms)
			BackupInstance (0ms)
			ReleaseScriptingObjects (0ms)
			CreateAndSetChildDomain (37ms)
		EndReloadAssembly (956ms)
			LoadAssemblies (162ms)
			RebuildTransferFunctionScriptingTraits (0ms)
			SetupTypeCache (285ms)
			ReleaseScriptCaches (1ms)
			RebuildScriptCaches (37ms)
			SetupLoadedEditorAssemblies (386ms)
				LogAssemblyErrors (0ms)
				InitializePlatformSupportModulesInManaged (6ms)
				SetLoadedEditorAssemblies (0ms)
				RefreshPlugins (1ms)
				BeforeProcessingInitializeOnLoad (113ms)
				ProcessInitializeOnLoadAttributes (237ms)
				ProcessInitializeOnLoadMethodAttributes (3ms)
				AfterProcessingInitializeOnLoad (24ms)
				EditorAssembliesLoaded (0ms)
			ExecutionOrderSort2 (0ms)
			AwakeInstancesAfterBackupRestoration (7ms)
Platform modules already initialized, skipping
Refreshing native plugins compatible for Editor in 0.82 ms, found 2 plugins.
Preloading 0 native plugins for Editor in 0.00 ms.
Unloading 2133 Unused Serialized files (Serialized files now loaded: 0)
System memory in use before: 117.1 MB.
System memory in use after: 117.1 MB.

Unloading 12 unused Assets to reduce memory usage. Loaded Objects now: 2651.
Total: 2.742200 ms (FindLiveObjects: 0.214300 ms CreateObjectMapping: 0.049400 ms MarkObjects: 2.387300 ms  DeleteObjects: 0.090000 ms)

AssetImportParameters requested are different than current active one (requested -> active):
  custom:framework-win-MediaFoundation: 216162199b28c13a410421893ffa2e32 -> 
  custom:video-decoder-ogg-theora: a1e56fd34408186e4bbccfd4996cb3dc -> 
  custom:container-muxer-webm: aa71ff27fc2769a1b78a27578f13a17b -> 
  custom:container-demuxer-webm: 4f35f7cbe854078d1ac9338744f61a02 -> 
  custom:container-demuxer-ogg: 62fdf1f143b41e24485cea50d1cbac27 -> 
  custom:video-encoder-webm-vp8: eb34c28f22e8b96e1ab97ce403110664 -> 
  custom:video-decoder-webm-vp8: 9c59270c3fd7afecdb556c50c9e8de78 -> 
  custom:audio-decoder-ogg-vorbis: bf7c407c2cedff20999df2af8eb42d56 -> 
  custom:audio-encoder-webm-vorbis: bf7c407c2cedff20999df2af8eb42d56 -> 
========================================================================
Received Import Request.
  Time since last request: 877.175497 seconds.
  path: Assets/Models
  artifactKey: Guid(f46b6630011d6ce49b64ccbe9065a7c7) Importer(815301076,1909f56bfc062723c751e8b465ee728b)
Start importing Assets/Models using Guid(f46b6630011d6ce49b64ccbe9065a7c7) Importer(815301076,1909f56bfc062723c751e8b465ee728b)  -> (artifact id: 'd6a7a7b9e74a44338442dca0bf047351') in 0.008280 seconds 
  Import took 0.012332 seconds .

========================================================================
Received Prepare
Registering precompiled user dll's ...
Registered in 0.008132 seconds.
Begin MonoManager ReloadAssembly
Native extension for WindowsStandalone target not found
Native extension for WebGL target not found
Refreshing native plugins compatible for Editor in 1.94 ms, found 2 plugins.
Preloading 0 native plugins for Editor in 0.00 ms.
Mono: successfully reloaded assembly
- Completed reload, in  1.349 seconds
Domain Reload Profiling:
	ReloadAssembly (1350ms)
		BeginReloadAssembly (183ms)
			ExecutionOrderSort (0ms)
			DisableScriptedObjects (5ms)
			BackupInstance (0ms)
			ReleaseScriptingObjects (0ms)
			CreateAndSetChildDomain (35ms)
		EndReloadAssembly (1043ms)
			LoadAssemblies (166ms)
			RebuildTransferFunctionScriptingTraits (0ms)
			SetupTypeCache (315ms)
			ReleaseScriptCaches (1ms)
			RebuildScriptCaches (41ms)
			SetupLoadedEditorAssemblies (418ms)
				LogAssemblyErrors (0ms)
				InitializePlatformSupportModulesInManaged (10ms)
				SetLoadedEditorAssemblies (1ms)
				RefreshPlugins (2ms)
				BeforeProcessingInitializeOnLoad (124ms)
				ProcessInitializeOnLoadAttributes (253ms)
				ProcessInitializeOnLoadMethodAttributes (3ms)
				AfterProcessingInitializeOnLoad (24ms)
				EditorAssembliesLoaded (0ms)
			ExecutionOrderSort2 (0ms)
			AwakeInstancesAfterBackupRestoration (7ms)
Platform modules already initialized, skipping
Refreshing native plugins compatible for Editor in 1.14 ms, found 2 plugins.
Preloading 0 native plugins for Editor in 0.00 ms.
Unloading 2133 Unused Serialized files (Serialized files now loaded: 0)
System memory in use before: 117.1 MB.
System memory in use after: 117.2 MB.

Unloading 12 unused Assets to reduce memory usage. Loaded Objects now: 2653.
Total: 2.529500 ms (FindLiveObjects: 0.227100 ms CreateObjectMapping: 0.052200 ms MarkObjects: 2.167600 ms  DeleteObjects: 0.081600 ms)

AssetImportParameters requested are different than current active one (requested -> active):
  custom:framework-win-MediaFoundation: 216162199b28c13a410421893ffa2e32 -> 
  custom:video-decoder-ogg-theora: a1e56fd34408186e4bbccfd4996cb3dc -> 
  custom:container-muxer-webm: aa71ff27fc2769a1b78a27578f13a17b -> 
  custom:container-demuxer-webm: 4f35f7cbe854078d1ac9338744f61a02 -> 
  custom:container-demuxer-ogg: 62fdf1f143b41e24485cea50d1cbac27 -> 
  custom:video-encoder-webm-vp8: eb34c28f22e8b96e1ab97ce403110664 -> 
  custom:video-decoder-webm-vp8: 9c59270c3fd7afecdb556c50c9e8de78 -> 
  custom:audio-decoder-ogg-vorbis: bf7c407c2cedff20999df2af8eb42d56 -> 
  custom:audio-encoder-webm-vorbis: bf7c407c2cedff20999df2af8eb42d56 -> 
========================================================================
Received Import Request.
  Time since last request: 3214.518160 seconds.
  path: Assets/Input/InputSystem.inputsettings.asset
  artifactKey: Guid(0ca8f30ee8242234f920489cac3d2355) Importer(815301076,1909f56bfc062723c751e8b465ee728b)
Start importing Assets/Input/InputSystem.inputsettings.asset using Guid(0ca8f30ee8242234f920489cac3d2355) Importer(815301076,1909f56bfc062723c751e8b465ee728b)  -> (artifact id: '3607d89701751bcab2a624602495b4d7') in 0.032326 seconds 
  Import took 0.037732 seconds .

========================================================================
Received Import Request.
  Time since last request: 0.000317 seconds.
  path: Assets/Input/Player Controls.inputactions
  artifactKey: Guid(d1b383d2b5f386c4c8994a56718228ca) Importer(815301076,1909f56bfc062723c751e8b465ee728b)
Start importing Assets/Input/Player Controls.inputactions using Guid(d1b383d2b5f386c4c8994a56718228ca) Importer(815301076,1909f56bfc062723c751e8b465ee728b)  -> (artifact id: '8befb9a2d80f64276ef1cf741509966c') in 0.020071 seconds 
  Import took 0.024975 seconds .

========================================================================
Received Import Request.
  Time since last request: 6.412985 seconds.
  path: Assets/Animations/Player
  artifactKey: Guid(8dd4144e9c780b34e8cf387cc3ff8d4e) Importer(815301076,1909f56bfc062723c751e8b465ee728b)
Start importing Assets/Animations/Player using Guid(8dd4144e9c780b34e8cf387cc3ff8d4e) Importer(815301076,1909f56bfc062723c751e8b465ee728b)  -> (artifact id: '75d4883428967054ef17f8c01c46bdf8') in 0.004803 seconds 
  Import took 0.009192 seconds .

========================================================================
Received Import Request.
  Time since last request: 0.624234 seconds.
  path: Assets/Animations/Player/Damage.anim
  artifactKey: Guid(3e3470ffcc612ca4db7c740cd2d94e3a) Importer(815301076,1909f56bfc062723c751e8b465ee728b)
Start importing Assets/Animations/Player/Damage.anim using Guid(3e3470ffcc612ca4db7c740cd2d94e3a) Importer(815301076,1909f56bfc062723c751e8b465ee728b)  -> (artifact id: '53862b5422bacb71bae28952203419e3') in 0.023389 seconds 
  Import took 0.029444 seconds .

========================================================================
Received Import Request.
  Time since last request: 5.677183 seconds.
  path: Assets/Animations/Player/Spells
  artifactKey: Guid(f580f09e3f0134c4ca84d0a52f83fe82) Importer(815301076,1909f56bfc062723c751e8b465ee728b)
Start importing Assets/Animations/Player/Spells using Guid(f580f09e3f0134c4ca84d0a52f83fe82) Importer(815301076,1909f56bfc062723c751e8b465ee728b)  -> (artifact id: 'ff3bc43fae82b2d02da66f3f48735664') in 0.005660 seconds 
  Import took 0.010756 seconds .

========================================================================
Received Import Request.
  Time since last request: 21.095997 seconds.
  path: Assets/Animations/Player/standing 1H cast spell 01.fbx
  artifactKey: Guid(efb8eb93ce273944287126a330fd7937) Importer(815301076,1909f56bfc062723c751e8b465ee728b)
Start importing Assets/Animations/Player/standing 1H cast spell 01.fbx using Guid(efb8eb93ce273944287126a330fd7937) Importer(815301076,1909f56bfc062723c751e8b465ee728b)  -> (artifact id: '2ada28ffe0155ca1ab390d7ecfba11bb') in 0.074469 seconds 
  Import took 0.078694 seconds .

========================================================================
Received Import Request.
  Time since last request: 0.000324 seconds.
  path: Assets/Animations/Player/Standing 2H Magic Area Attack 02.fbx
  artifactKey: Guid(749b2b696ce94ef42bb5ac6e46bb65a6) Importer(815301076,1909f56bfc062723c751e8b465ee728b)
Start importing Assets/Animations/Player/Standing 2H Magic Area Attack 02.fbx using Guid(749b2b696ce94ef42bb5ac6e46bb65a6) Importer(815301076,1909f56bfc062723c751e8b465ee728b)  -> (artifact id: 'f05a83facb0dbe62ead5e83fe900e8bb') in 0.014593 seconds 
  Import took 0.019250 seconds .

========================================================================
Received Import Request.
  Time since last request: 0.000291 seconds.
  path: Assets/Animations/Player/Standing 1H Magic Attack 01.fbx
  artifactKey: Guid(2cd1591868af1c745be3b7f0fdd387b8) Importer(815301076,1909f56bfc062723c751e8b465ee728b)
Start importing Assets/Animations/Player/Standing 1H Magic Attack 01.fbx using Guid(2cd1591868af1c745be3b7f0fdd387b8) Importer(815301076,1909f56bfc062723c751e8b465ee728b)  -> (artifact id: '4d84fc555d2e604b5cbcbe570b2345eb') in 0.012316 seconds 
  Import took 0.016017 seconds .

========================================================================
Received Import Request.
  Time since last request: 0.000251 seconds.
  path: Assets/Animations/Player/Standing 2H Magic Area Attack 01.fbx
  artifactKey: Guid(9785d3f36e29cf848a5448294c0e08e4) Importer(815301076,1909f56bfc062723c751e8b465ee728b)
Start importing Assets/Animations/Player/Standing 2H Magic Area Attack 01.fbx using Guid(9785d3f36e29cf848a5448294c0e08e4) Importer(815301076,1909f56bfc062723c751e8b465ee728b)  -> (artifact id: 'b79431aa26c146c1b8f54dfa3db46d7a') in 0.013569 seconds 
  Import took 0.017545 seconds .

========================================================================
Received Import Request.
  Time since last request: 0.000318 seconds.
  path: Assets/Animations/Player/Standing 2H Magic Attack 03.fbx
  artifactKey: Guid(0a4946d183f512e47bdaada6c1b527a9) Importer(815301076,1909f56bfc062723c751e8b465ee728b)
Start importing Assets/Animations/Player/Standing 2H Magic Attack 03.fbx using Guid(0a4946d183f512e47bdaada6c1b527a9) Importer(815301076,1909f56bfc062723c751e8b465ee728b)  -> (artifact id: '126ff3ed9e7cf6767417c6fa4d8659e0') in 0.013022 seconds 
  Import took 0.017732 seconds .

========================================================================
Received Import Request.
  Time since last request: 0.000266 seconds.
  path: Assets/Animations/Player/Standing 2H Magic Attack 01.fbx
  artifactKey: Guid(de091b5c43193584890cec9c3e17b09c) Importer(815301076,1909f56bfc062723c751e8b465ee728b)
Start importing Assets/Animations/Player/Standing 2H Magic Attack 01.fbx using Guid(de091b5c43193584890cec9c3e17b09c) Importer(815301076,1909f56bfc062723c751e8b465ee728b)  -> (artifact id: 'e05aef02d7f379db85157c64e7321a1b') in 0.014807 seconds 
  Import took 0.019558 seconds .

========================================================================
Received Import Request.
  Time since last request: 0.000256 seconds.
  path: Assets/Animations/Player/standing idle.fbx
  artifactKey: Guid(ef0304d9e1dd1a6478235f8a2881c548) Importer(815301076,1909f56bfc062723c751e8b465ee728b)
Start importing Assets/Animations/Player/standing idle.fbx using Guid(ef0304d9e1dd1a6478235f8a2881c548) Importer(815301076,1909f56bfc062723c751e8b465ee728b)  -> (artifact id: 'afb15b36f50190ad13c72d5ad56ab18d') in 0.012734 seconds 
  Import took 0.017160 seconds .

========================================================================
Received Import Request.
  Time since last request: 0.000343 seconds.
  path: Assets/Animations/Player/Standing 2H Magic Attack 04.fbx
  artifactKey: Guid(9e27a5112c341ac42832f674a6d64ab3) Importer(815301076,1909f56bfc062723c751e8b465ee728b)
Start importing Assets/Animations/Player/Standing 2H Magic Attack 04.fbx using Guid(9e27a5112c341ac42832f674a6d64ab3) Importer(815301076,1909f56bfc062723c751e8b465ee728b)  -> (artifact id: '6df40cefcf301af4c1095a921bd6a408') in 0.017768 seconds 
  Import took 0.023398 seconds .

========================================================================
Received Import Request.
  Time since last request: 0.000297 seconds.
  path: Assets/Animations/Player/Standing 1H Magic Attack 03.fbx
  artifactKey: Guid(4cd657504a2797f43bca9ad2c6817441) Importer(815301076,1909f56bfc062723c751e8b465ee728b)
Start importing Assets/Animations/Player/Standing 1H Magic Attack 03.fbx using Guid(4cd657504a2797f43bca9ad2c6817441) Importer(815301076,1909f56bfc062723c751e8b465ee728b)  -> (artifact id: 'e02f8eab7b9a0ec50308d6f3d00c211a') in 0.011983 seconds 
  Import took 0.016457 seconds .

========================================================================
Received Import Request.
  Time since last request: 0.000276 seconds.
  path: Assets/Animations/Player/Standing 2H Magic Attack 02.fbx
  artifactKey: Guid(407a9238a3a2278438221a7f2653a473) Importer(815301076,1909f56bfc062723c751e8b465ee728b)
Start importing Assets/Animations/Player/Standing 2H Magic Attack 02.fbx using Guid(407a9238a3a2278438221a7f2653a473) Importer(815301076,1909f56bfc062723c751e8b465ee728b)  -> (artifact id: '483a9eeb2a6629f90856e3bbea92b14f') in 0.012108 seconds 
  Import took 0.017011 seconds .

========================================================================
Received Import Request.
  Time since last request: 0.000301 seconds.
  path: Assets/Animations/Player/Standing 2H Cast Spell 01.fbx
  artifactKey: Guid(f341a7ef8edd82d41be5a6d557666eba) Importer(815301076,1909f56bfc062723c751e8b465ee728b)
Start importing Assets/Animations/Player/Standing 2H Cast Spell 01.fbx using Guid(f341a7ef8edd82d41be5a6d557666eba) Importer(815301076,1909f56bfc062723c751e8b465ee728b)  -> (artifact id: '6c39d3a251e105d535105ca9a15c3ca2') in 0.017228 seconds 
  Import took 0.021707 seconds .

========================================================================
Received Import Request.
  Time since last request: 0.000458 seconds.
  path: Assets/Animations/Player/Standing 1H Magic Attack 02.fbx
  artifactKey: Guid(331f3a92d34451c4bb896968fc6ca8d4) Importer(815301076,1909f56bfc062723c751e8b465ee728b)
Start importing Assets/Animations/Player/Standing 1H Magic Attack 02.fbx using Guid(331f3a92d34451c4bb896968fc6ca8d4) Importer(815301076,1909f56bfc062723c751e8b465ee728b)  -> (artifact id: '897d8f3a2b6a8b79fcc19e70652f0934') in 0.012460 seconds 
  Import took 0.016563 seconds .

========================================================================
Received Import Request.
  Time since last request: 0.000282 seconds.
  path: Assets/Animations/Player/Standing 2H Magic Attack 05.fbx
  artifactKey: Guid(6d22845115c0cec44a12129f884a809d) Importer(815301076,1909f56bfc062723c751e8b465ee728b)
Start importing Assets/Animations/Player/Standing 2H Magic Attack 05.fbx using Guid(6d22845115c0cec44a12129f884a809d) Importer(815301076,1909f56bfc062723c751e8b465ee728b)  -> (artifact id: 'f3d85394213cbabb8babc5a52e884ebd') in 0.014968 seconds 
  Import took 0.019015 seconds .

========================================================================
Received Import Request.
  Time since last request: 22.144015 seconds.
  path: Assets/Animations/Player/Spells/Standing 1H Magic Attack 03.fbx
  artifactKey: Guid(4cd657504a2797f43bca9ad2c6817441) Importer(815301076,1909f56bfc062723c751e8b465ee728b)
Start importing Assets/Animations/Player/Spells/Standing 1H Magic Attack 03.fbx using Guid(4cd657504a2797f43bca9ad2c6817441) Importer(815301076,1909f56bfc062723c751e8b465ee728b)  -> (artifact id: '19a49674885ff649d290766470e3d7a7') in 0.015725 seconds 
  Import took 0.021395 seconds .

========================================================================
Received Import Request.
  Time since last request: 0.019844 seconds.
  path: Assets/Animations/Player/Spells/Standing 1H Magic Attack 03.fbx
  artifactKey: Guid(4cd657504a2797f43bca9ad2c6817441) Importer(815301076,1909f56bfc062723c751e8b465ee728b)
Start importing Assets/Animations/Player/Spells/Standing 1H Magic Attack 03.fbx using Guid(4cd657504a2797f43bca9ad2c6817441) Importer(815301076,1909f56bfc062723c751e8b465ee728b)  -> (artifact id: '19a49674885ff649d290766470e3d7a7') in 0.011530 seconds 
  Import took 0.015830 seconds .

========================================================================
Received Import Request.
  Time since last request: 0.000264 seconds.
  path: Assets/Animations/Player/Spells/Standing 2H Magic Area Attack 02.fbx
  artifactKey: Guid(749b2b696ce94ef42bb5ac6e46bb65a6) Importer(815301076,1909f56bfc062723c751e8b465ee728b)
Start importing Assets/Animations/Player/Spells/Standing 2H Magic Area Attack 02.fbx using Guid(749b2b696ce94ef42bb5ac6e46bb65a6) Importer(815301076,1909f56bfc062723c751e8b465ee728b)  -> (artifact id: 'd8004284dae138499d619244f7873ef5') in 0.011859 seconds 
  Import took 0.015542 seconds .

========================================================================
Received Import Request.
  Time since last request: 0.000282 seconds.
  path: Assets/Animations/Player/Spells/Standing 1H Magic Attack 01.fbx
  artifactKey: Guid(2cd1591868af1c745be3b7f0fdd387b8) Importer(815301076,1909f56bfc062723c751e8b465ee728b)
Start importing Assets/Animations/Player/Spells/Standing 1H Magic Attack 01.fbx using Guid(2cd1591868af1c745be3b7f0fdd387b8) Importer(815301076,1909f56bfc062723c751e8b465ee728b)  -> (artifact id: '1240bd7b523dc117c4def22ea88a6a9a') in 0.013194 seconds 
  Import took 0.017519 seconds .

========================================================================
Received Import Request.
  Time since last request: 0.000612 seconds.
  path: Assets/Animations/Player/Spells/Standing 2H Magic Area Attack 01.fbx
  artifactKey: Guid(9785d3f36e29cf848a5448294c0e08e4) Importer(815301076,1909f56bfc062723c751e8b465ee728b)
Start importing Assets/Animations/Player/Spells/Standing 2H Magic Area Attack 01.fbx using Guid(9785d3f36e29cf848a5448294c0e08e4) Importer(815301076,1909f56bfc062723c751e8b465ee728b)  -> (artifact id: '82150a0331a9796461192ffce9bfc938') in 0.016227 seconds 
  Import took 0.024315 seconds .

========================================================================
Received Import Request.
  Time since last request: 0.000698 seconds.
  path: Assets/Animations/Player/Spells/Standing 2H Magic Attack 03.fbx
  artifactKey: Guid(0a4946d183f512e47bdaada6c1b527a9) Importer(815301076,1909f56bfc062723c751e8b465ee728b)
Start importing Assets/Animations/Player/Spells/Standing 2H Magic Attack 03.fbx using Guid(0a4946d183f512e47bdaada6c1b527a9) Importer(815301076,1909f56bfc062723c751e8b465ee728b)  -> (artifact id: '53a30b8b3382c23c0dec5fe963746e3a') in 0.021475 seconds 
  Import took 0.031159 seconds .

========================================================================
Received Import Request.
  Time since last request: 0.000758 seconds.
  path: Assets/Animations/Player/Spells/Standing 2H Magic Attack 01.fbx
  artifactKey: Guid(de091b5c43193584890cec9c3e17b09c) Importer(815301076,1909f56bfc062723c751e8b465ee728b)
Start importing Assets/Animations/Player/Spells/Standing 2H Magic Attack 01.fbx using Guid(de091b5c43193584890cec9c3e17b09c) Importer(815301076,1909f56bfc062723c751e8b465ee728b)  -> (artifact id: 'f50d1f6f3fed4baec830b209bb2a2b16') in 0.014920 seconds 
  Import took 0.020893 seconds .

========================================================================
Received Import Request.
  Time since last request: 0.000311 seconds.
  path: Assets/Animations/Player/Spells/standing 1H cast spell 01.fbx
  artifactKey: Guid(efb8eb93ce273944287126a330fd7937) Importer(815301076,1909f56bfc062723c751e8b465ee728b)
Start importing Assets/Animations/Player/Spells/standing 1H cast spell 01.fbx using Guid(efb8eb93ce273944287126a330fd7937) Importer(815301076,1909f56bfc062723c751e8b465ee728b)  -> (artifact id: '894d73995d1d0711aab1f5543cb8fe90') in 0.013244 seconds 
  Import took 0.019805 seconds .

========================================================================
Received Import Request.
  Time since last request: 0.000637 seconds.
  path: Assets/Animations/Player/Spells/standing idle.fbx
  artifactKey: Guid(ef0304d9e1dd1a6478235f8a2881c548) Importer(815301076,1909f56bfc062723c751e8b465ee728b)
Start importing Assets/Animations/Player/Spells/standing idle.fbx using Guid(ef0304d9e1dd1a6478235f8a2881c548) Importer(815301076,1909f56bfc062723c751e8b465ee728b)  -> (artifact id: 'b77b88a6589f7390a662da2481e9846e') in 0.015622 seconds 
  Import took 0.023227 seconds .

========================================================================
Received Import Request.
  Time since last request: 0.000311 seconds.
  path: Assets/Animations/Player/Spells/Standing 2H Magic Attack 04.fbx
  artifactKey: Guid(9e27a5112c341ac42832f674a6d64ab3) Importer(815301076,1909f56bfc062723c751e8b465ee728b)
Start importing Assets/Animations/Player/Spells/Standing 2H Magic Attack 04.fbx using Guid(9e27a5112c341ac42832f674a6d64ab3) Importer(815301076,1909f56bfc062723c751e8b465ee728b)  -> (artifact id: 'bb4eab7393941b057e341b7f3754c10c') in 0.013476 seconds 
  Import took 0.018576 seconds .

========================================================================
Received Import Request.
  Time since last request: 0.000313 seconds.
  path: Assets/Animations/Player/Spells/Standing 2H Magic Attack 02.fbx
  artifactKey: Guid(407a9238a3a2278438221a7f2653a473) Importer(815301076,1909f56bfc062723c751e8b465ee728b)
Start importing Assets/Animations/Player/Spells/Standing 2H Magic Attack 02.fbx using Guid(407a9238a3a2278438221a7f2653a473) Importer(815301076,1909f56bfc062723c751e8b465ee728b)  -> (artifact id: '22e6b039d8c4fa0f09547672ff902020') in 0.014583 seconds 
  Import took 0.019051 seconds .

========================================================================
Received Import Request.
  Time since last request: 0.000402 seconds.
  path: Assets/Animations/Player/Spells/Standing 2H Cast Spell 01.fbx
  artifactKey: Guid(f341a7ef8edd82d41be5a6d557666eba) Importer(815301076,1909f56bfc062723c751e8b465ee728b)
Start importing Assets/Animations/Player/Spells/Standing 2H Cast Spell 01.fbx using Guid(f341a7ef8edd82d41be5a6d557666eba) Importer(815301076,1909f56bfc062723c751e8b465ee728b)  -> (artifact id: '86b46dbf03c06633aaffc60596e6ddb5') in 0.012828 seconds 
  Import took 0.017410 seconds .

========================================================================
Received Import Request.
  Time since last request: 0.000275 seconds.
  path: Assets/Animations/Player/Spells/Standing 1H Magic Attack 02.fbx
  artifactKey: Guid(331f3a92d34451c4bb896968fc6ca8d4) Importer(815301076,1909f56bfc062723c751e8b465ee728b)
Start importing Assets/Animations/Player/Spells/Standing 1H Magic Attack 02.fbx using Guid(331f3a92d34451c4bb896968fc6ca8d4) Importer(815301076,1909f56bfc062723c751e8b465ee728b)  -> (artifact id: '725b31cfbacd4ee33a00b4ec8575e237') in 0.012775 seconds 
  Import took 0.017163 seconds .

========================================================================
Received Import Request.
  Time since last request: 0.000369 seconds.
  path: Assets/Animations/Player/Spells/Standing 2H Magic Attack 05.fbx
  artifactKey: Guid(6d22845115c0cec44a12129f884a809d) Importer(815301076,1909f56bfc062723c751e8b465ee728b)
Start importing Assets/Animations/Player/Spells/Standing 2H Magic Attack 05.fbx using Guid(6d22845115c0cec44a12129f884a809d) Importer(815301076,1909f56bfc062723c751e8b465ee728b)  -> (artifact id: 'a51998d45fe5fea00bd1167a935cf520') in 0.014953 seconds 
  Import took 0.019975 seconds .

========================================================================
Received Import Request.
  Time since last request: 0.000315 seconds.
  path: Assets/Animations/Player/Spells/Standing 2H Cast Spell 01.fbx
  artifactKey: Guid(f341a7ef8edd82d41be5a6d557666eba) Importer(815301076,1909f56bfc062723c751e8b465ee728b)
Start importing Assets/Animations/Player/Spells/Standing 2H Cast Spell 01.fbx using Guid(f341a7ef8edd82d41be5a6d557666eba) Importer(815301076,1909f56bfc062723c751e8b465ee728b)  -> (artifact id: '86b46dbf03c06633aaffc60596e6ddb5') in 0.012925 seconds 
  Import took 0.017310 seconds .

========================================================================
Received Import Request.
  Time since last request: 0.000360 seconds.
  path: Assets/Animations/Player/Spells/Standing 2H Magic Attack 05.fbx
  artifactKey: Guid(6d22845115c0cec44a12129f884a809d) Importer(815301076,1909f56bfc062723c751e8b465ee728b)
Start importing Assets/Animations/Player/Spells/Standing 2H Magic Attack 05.fbx using Guid(6d22845115c0cec44a12129f884a809d) Importer(815301076,1909f56bfc062723c751e8b465ee728b)  -> (artifact id: 'a51998d45fe5fea00bd1167a935cf520') in 0.014372 seconds 
  Import took 0.019393 seconds .

========================================================================
Received Import Request.
  Time since last request: 258.931736 seconds.
  path: Assets/Animations/Player/Spells/mixamo.com.anim
  artifactKey: Guid(991a488d850242149b43965a5ed00d81) Importer(815301076,1909f56bfc062723c751e8b465ee728b)
Start importing Assets/Animations/Player/Spells/mixamo.com.anim using Guid(991a488d850242149b43965a5ed00d81) Importer(815301076,1909f56bfc062723c751e8b465ee728b)  -> (artifact id: 'a4401212fbdf46c81981555bc1b02e3a') in 0.039494 seconds 
  Import took 0.043685 seconds .

========================================================================
Received Import Request.
  Time since last request: 34.071441 seconds.
  path: Assets/Animations/Player/Spells/Cast Spell.anim
  artifactKey: Guid(991a488d850242149b43965a5ed00d81) Importer(815301076,1909f56bfc062723c751e8b465ee728b)
Start importing Assets/Animations/Player/Spells/Cast Spell.anim using Guid(991a488d850242149b43965a5ed00d81) Importer(815301076,1909f56bfc062723c751e8b465ee728b)  -> (artifact id: 'f342885b8baee70e51b9586046dc2b20') in 0.038007 seconds 
  Import took 0.043707 seconds .

========================================================================
Received Import Request.
  Time since last request: 83.372345 seconds.
  path: Assets/Animations/Player/Spells/mixamo.com.anim
  artifactKey: Guid(d2af7b4b5a3940043849f751e01756c4) Importer(815301076,1909f56bfc062723c751e8b465ee728b)
Start importing Assets/Animations/Player/Spells/mixamo.com.anim using Guid(d2af7b4b5a3940043849f751e01756c4) Importer(815301076,1909f56bfc062723c751e8b465ee728b)  -> (artifact id: 'a396fe4d142eedffa115a3e6c20e2434') in 0.027426 seconds 
  Import took 0.031978 seconds .

========================================================================
Received Import Request.
  Time since last request: 22.309729 seconds.
  path: Assets/Animations/Player/Spells/Cast Spell.anim
  artifactKey: Guid(d2af7b4b5a3940043849f751e01756c4) Importer(815301076,1909f56bfc062723c751e8b465ee728b)
Start importing Assets/Animations/Player/Spells/Cast Spell.anim using Guid(d2af7b4b5a3940043849f751e01756c4) Importer(815301076,1909f56bfc062723c751e8b465ee728b)  -> (artifact id: '23ea50843b2d1ef4b4ba8296d48e4c49') in 0.025574 seconds 
  Import took 0.029766 seconds .

========================================================================
Received Import Request.
  Time since last request: 135.403891 seconds.
  path: Assets/Animations/Player/Player Movement
  artifactKey: Guid(f6af3c884c08a3d46a7a1e0f6a69ee93) Importer(815301076,1909f56bfc062723c751e8b465ee728b)
Start importing Assets/Animations/Player/Player Movement using Guid(f6af3c884c08a3d46a7a1e0f6a69ee93) Importer(815301076,1909f56bfc062723c751e8b465ee728b)  -> (artifact id: '567b6afdfda76396beab07b08b6b8936') in 0.005359 seconds 
  Import took 0.009045 seconds .

========================================================================
Received Import Request.
  Time since last request: 0.001402 seconds.
  path: Assets/Animations/Player/Player Movement
  artifactKey: Guid(f6af3c884c08a3d46a7a1e0f6a69ee93) Importer(815301076,1909f56bfc062723c751e8b465ee728b)
Start importing Assets/Animations/Player/Player Movement using Guid(f6af3c884c08a3d46a7a1e0f6a69ee93) Importer(815301076,1909f56bfc062723c751e8b465ee728b)  -> (artifact id: '567b6afdfda76396beab07b08b6b8936') in 0.004353 seconds 
  Import took 0.007801 seconds .

========================================================================
Received Import Request.
  Time since last request: 1.628482 seconds.
  path: Assets/Animations/Player/Dead.anim
  artifactKey: Guid(16f83ba0ecfc3e040bdbb0afe0fd70c9) Importer(815301076,1909f56bfc062723c751e8b465ee728b)
Start importing Assets/Animations/Player/Dead.anim using Guid(16f83ba0ecfc3e040bdbb0afe0fd70c9) Importer(815301076,1909f56bfc062723c751e8b465ee728b)  -> (artifact id: 'ee636b2471262b03b13ea338ec803a96') in 0.025752 seconds 
  Import took 0.029649 seconds .

========================================================================
Received Import Request.
  Time since last request: 0.007502 seconds.
  path: Assets/Animations/Player/Dead.anim
  artifactKey: Guid(16f83ba0ecfc3e040bdbb0afe0fd70c9) Importer(815301076,1909f56bfc062723c751e8b465ee728b)
Start importing Assets/Animations/Player/Dead.anim using Guid(16f83ba0ecfc3e040bdbb0afe0fd70c9) Importer(815301076,1909f56bfc062723c751e8b465ee728b)  -> (artifact id: 'ee636b2471262b03b13ea338ec803a96') in 0.024670 seconds 
  Import took 0.028566 seconds .

========================================================================
Received Prepare
Registering precompiled user dll's ...
Registered in 0.008350 seconds.
Begin MonoManager ReloadAssembly
Native extension for WindowsStandalone target not found
Native extension for WebGL target not found
Refreshing native plugins compatible for Editor in 1.05 ms, found 2 plugins.
Preloading 0 native plugins for Editor in 0.00 ms.
Mono: successfully reloaded assembly
- Completed reload, in  1.288 seconds
Domain Reload Profiling:
	ReloadAssembly (1289ms)
		BeginReloadAssembly (170ms)
			ExecutionOrderSort (0ms)
			DisableScriptedObjects (5ms)
			BackupInstance (0ms)
			ReleaseScriptingObjects (0ms)
			CreateAndSetChildDomain (37ms)
		EndReloadAssembly (1019ms)
			LoadAssemblies (146ms)
			RebuildTransferFunctionScriptingTraits (0ms)
			SetupTypeCache (315ms)
			ReleaseScriptCaches (1ms)
			RebuildScriptCaches (41ms)
			SetupLoadedEditorAssemblies (413ms)
				LogAssemblyErrors (0ms)
				InitializePlatformSupportModulesInManaged (7ms)
				SetLoadedEditorAssemblies (0ms)
				RefreshPlugins (1ms)
				BeforeProcessingInitializeOnLoad (115ms)
				ProcessInitializeOnLoadAttributes (260ms)
				ProcessInitializeOnLoadMethodAttributes (3ms)
				AfterProcessingInitializeOnLoad (26ms)
				EditorAssembliesLoaded (0ms)
			ExecutionOrderSort2 (0ms)
			AwakeInstancesAfterBackupRestoration (9ms)
Platform modules already initialized, skipping
Refreshing native plugins compatible for Editor in 1.16 ms, found 2 plugins.
Preloading 0 native plugins for Editor in 0.00 ms.
Unloading 2133 Unused Serialized files (Serialized files now loaded: 0)
System memory in use before: 117.2 MB.
System memory in use after: 117.3 MB.

Unloading 12 unused Assets to reduce memory usage. Loaded Objects now: 2655.
Total: 2.669700 ms (FindLiveObjects: 0.224200 ms CreateObjectMapping: 0.051300 ms MarkObjects: 2.309000 ms  DeleteObjects: 0.084000 ms)

AssetImportParameters requested are different than current active one (requested -> active):
  custom:framework-win-MediaFoundation: 216162199b28c13a410421893ffa2e32 -> 
  custom:video-decoder-ogg-theora: a1e56fd34408186e4bbccfd4996cb3dc -> 
  custom:container-muxer-webm: aa71ff27fc2769a1b78a27578f13a17b -> 
  custom:container-demuxer-webm: 4f35f7cbe854078d1ac9338744f61a02 -> 
  custom:container-demuxer-ogg: 62fdf1f143b41e24485cea50d1cbac27 -> 
  custom:video-encoder-webm-vp8: eb34c28f22e8b96e1ab97ce403110664 -> 
  custom:video-decoder-webm-vp8: 9c59270c3fd7afecdb556c50c9e8de78 -> 
  custom:audio-decoder-ogg-vorbis: bf7c407c2cedff20999df2af8eb42d56 -> 
  custom:audio-encoder-webm-vorbis: bf7c407c2cedff20999df2af8eb42d56 -> 
AssetImportWorkerClient::OnTransportError - code=2 error=End of file
